<?xml version="1.0" encoding="UTF-8"?>
<testsuite xmlns:xsi="http://www.w3.org/2001/XMLSchema-instance" xsi:noNamespaceSchemaLocation="https://maven.apache.org/surefire/maven-surefire-plugin/xsd/surefire-test-report.xsd" name="com.boot.security.server.SecurityApplicationTest" time="13.897" tests="1" errors="1" skipped="0" failures="0">
  <properties>
    <property name="sun.desktop" value="windows"/>
    <property name="awt.toolkit" value="sun.awt.windows.WToolkit"/>
    <property name="file.encoding.pkg" value="sun.io"/>
    <property name="java.specification.version" value="1.8"/>
    <property name="sun.cpu.isalist" value="amd64"/>
    <property name="sun.jnu.encoding" value="GBK"/>
    <property name="java.class.path" value="E:\java\01、boot-security源码\boot-security源码\target\test-classes;E:\java\01、boot-security源码\boot-security源码\target\classes;E:\java\apache-maven-3.6.0-bin\rep\org\springframework\boot\spring-boot-starter-test\2.0.2.RELEASE\spring-boot-starter-test-2.0.2.RELEASE.jar;E:\java\apache-maven-3.6.0-bin\rep\org\springframework\boot\spring-boot-starter\2.0.2.RELEASE\spring-boot-starter-2.0.2.RELEASE.jar;E:\java\apache-maven-3.6.0-bin\rep\org\springframework\boot\spring-boot\2.0.2.RELEASE\spring-boot-2.0.2.RELEASE.jar;E:\java\apache-maven-3.6.0-bin\rep\org\springframework\boot\spring-boot-starter-logging\2.0.2.RELEASE\spring-boot-starter-logging-2.0.2.RELEASE.jar;E:\java\apache-maven-3.6.0-bin\rep\ch\qos\logback\logback-classic\1.2.3\logback-classic-1.2.3.jar;E:\java\apache-maven-3.6.0-bin\rep\ch\qos\logback\logback-core\1.2.3\logback-core-1.2.3.jar;E:\java\apache-maven-3.6.0-bin\rep\org\apache\logging\log4j\log4j-to-slf4j\2.10.0\log4j-to-slf4j-2.10.0.jar;E:\java\apache-maven-3.6.0-bin\rep\org\apache\logging\log4j\log4j-api\2.10.0\log4j-api-2.10.0.jar;E:\java\apache-maven-3.6.0-bin\rep\org\slf4j\jul-to-slf4j\1.7.25\jul-to-slf4j-1.7.25.jar;E:\java\apache-maven-3.6.0-bin\rep\javax\annotation\javax.annotation-api\1.3.2\javax.annotation-api-1.3.2.jar;E:\java\apache-maven-3.6.0-bin\rep\org\yaml\snakeyaml\1.19\snakeyaml-1.19.jar;E:\java\apache-maven-3.6.0-bin\rep\org\springframework\boot\spring-boot-test\2.0.2.RELEASE\spring-boot-test-2.0.2.RELEASE.jar;E:\java\apache-maven-3.6.0-bin\rep\org\springframework\boot\spring-boot-test-autoconfigure\2.0.2.RELEASE\spring-boot-test-autoconfigure-2.0.2.RELEASE.jar;E:\java\apache-maven-3.6.0-bin\rep\com\jayway\jsonpath\json-path\2.4.0\json-path-2.4.0.jar;E:\java\apache-maven-3.6.0-bin\rep\net\minidev\json-smart\2.3\json-smart-2.3.jar;E:\java\apache-maven-3.6.0-bin\rep\net\minidev\accessors-smart\1.2\accessors-smart-1.2.jar;E:\java\apache-maven-3.6.0-bin\rep\org\ow2\asm\asm\5.0.4\asm-5.0.4.jar;E:\java\apache-maven-3.6.0-bin\rep\junit\junit\4.12\junit-4.12.jar;E:\java\apache-maven-3.6.0-bin\rep\org\assertj\assertj-core\3.9.1\assertj-core-3.9.1.jar;E:\java\apache-maven-3.6.0-bin\rep\org\mockito\mockito-core\2.15.0\mockito-core-2.15.0.jar;E:\java\apache-maven-3.6.0-bin\rep\net\bytebuddy\byte-buddy\1.7.11\byte-buddy-1.7.11.jar;E:\java\apache-maven-3.6.0-bin\rep\net\bytebuddy\byte-buddy-agent\1.7.11\byte-buddy-agent-1.7.11.jar;E:\java\apache-maven-3.6.0-bin\rep\org\objenesis\objenesis\2.6\objenesis-2.6.jar;E:\java\apache-maven-3.6.0-bin\rep\org\hamcrest\hamcrest-core\1.3\hamcrest-core-1.3.jar;E:\java\apache-maven-3.6.0-bin\rep\org\hamcrest\hamcrest-library\1.3\hamcrest-library-1.3.jar;E:\java\apache-maven-3.6.0-bin\rep\org\skyscreamer\jsonassert\1.5.0\jsonassert-1.5.0.jar;E:\java\apache-maven-3.6.0-bin\rep\com\vaadin\external\google\android-json\0.0.20131108.vaadin1\android-json-0.0.20131108.vaadin1.jar;E:\java\apache-maven-3.6.0-bin\rep\org\springframework\spring-core\5.0.6.RELEASE\spring-core-5.0.6.RELEASE.jar;E:\java\apache-maven-3.6.0-bin\rep\org\springframework\spring-jcl\5.0.6.RELEASE\spring-jcl-5.0.6.RELEASE.jar;E:\java\apache-maven-3.6.0-bin\rep\org\springframework\spring-test\5.0.6.RELEASE\spring-test-5.0.6.RELEASE.jar;E:\java\apache-maven-3.6.0-bin\rep\org\xmlunit\xmlunit-core\2.5.1\xmlunit-core-2.5.1.jar;E:\java\apache-maven-3.6.0-bin\rep\org\springframework\boot\spring-boot-starter-aop\2.0.2.RELEASE\spring-boot-starter-aop-2.0.2.RELEASE.jar;E:\java\apache-maven-3.6.0-bin\rep\org\springframework\spring-aop\5.0.6.RELEASE\spring-aop-5.0.6.RELEASE.jar;E:\java\apache-maven-3.6.0-bin\rep\org\aspectj\aspectjweaver\1.8.13\aspectjweaver-1.8.13.jar;E:\java\apache-maven-3.6.0-bin\rep\org\springframework\boot\spring-boot-starter-actuator\2.0.2.RELEASE\spring-boot-starter-actuator-2.0.2.RELEASE.jar;E:\java\apache-maven-3.6.0-bin\rep\org\springframework\boot\spring-boot-actuator-autoconfigure\2.0.2.RELEASE\spring-boot-actuator-autoconfigure-2.0.2.RELEASE.jar;E:\java\apache-maven-3.6.0-bin\rep\org\springframework\boot\spring-boot-actuator\2.0.2.RELEASE\spring-boot-actuator-2.0.2.RELEASE.jar;E:\java\apache-maven-3.6.0-bin\rep\com\fasterxml\jackson\datatype\jackson-datatype-jsr310\2.9.5\jackson-datatype-jsr310-2.9.5.jar;E:\java\apache-maven-3.6.0-bin\rep\io\micrometer\micrometer-core\1.0.4\micrometer-core-1.0.4.jar;E:\java\apache-maven-3.6.0-bin\rep\org\hdrhistogram\HdrHistogram\2.1.10\HdrHistogram-2.1.10.jar;E:\java\apache-maven-3.6.0-bin\rep\org\latencyutils\LatencyUtils\2.0.3\LatencyUtils-2.0.3.jar;E:\java\apache-maven-3.6.0-bin\rep\com\google\guava\guava\23.0\guava-23.0.jar;E:\java\apache-maven-3.6.0-bin\rep\com\google\code\findbugs\jsr305\1.3.9\jsr305-1.3.9.jar;E:\java\apache-maven-3.6.0-bin\rep\com\google\errorprone\error_prone_annotations\2.0.18\error_prone_annotations-2.0.18.jar;E:\java\apache-maven-3.6.0-bin\rep\com\google\j2objc\j2objc-annotations\1.1\j2objc-annotations-1.1.jar;E:\java\apache-maven-3.6.0-bin\rep\org\codehaus\mojo\animal-sniffer-annotations\1.14\animal-sniffer-annotations-1.14.jar;E:\java\apache-maven-3.6.0-bin\rep\org\apache\commons\commons-lang3\3.7\commons-lang3-3.7.jar;E:\java\apache-maven-3.6.0-bin\rep\com\fasterxml\jackson\core\jackson-databind\2.9.5\jackson-databind-2.9.5.jar;E:\java\apache-maven-3.6.0-bin\rep\com\fasterxml\jackson\core\jackson-core\2.9.5\jackson-core-2.9.5.jar;E:\java\apache-maven-3.6.0-bin\rep\com\fasterxml\jackson\core\jackson-annotations\2.9.0\jackson-annotations-2.9.0.jar;E:\java\apache-maven-3.6.0-bin\rep\commons-codec\commons-codec\1.11\commons-codec-1.11.jar;E:\java\apache-maven-3.6.0-bin\rep\com\alibaba\fastjson\1.2.47\fastjson-1.2.47.jar;E:\java\apache-maven-3.6.0-bin\rep\org\springframework\boot\spring-boot-starter-web\2.0.2.RELEASE\spring-boot-starter-web-2.0.2.RELEASE.jar;E:\java\apache-maven-3.6.0-bin\rep\org\springframework\boot\spring-boot-starter-json\2.0.2.RELEASE\spring-boot-starter-json-2.0.2.RELEASE.jar;E:\java\apache-maven-3.6.0-bin\rep\com\fasterxml\jackson\datatype\jackson-datatype-jdk8\2.9.5\jackson-datatype-jdk8-2.9.5.jar;E:\java\apache-maven-3.6.0-bin\rep\com\fasterxml\jackson\module\jackson-module-parameter-names\2.9.5\jackson-module-parameter-names-2.9.5.jar;E:\java\apache-maven-3.6.0-bin\rep\org\springframework\boot\spring-boot-starter-tomcat\2.0.2.RELEASE\spring-boot-starter-tomcat-2.0.2.RELEASE.jar;E:\java\apache-maven-3.6.0-bin\rep\org\apache\tomcat\embed\tomcat-embed-core\8.5.31\tomcat-embed-core-8.5.31.jar;E:\java\apache-maven-3.6.0-bin\rep\org\apache\tomcat\embed\tomcat-embed-el\8.5.31\tomcat-embed-el-8.5.31.jar;E:\java\apache-maven-3.6.0-bin\rep\org\apache\tomcat\embed\tomcat-embed-websocket\8.5.31\tomcat-embed-websocket-8.5.31.jar;E:\java\apache-maven-3.6.0-bin\rep\org\hibernate\validator\hibernate-validator\6.0.9.Final\hibernate-validator-6.0.9.Final.jar;E:\java\apache-maven-3.6.0-bin\rep\javax\validation\validation-api\2.0.1.Final\validation-api-2.0.1.Final.jar;E:\java\apache-maven-3.6.0-bin\rep\org\jboss\logging\jboss-logging\3.3.2.Final\jboss-logging-3.3.2.Final.jar;E:\java\apache-maven-3.6.0-bin\rep\org\springframework\spring-web\5.0.6.RELEASE\spring-web-5.0.6.RELEASE.jar;E:\java\apache-maven-3.6.0-bin\rep\org\springframework\spring-webmvc\5.0.6.RELEASE\spring-webmvc-5.0.6.RELEASE.jar;E:\java\apache-maven-3.6.0-bin\rep\org\springframework\spring-expression\5.0.6.RELEASE\spring-expression-5.0.6.RELEASE.jar;E:\java\apache-maven-3.6.0-bin\rep\org\springframework\boot\spring-boot-starter-security\2.0.2.RELEASE\spring-boot-starter-security-2.0.2.RELEASE.jar;E:\java\apache-maven-3.6.0-bin\rep\org\springframework\security\spring-security-config\5.0.5.RELEASE\spring-security-config-5.0.5.RELEASE.jar;E:\java\apache-maven-3.6.0-bin\rep\org\springframework\security\spring-security-core\5.0.5.RELEASE\spring-security-core-5.0.5.RELEASE.jar;E:\java\apache-maven-3.6.0-bin\rep\org\springframework\security\spring-security-web\5.0.5.RELEASE\spring-security-web-5.0.5.RELEASE.jar;E:\java\apache-maven-3.6.0-bin\rep\org\mybatis\spring\boot\mybatis-spring-boot-starter\1.3.2\mybatis-spring-boot-starter-1.3.2.jar;E:\java\apache-maven-3.6.0-bin\rep\org\springframework\boot\spring-boot-starter-jdbc\2.0.2.RELEASE\spring-boot-starter-jdbc-2.0.2.RELEASE.jar;E:\java\apache-maven-3.6.0-bin\rep\com\zaxxer\HikariCP\2.7.9\HikariCP-2.7.9.jar;E:\java\apache-maven-3.6.0-bin\rep\org\springframework\spring-jdbc\5.0.6.RELEASE\spring-jdbc-5.0.6.RELEASE.jar;E:\java\apache-maven-3.6.0-bin\rep\org\mybatis\spring\boot\mybatis-spring-boot-autoconfigure\1.3.2\mybatis-spring-boot-autoconfigure-1.3.2.jar;E:\java\apache-maven-3.6.0-bin\rep\org\mybatis\mybatis\3.4.6\mybatis-3.4.6.jar;E:\java\apache-maven-3.6.0-bin\rep\org\mybatis\mybatis-spring\1.3.2\mybatis-spring-1.3.2.jar;E:\java\apache-maven-3.6.0-bin\rep\mysql\mysql-connector-java\5.1.46\mysql-connector-java-5.1.46.jar;E:\java\apache-maven-3.6.0-bin\rep\com\alibaba\druid-spring-boot-starter\1.1.9\druid-spring-boot-starter-1.1.9.jar;E:\java\apache-maven-3.6.0-bin\rep\com\alibaba\druid\1.1.9\druid-1.1.9.jar;E:\java\apache-maven-3.6.0-bin\rep\org\slf4j\slf4j-api\1.7.25\slf4j-api-1.7.25.jar;E:\java\apache-maven-3.6.0-bin\rep\org\springframework\boot\spring-boot-autoconfigure\2.0.2.RELEASE\spring-boot-autoconfigure-2.0.2.RELEASE.jar;E:\java\apache-maven-3.6.0-bin\rep\io\springfox\springfox-swagger2\2.8.0\springfox-swagger2-2.8.0.jar;E:\java\apache-maven-3.6.0-bin\rep\io\swagger\swagger-annotations\1.5.14\swagger-annotations-1.5.14.jar;E:\java\apache-maven-3.6.0-bin\rep\io\swagger\swagger-models\1.5.14\swagger-models-1.5.14.jar;E:\java\apache-maven-3.6.0-bin\rep\io\springfox\springfox-spi\2.8.0\springfox-spi-2.8.0.jar;E:\java\apache-maven-3.6.0-bin\rep\io\springfox\springfox-core\2.8.0\springfox-core-2.8.0.jar;E:\java\apache-maven-3.6.0-bin\rep\io\springfox\springfox-schema\2.8.0\springfox-schema-2.8.0.jar;E:\java\apache-maven-3.6.0-bin\rep\io\springfox\springfox-swagger-common\2.8.0\springfox-swagger-common-2.8.0.jar;E:\java\apache-maven-3.6.0-bin\rep\io\springfox\springfox-spring-web\2.8.0\springfox-spring-web-2.8.0.jar;E:\java\apache-maven-3.6.0-bin\rep\org\reflections\reflections\0.9.11\reflections-0.9.11.jar;E:\java\apache-maven-3.6.0-bin\rep\org\javassist\javassist\3.21.0-GA\javassist-3.21.0-GA.jar;E:\java\apache-maven-3.6.0-bin\rep\com\fasterxml\classmate\1.3.4\classmate-1.3.4.jar;E:\java\apache-maven-3.6.0-bin\rep\org\springframework\plugin\spring-plugin-core\1.2.0.RELEASE\spring-plugin-core-1.2.0.RELEASE.jar;E:\java\apache-maven-3.6.0-bin\rep\org\springframework\plugin\spring-plugin-metadata\1.2.0.RELEASE\spring-plugin-metadata-1.2.0.RELEASE.jar;E:\java\apache-maven-3.6.0-bin\rep\org\mapstruct\mapstruct\1.2.0.Final\mapstruct-1.2.0.Final.jar;E:\java\apache-maven-3.6.0-bin\rep\io\springfox\springfox-bean-validators\2.8.0\springfox-bean-validators-2.8.0.jar;E:\java\apache-maven-3.6.0-bin\rep\io\springfox\springfox-swagger-ui\2.8.0\springfox-swagger-ui-2.8.0.jar;E:\java\apache-maven-3.6.0-bin\rep\org\springframework\boot\spring-boot-starter-mail\2.0.2.RELEASE\spring-boot-starter-mail-2.0.2.RELEASE.jar;E:\java\apache-maven-3.6.0-bin\rep\org\springframework\spring-context\5.0.6.RELEASE\spring-context-5.0.6.RELEASE.jar;E:\java\apache-maven-3.6.0-bin\rep\com\sun\mail\javax.mail\1.6.1\javax.mail-1.6.1.jar;E:\java\apache-maven-3.6.0-bin\rep\javax\activation\activation\1.1\activation-1.1.jar;E:\java\apache-maven-3.6.0-bin\rep\org\springframework\boot\spring-boot-starter-data-redis\2.0.2.RELEASE\spring-boot-starter-data-redis-2.0.2.RELEASE.jar;E:\java\apache-maven-3.6.0-bin\rep\org\springframework\data\spring-data-redis\2.0.7.RELEASE\spring-data-redis-2.0.7.RELEASE.jar;E:\java\apache-maven-3.6.0-bin\rep\org\springframework\data\spring-data-keyvalue\2.0.7.RELEASE\spring-data-keyvalue-2.0.7.RELEASE.jar;E:\java\apache-maven-3.6.0-bin\rep\org\springframework\data\spring-data-commons\2.0.7.RELEASE\spring-data-commons-2.0.7.RELEASE.jar;E:\java\apache-maven-3.6.0-bin\rep\org\springframework\spring-tx\5.0.6.RELEASE\spring-tx-5.0.6.RELEASE.jar;E:\java\apache-maven-3.6.0-bin\rep\org\springframework\spring-oxm\5.0.6.RELEASE\spring-oxm-5.0.6.RELEASE.jar;E:\java\apache-maven-3.6.0-bin\rep\io\lettuce\lettuce-core\5.0.4.RELEASE\lettuce-core-5.0.4.RELEASE.jar;E:\java\apache-maven-3.6.0-bin\rep\io\projectreactor\reactor-core\3.1.7.RELEASE\reactor-core-3.1.7.RELEASE.jar;E:\java\apache-maven-3.6.0-bin\rep\org\reactivestreams\reactive-streams\1.0.2\reactive-streams-1.0.2.jar;E:\java\apache-maven-3.6.0-bin\rep\io\netty\netty-common\4.1.24.Final\netty-common-4.1.24.Final.jar;E:\java\apache-maven-3.6.0-bin\rep\io\netty\netty-transport\4.1.24.Final\netty-transport-4.1.24.Final.jar;E:\java\apache-maven-3.6.0-bin\rep\io\netty\netty-buffer\4.1.24.Final\netty-buffer-4.1.24.Final.jar;E:\java\apache-maven-3.6.0-bin\rep\io\netty\netty-resolver\4.1.24.Final\netty-resolver-4.1.24.Final.jar;E:\java\apache-maven-3.6.0-bin\rep\io\netty\netty-handler\4.1.24.Final\netty-handler-4.1.24.Final.jar;E:\java\apache-maven-3.6.0-bin\rep\io\netty\netty-codec\4.1.24.Final\netty-codec-4.1.24.Final.jar;E:\java\apache-maven-3.6.0-bin\rep\org\quartz-scheduler\quartz\2.3.0\quartz-2.3.0.jar;E:\java\apache-maven-3.6.0-bin\rep\com\mchange\mchange-commons-java\0.2.11\mchange-commons-java-0.2.11.jar;E:\java\apache-maven-3.6.0-bin\rep\org\springframework\spring-context-support\5.0.6.RELEASE\spring-context-support-5.0.6.RELEASE.jar;E:\java\apache-maven-3.6.0-bin\rep\org\springframework\spring-beans\5.0.6.RELEASE\spring-beans-5.0.6.RELEASE.jar;E:\java\apache-maven-3.6.0-bin\rep\org\apache\poi\poi\3.17\poi-3.17.jar;E:\java\apache-maven-3.6.0-bin\rep\org\apache\commons\commons-collections4\4.1\commons-collections4-4.1.jar;E:\java\apache-maven-3.6.0-bin\rep\io\jsonwebtoken\jjwt\0.9.0\jjwt-0.9.0.jar;E:\java\apache-maven-3.6.0-bin\rep\org\apache\commons\commons-pool2\2.5.0\commons-pool2-2.5.0.jar;E:\java\apache-maven-3.6.0-bin\rep\redis\clients\jedis\2.6.2\jedis-2.6.2.jar;E:\java\apache-maven-3.6.0-bin\rep\com\google\code\gson\gson\2.2.4\gson-2.2.4.jar;"/>
    <property name="java.vm.vendor" value="Oracle Corporation"/>
    <property name="sun.arch.data.model" value="64"/>
    <property name="user.variant" value=""/>
    <property name="java.vendor.url" value="http://java.oracle.com/"/>
    <property name="user.timezone" value=""/>
    <property name="java.vm.specification.version" value="1.8"/>
    <property name="os.name" value="Windows 10"/>
    <property name="user.country" value="CN"/>
    <property name="sun.java.launcher" value="SUN_STANDARD"/>
    <property name="sun.boot.library.path" value="E:\java\jdk\jre\bin"/>
    <property name="sun.java.command" value="C:\Users\ADMINI~1\AppData\Local\Temp\surefire5827153118274939455\surefirebooter2373559177883842843.jar C:\Users\Administrator\AppData\Local\Temp\surefire5827153118274939455 2019-10-27T15-15-56_151-jvmRun1 surefire5870163600106333090tmp surefire_01153139429808108782tmp"/>
    <property name="surefire.test.class.path" value="E:\java\01、boot-security源码\boot-security源码\target\test-classes;E:\java\01、boot-security源码\boot-security源码\target\classes;E:\java\apache-maven-3.6.0-bin\rep\org\springframework\boot\spring-boot-starter-test\2.0.2.RELEASE\spring-boot-starter-test-2.0.2.RELEASE.jar;E:\java\apache-maven-3.6.0-bin\rep\org\springframework\boot\spring-boot-starter\2.0.2.RELEASE\spring-boot-starter-2.0.2.RELEASE.jar;E:\java\apache-maven-3.6.0-bin\rep\org\springframework\boot\spring-boot\2.0.2.RELEASE\spring-boot-2.0.2.RELEASE.jar;E:\java\apache-maven-3.6.0-bin\rep\org\springframework\boot\spring-boot-starter-logging\2.0.2.RELEASE\spring-boot-starter-logging-2.0.2.RELEASE.jar;E:\java\apache-maven-3.6.0-bin\rep\ch\qos\logback\logback-classic\1.2.3\logback-classic-1.2.3.jar;E:\java\apache-maven-3.6.0-bin\rep\ch\qos\logback\logback-core\1.2.3\logback-core-1.2.3.jar;E:\java\apache-maven-3.6.0-bin\rep\org\apache\logging\log4j\log4j-to-slf4j\2.10.0\log4j-to-slf4j-2.10.0.jar;E:\java\apache-maven-3.6.0-bin\rep\org\apache\logging\log4j\log4j-api\2.10.0\log4j-api-2.10.0.jar;E:\java\apache-maven-3.6.0-bin\rep\org\slf4j\jul-to-slf4j\1.7.25\jul-to-slf4j-1.7.25.jar;E:\java\apache-maven-3.6.0-bin\rep\javax\annotation\javax.annotation-api\1.3.2\javax.annotation-api-1.3.2.jar;E:\java\apache-maven-3.6.0-bin\rep\org\yaml\snakeyaml\1.19\snakeyaml-1.19.jar;E:\java\apache-maven-3.6.0-bin\rep\org\springframework\boot\spring-boot-test\2.0.2.RELEASE\spring-boot-test-2.0.2.RELEASE.jar;E:\java\apache-maven-3.6.0-bin\rep\org\springframework\boot\spring-boot-test-autoconfigure\2.0.2.RELEASE\spring-boot-test-autoconfigure-2.0.2.RELEASE.jar;E:\java\apache-maven-3.6.0-bin\rep\com\jayway\jsonpath\json-path\2.4.0\json-path-2.4.0.jar;E:\java\apache-maven-3.6.0-bin\rep\net\minidev\json-smart\2.3\json-smart-2.3.jar;E:\java\apache-maven-3.6.0-bin\rep\net\minidev\accessors-smart\1.2\accessors-smart-1.2.jar;E:\java\apache-maven-3.6.0-bin\rep\org\ow2\asm\asm\5.0.4\asm-5.0.4.jar;E:\java\apache-maven-3.6.0-bin\rep\junit\junit\4.12\junit-4.12.jar;E:\java\apache-maven-3.6.0-bin\rep\org\assertj\assertj-core\3.9.1\assertj-core-3.9.1.jar;E:\java\apache-maven-3.6.0-bin\rep\org\mockito\mockito-core\2.15.0\mockito-core-2.15.0.jar;E:\java\apache-maven-3.6.0-bin\rep\net\bytebuddy\byte-buddy\1.7.11\byte-buddy-1.7.11.jar;E:\java\apache-maven-3.6.0-bin\rep\net\bytebuddy\byte-buddy-agent\1.7.11\byte-buddy-agent-1.7.11.jar;E:\java\apache-maven-3.6.0-bin\rep\org\objenesis\objenesis\2.6\objenesis-2.6.jar;E:\java\apache-maven-3.6.0-bin\rep\org\hamcrest\hamcrest-core\1.3\hamcrest-core-1.3.jar;E:\java\apache-maven-3.6.0-bin\rep\org\hamcrest\hamcrest-library\1.3\hamcrest-library-1.3.jar;E:\java\apache-maven-3.6.0-bin\rep\org\skyscreamer\jsonassert\1.5.0\jsonassert-1.5.0.jar;E:\java\apache-maven-3.6.0-bin\rep\com\vaadin\external\google\android-json\0.0.20131108.vaadin1\android-json-0.0.20131108.vaadin1.jar;E:\java\apache-maven-3.6.0-bin\rep\org\springframework\spring-core\5.0.6.RELEASE\spring-core-5.0.6.RELEASE.jar;E:\java\apache-maven-3.6.0-bin\rep\org\springframework\spring-jcl\5.0.6.RELEASE\spring-jcl-5.0.6.RELEASE.jar;E:\java\apache-maven-3.6.0-bin\rep\org\springframework\spring-test\5.0.6.RELEASE\spring-test-5.0.6.RELEASE.jar;E:\java\apache-maven-3.6.0-bin\rep\org\xmlunit\xmlunit-core\2.5.1\xmlunit-core-2.5.1.jar;E:\java\apache-maven-3.6.0-bin\rep\org\springframework\boot\spring-boot-starter-aop\2.0.2.RELEASE\spring-boot-starter-aop-2.0.2.RELEASE.jar;E:\java\apache-maven-3.6.0-bin\rep\org\springframework\spring-aop\5.0.6.RELEASE\spring-aop-5.0.6.RELEASE.jar;E:\java\apache-maven-3.6.0-bin\rep\org\aspectj\aspectjweaver\1.8.13\aspectjweaver-1.8.13.jar;E:\java\apache-maven-3.6.0-bin\rep\org\springframework\boot\spring-boot-starter-actuator\2.0.2.RELEASE\spring-boot-starter-actuator-2.0.2.RELEASE.jar;E:\java\apache-maven-3.6.0-bin\rep\org\springframework\boot\spring-boot-actuator-autoconfigure\2.0.2.RELEASE\spring-boot-actuator-autoconfigure-2.0.2.RELEASE.jar;E:\java\apache-maven-3.6.0-bin\rep\org\springframework\boot\spring-boot-actuator\2.0.2.RELEASE\spring-boot-actuator-2.0.2.RELEASE.jar;E:\java\apache-maven-3.6.0-bin\rep\com\fasterxml\jackson\datatype\jackson-datatype-jsr310\2.9.5\jackson-datatype-jsr310-2.9.5.jar;E:\java\apache-maven-3.6.0-bin\rep\io\micrometer\micrometer-core\1.0.4\micrometer-core-1.0.4.jar;E:\java\apache-maven-3.6.0-bin\rep\org\hdrhistogram\HdrHistogram\2.1.10\HdrHistogram-2.1.10.jar;E:\java\apache-maven-3.6.0-bin\rep\org\latencyutils\LatencyUtils\2.0.3\LatencyUtils-2.0.3.jar;E:\java\apache-maven-3.6.0-bin\rep\com\google\guava\guava\23.0\guava-23.0.jar;E:\java\apache-maven-3.6.0-bin\rep\com\google\code\findbugs\jsr305\1.3.9\jsr305-1.3.9.jar;E:\java\apache-maven-3.6.0-bin\rep\com\google\errorprone\error_prone_annotations\2.0.18\error_prone_annotations-2.0.18.jar;E:\java\apache-maven-3.6.0-bin\rep\com\google\j2objc\j2objc-annotations\1.1\j2objc-annotations-1.1.jar;E:\java\apache-maven-3.6.0-bin\rep\org\codehaus\mojo\animal-sniffer-annotations\1.14\animal-sniffer-annotations-1.14.jar;E:\java\apache-maven-3.6.0-bin\rep\org\apache\commons\commons-lang3\3.7\commons-lang3-3.7.jar;E:\java\apache-maven-3.6.0-bin\rep\com\fasterxml\jackson\core\jackson-databind\2.9.5\jackson-databind-2.9.5.jar;E:\java\apache-maven-3.6.0-bin\rep\com\fasterxml\jackson\core\jackson-core\2.9.5\jackson-core-2.9.5.jar;E:\java\apache-maven-3.6.0-bin\rep\com\fasterxml\jackson\core\jackson-annotations\2.9.0\jackson-annotations-2.9.0.jar;E:\java\apache-maven-3.6.0-bin\rep\commons-codec\commons-codec\1.11\commons-codec-1.11.jar;E:\java\apache-maven-3.6.0-bin\rep\com\alibaba\fastjson\1.2.47\fastjson-1.2.47.jar;E:\java\apache-maven-3.6.0-bin\rep\org\springframework\boot\spring-boot-starter-web\2.0.2.RELEASE\spring-boot-starter-web-2.0.2.RELEASE.jar;E:\java\apache-maven-3.6.0-bin\rep\org\springframework\boot\spring-boot-starter-json\2.0.2.RELEASE\spring-boot-starter-json-2.0.2.RELEASE.jar;E:\java\apache-maven-3.6.0-bin\rep\com\fasterxml\jackson\datatype\jackson-datatype-jdk8\2.9.5\jackson-datatype-jdk8-2.9.5.jar;E:\java\apache-maven-3.6.0-bin\rep\com\fasterxml\jackson\module\jackson-module-parameter-names\2.9.5\jackson-module-parameter-names-2.9.5.jar;E:\java\apache-maven-3.6.0-bin\rep\org\springframework\boot\spring-boot-starter-tomcat\2.0.2.RELEASE\spring-boot-starter-tomcat-2.0.2.RELEASE.jar;E:\java\apache-maven-3.6.0-bin\rep\org\apache\tomcat\embed\tomcat-embed-core\8.5.31\tomcat-embed-core-8.5.31.jar;E:\java\apache-maven-3.6.0-bin\rep\org\apache\tomcat\embed\tomcat-embed-el\8.5.31\tomcat-embed-el-8.5.31.jar;E:\java\apache-maven-3.6.0-bin\rep\org\apache\tomcat\embed\tomcat-embed-websocket\8.5.31\tomcat-embed-websocket-8.5.31.jar;E:\java\apache-maven-3.6.0-bin\rep\org\hibernate\validator\hibernate-validator\6.0.9.Final\hibernate-validator-6.0.9.Final.jar;E:\java\apache-maven-3.6.0-bin\rep\javax\validation\validation-api\2.0.1.Final\validation-api-2.0.1.Final.jar;E:\java\apache-maven-3.6.0-bin\rep\org\jboss\logging\jboss-logging\3.3.2.Final\jboss-logging-3.3.2.Final.jar;E:\java\apache-maven-3.6.0-bin\rep\org\springframework\spring-web\5.0.6.RELEASE\spring-web-5.0.6.RELEASE.jar;E:\java\apache-maven-3.6.0-bin\rep\org\springframework\spring-webmvc\5.0.6.RELEASE\spring-webmvc-5.0.6.RELEASE.jar;E:\java\apache-maven-3.6.0-bin\rep\org\springframework\spring-expression\5.0.6.RELEASE\spring-expression-5.0.6.RELEASE.jar;E:\java\apache-maven-3.6.0-bin\rep\org\springframework\boot\spring-boot-starter-security\2.0.2.RELEASE\spring-boot-starter-security-2.0.2.RELEASE.jar;E:\java\apache-maven-3.6.0-bin\rep\org\springframework\security\spring-security-config\5.0.5.RELEASE\spring-security-config-5.0.5.RELEASE.jar;E:\java\apache-maven-3.6.0-bin\rep\org\springframework\security\spring-security-core\5.0.5.RELEASE\spring-security-core-5.0.5.RELEASE.jar;E:\java\apache-maven-3.6.0-bin\rep\org\springframework\security\spring-security-web\5.0.5.RELEASE\spring-security-web-5.0.5.RELEASE.jar;E:\java\apache-maven-3.6.0-bin\rep\org\mybatis\spring\boot\mybatis-spring-boot-starter\1.3.2\mybatis-spring-boot-starter-1.3.2.jar;E:\java\apache-maven-3.6.0-bin\rep\org\springframework\boot\spring-boot-starter-jdbc\2.0.2.RELEASE\spring-boot-starter-jdbc-2.0.2.RELEASE.jar;E:\java\apache-maven-3.6.0-bin\rep\com\zaxxer\HikariCP\2.7.9\HikariCP-2.7.9.jar;E:\java\apache-maven-3.6.0-bin\rep\org\springframework\spring-jdbc\5.0.6.RELEASE\spring-jdbc-5.0.6.RELEASE.jar;E:\java\apache-maven-3.6.0-bin\rep\org\mybatis\spring\boot\mybatis-spring-boot-autoconfigure\1.3.2\mybatis-spring-boot-autoconfigure-1.3.2.jar;E:\java\apache-maven-3.6.0-bin\rep\org\mybatis\mybatis\3.4.6\mybatis-3.4.6.jar;E:\java\apache-maven-3.6.0-bin\rep\org\mybatis\mybatis-spring\1.3.2\mybatis-spring-1.3.2.jar;E:\java\apache-maven-3.6.0-bin\rep\mysql\mysql-connector-java\5.1.46\mysql-connector-java-5.1.46.jar;E:\java\apache-maven-3.6.0-bin\rep\com\alibaba\druid-spring-boot-starter\1.1.9\druid-spring-boot-starter-1.1.9.jar;E:\java\apache-maven-3.6.0-bin\rep\com\alibaba\druid\1.1.9\druid-1.1.9.jar;E:\java\apache-maven-3.6.0-bin\rep\org\slf4j\slf4j-api\1.7.25\slf4j-api-1.7.25.jar;E:\java\apache-maven-3.6.0-bin\rep\org\springframework\boot\spring-boot-autoconfigure\2.0.2.RELEASE\spring-boot-autoconfigure-2.0.2.RELEASE.jar;E:\java\apache-maven-3.6.0-bin\rep\io\springfox\springfox-swagger2\2.8.0\springfox-swagger2-2.8.0.jar;E:\java\apache-maven-3.6.0-bin\rep\io\swagger\swagger-annotations\1.5.14\swagger-annotations-1.5.14.jar;E:\java\apache-maven-3.6.0-bin\rep\io\swagger\swagger-models\1.5.14\swagger-models-1.5.14.jar;E:\java\apache-maven-3.6.0-bin\rep\io\springfox\springfox-spi\2.8.0\springfox-spi-2.8.0.jar;E:\java\apache-maven-3.6.0-bin\rep\io\springfox\springfox-core\2.8.0\springfox-core-2.8.0.jar;E:\java\apache-maven-3.6.0-bin\rep\io\springfox\springfox-schema\2.8.0\springfox-schema-2.8.0.jar;E:\java\apache-maven-3.6.0-bin\rep\io\springfox\springfox-swagger-common\2.8.0\springfox-swagger-common-2.8.0.jar;E:\java\apache-maven-3.6.0-bin\rep\io\springfox\springfox-spring-web\2.8.0\springfox-spring-web-2.8.0.jar;E:\java\apache-maven-3.6.0-bin\rep\org\reflections\reflections\0.9.11\reflections-0.9.11.jar;E:\java\apache-maven-3.6.0-bin\rep\org\javassist\javassist\3.21.0-GA\javassist-3.21.0-GA.jar;E:\java\apache-maven-3.6.0-bin\rep\com\fasterxml\classmate\1.3.4\classmate-1.3.4.jar;E:\java\apache-maven-3.6.0-bin\rep\org\springframework\plugin\spring-plugin-core\1.2.0.RELEASE\spring-plugin-core-1.2.0.RELEASE.jar;E:\java\apache-maven-3.6.0-bin\rep\org\springframework\plugin\spring-plugin-metadata\1.2.0.RELEASE\spring-plugin-metadata-1.2.0.RELEASE.jar;E:\java\apache-maven-3.6.0-bin\rep\org\mapstruct\mapstruct\1.2.0.Final\mapstruct-1.2.0.Final.jar;E:\java\apache-maven-3.6.0-bin\rep\io\springfox\springfox-bean-validators\2.8.0\springfox-bean-validators-2.8.0.jar;E:\java\apache-maven-3.6.0-bin\rep\io\springfox\springfox-swagger-ui\2.8.0\springfox-swagger-ui-2.8.0.jar;E:\java\apache-maven-3.6.0-bin\rep\org\springframework\boot\spring-boot-starter-mail\2.0.2.RELEASE\spring-boot-starter-mail-2.0.2.RELEASE.jar;E:\java\apache-maven-3.6.0-bin\rep\org\springframework\spring-context\5.0.6.RELEASE\spring-context-5.0.6.RELEASE.jar;E:\java\apache-maven-3.6.0-bin\rep\com\sun\mail\javax.mail\1.6.1\javax.mail-1.6.1.jar;E:\java\apache-maven-3.6.0-bin\rep\javax\activation\activation\1.1\activation-1.1.jar;E:\java\apache-maven-3.6.0-bin\rep\org\springframework\boot\spring-boot-starter-data-redis\2.0.2.RELEASE\spring-boot-starter-data-redis-2.0.2.RELEASE.jar;E:\java\apache-maven-3.6.0-bin\rep\org\springframework\data\spring-data-redis\2.0.7.RELEASE\spring-data-redis-2.0.7.RELEASE.jar;E:\java\apache-maven-3.6.0-bin\rep\org\springframework\data\spring-data-keyvalue\2.0.7.RELEASE\spring-data-keyvalue-2.0.7.RELEASE.jar;E:\java\apache-maven-3.6.0-bin\rep\org\springframework\data\spring-data-commons\2.0.7.RELEASE\spring-data-commons-2.0.7.RELEASE.jar;E:\java\apache-maven-3.6.0-bin\rep\org\springframework\spring-tx\5.0.6.RELEASE\spring-tx-5.0.6.RELEASE.jar;E:\java\apache-maven-3.6.0-bin\rep\org\springframework\spring-oxm\5.0.6.RELEASE\spring-oxm-5.0.6.RELEASE.jar;E:\java\apache-maven-3.6.0-bin\rep\io\lettuce\lettuce-core\5.0.4.RELEASE\lettuce-core-5.0.4.RELEASE.jar;E:\java\apache-maven-3.6.0-bin\rep\io\projectreactor\reactor-core\3.1.7.RELEASE\reactor-core-3.1.7.RELEASE.jar;E:\java\apache-maven-3.6.0-bin\rep\org\reactivestreams\reactive-streams\1.0.2\reactive-streams-1.0.2.jar;E:\java\apache-maven-3.6.0-bin\rep\io\netty\netty-common\4.1.24.Final\netty-common-4.1.24.Final.jar;E:\java\apache-maven-3.6.0-bin\rep\io\netty\netty-transport\4.1.24.Final\netty-transport-4.1.24.Final.jar;E:\java\apache-maven-3.6.0-bin\rep\io\netty\netty-buffer\4.1.24.Final\netty-buffer-4.1.24.Final.jar;E:\java\apache-maven-3.6.0-bin\rep\io\netty\netty-resolver\4.1.24.Final\netty-resolver-4.1.24.Final.jar;E:\java\apache-maven-3.6.0-bin\rep\io\netty\netty-handler\4.1.24.Final\netty-handler-4.1.24.Final.jar;E:\java\apache-maven-3.6.0-bin\rep\io\netty\netty-codec\4.1.24.Final\netty-codec-4.1.24.Final.jar;E:\java\apache-maven-3.6.0-bin\rep\org\quartz-scheduler\quartz\2.3.0\quartz-2.3.0.jar;E:\java\apache-maven-3.6.0-bin\rep\com\mchange\mchange-commons-java\0.2.11\mchange-commons-java-0.2.11.jar;E:\java\apache-maven-3.6.0-bin\rep\org\springframework\spring-context-support\5.0.6.RELEASE\spring-context-support-5.0.6.RELEASE.jar;E:\java\apache-maven-3.6.0-bin\rep\org\springframework\spring-beans\5.0.6.RELEASE\spring-beans-5.0.6.RELEASE.jar;E:\java\apache-maven-3.6.0-bin\rep\org\apache\poi\poi\3.17\poi-3.17.jar;E:\java\apache-maven-3.6.0-bin\rep\org\apache\commons\commons-collections4\4.1\commons-collections4-4.1.jar;E:\java\apache-maven-3.6.0-bin\rep\io\jsonwebtoken\jjwt\0.9.0\jjwt-0.9.0.jar;E:\java\apache-maven-3.6.0-bin\rep\org\apache\commons\commons-pool2\2.5.0\commons-pool2-2.5.0.jar;E:\java\apache-maven-3.6.0-bin\rep\redis\clients\jedis\2.6.2\jedis-2.6.2.jar;E:\java\apache-maven-3.6.0-bin\rep\com\google\code\gson\gson\2.2.4\gson-2.2.4.jar;"/>
    <property name="sun.cpu.endian" value="little"/>
    <property name="user.home" value="C:\Users\Administrator"/>
    <property name="user.language" value="zh"/>
    <property name="java.specification.vendor" value="Oracle Corporation"/>
    <property name="java.home" value="E:\java\jdk\jre"/>
    <property name="basedir" value="E:\java\01、boot-security源码\boot-security源码"/>
    <property name="file.separator" value="\"/>
    <property name="line.separator" value="&#10;"/>
    <property name="java.vm.specification.vendor" value="Oracle Corporation"/>
    <property name="java.specification.name" value="Java Platform API Specification"/>
    <property name="java.awt.graphicsenv" value="sun.awt.Win32GraphicsEnvironment"/>
    <property name="surefire.real.class.path" value="C:\Users\ADMINI~1\AppData\Local\Temp\surefire5827153118274939455\surefirebooter2373559177883842843.jar"/>
    <property name="sun.boot.class.path" value="E:\java\jdk\jre\lib\resources.jar;E:\java\jdk\jre\lib\rt.jar;E:\java\jdk\jre\lib\sunrsasign.jar;E:\java\jdk\jre\lib\jsse.jar;E:\java\jdk\jre\lib\jce.jar;E:\java\jdk\jre\lib\charsets.jar;E:\java\jdk\jre\lib\jfr.jar;E:\java\jdk\jre\classes"/>
    <property name="user.script" value=""/>
    <property name="sun.management.compiler" value="HotSpot 64-Bit Tiered Compilers"/>
    <property name="java.runtime.version" value="1.8.0_191-b12"/>
    <property name="user.name" value="Administrator"/>
    <property name="path.separator" value=";"/>
    <property name="os.version" value="10.0"/>
    <property name="java.endorsed.dirs" value="E:\java\jdk\jre\lib\endorsed"/>
    <property name="java.runtime.name" value="Java(TM) SE Runtime Environment"/>
    <property name="file.encoding" value="GBK"/>
    <property name="java.vm.name" value="Java HotSpot(TM) 64-Bit Server VM"/>
    <property name="localRepository" value="E:\java\apache-maven-3.6.0-bin\rep"/>
    <property name="java.vendor.url.bug" value="http://bugreport.sun.com/bugreport/"/>
    <property name="java.io.tmpdir" value="C:\Users\ADMINI~1\AppData\Local\Temp\"/>
    <property name="java.version" value="1.8.0_191"/>
    <property name="user.dir" value="E:\java\01、boot-security源码\boot-security源码"/>
    <property name="os.arch" value="amd64"/>
    <property name="java.vm.specification.name" value="Java Virtual Machine Specification"/>
    <property name="java.awt.printerjob" value="sun.awt.windows.WPrinterJob"/>
    <property name="sun.os.patch.level" value=""/>
    <property name="java.library.path" value="E:\java\jdk\jre\bin;C:\WINDOWS\Sun\Java\bin;C:\WINDOWS\system32;C:\WINDOWS;E:/java/jdk/bin/../jre/bin/server;E:/java/jdk/bin/../jre/bin;E:/java/jdk/bin/../jre/lib/amd64;C:\WINDOWS\system32;C:\WINDOWS;C:\WINDOWS\System32\Wbem;C:\WINDOWS\System32\WindowsPowerShell\v1.0\;D:\java\jdk\bin;C:\WINDOWS\System32\OpenSSH\;E:\java\jdk\bin;C:\Users\Administrator\AppData\Local\Microsoft\WindowsApps;;C:\WINDOWS\System32;;."/>
    <property name="java.vm.info" value="mixed mode"/>
    <property name="java.vendor" value="Oracle Corporation"/>
    <property name="java.vm.version" value="25.191-b12"/>
    <property name="java.ext.dirs" value="E:\java\jdk\jre\lib\ext;C:\WINDOWS\Sun\Java\lib\ext"/>
    <property name="sun.io.unicode.encoding" value="UnicodeLittle"/>
    <property name="java.class.version" value="52.0"/>
  </properties>
  <testcase name="password" classname="com.boot.security.server.SecurityApplicationTest" time="0.001">
    <error message="Failed to load ApplicationContext" type="java.lang.IllegalStateException">java.lang.IllegalStateException: Failed to load ApplicationContext
Caused by: org.springframework.beans.factory.BeanCreationException: Error creating bean with name 'gsonBuilder' defined in class path resource [org/springframework/boot/autoconfigure/gson/GsonAutoConfiguration.class]: Bean instantiation via factory method failed; nested exception is org.springframework.beans.BeanInstantiationException: Failed to instantiate [com.google.gson.GsonBuilder]: Factory method 'gsonBuilder' threw exception; nested exception is java.lang.BootstrapMethodError: java.lang.NoSuchMethodError: com.google.gson.GsonBuilder.setLenient()Lcom/google/gson/GsonBuilder;
Caused by: org.springframework.beans.BeanInstantiationException: Failed to instantiate [com.google.gson.GsonBuilder]: Factory method 'gsonBuilder' threw exception; nested exception is java.lang.BootstrapMethodError: java.lang.NoSuchMethodError: com.google.gson.GsonBuilder.setLenient()Lcom/google/gson/GsonBuilder;
Caused by: java.lang.BootstrapMethodError: java.lang.NoSuchMethodError: com.google.gson.GsonBuilder.setLenient()Lcom/google/gson/GsonBuilder;
Caused by: java.lang.NoSuchMethodError: com.google.gson.GsonBuilder.setLenient()Lcom/google/gson/GsonBuilder;
</error>
    <system-out><![CDATA[15:15:57.465 [main] DEBUG org.springframework.test.context.junit4.SpringJUnit4ClassRunner - SpringJUnit4ClassRunner constructor called with [class com.boot.security.server.SecurityApplicationTest]
15:15:57.473 [main] DEBUG org.springframework.test.context.BootstrapUtils - Instantiating CacheAwareContextLoaderDelegate from class [org.springframework.test.context.cache.DefaultCacheAwareContextLoaderDelegate]
15:15:57.481 [main] DEBUG org.springframework.test.context.BootstrapUtils - Instantiating BootstrapContext using constructor [public org.springframework.test.context.support.DefaultBootstrapContext(java.lang.Class,org.springframework.test.context.CacheAwareContextLoaderDelegate)]
15:15:57.500 [main] DEBUG org.springframework.test.context.BootstrapUtils - Instantiating TestContextBootstrapper for test class [com.boot.security.server.SecurityApplicationTest] from class [org.springframework.boot.test.context.SpringBootTestContextBootstrapper]
15:15:57.515 [main] INFO org.springframework.boot.test.context.SpringBootTestContextBootstrapper - Neither @ContextConfiguration nor @ContextHierarchy found for test class [com.boot.security.server.SecurityApplicationTest], using SpringBootContextLoader
15:15:57.518 [main] DEBUG org.springframework.test.context.support.AbstractContextLoader - Did not detect default resource location for test class [com.boot.security.server.SecurityApplicationTest]: class path resource [com/boot/security/server/SecurityApplicationTest-context.xml] does not exist
15:15:57.519 [main] DEBUG org.springframework.test.context.support.AbstractContextLoader - Did not detect default resource location for test class [com.boot.security.server.SecurityApplicationTest]: class path resource [com/boot/security/server/SecurityApplicationTestContext.groovy] does not exist
15:15:57.519 [main] INFO org.springframework.test.context.support.AbstractContextLoader - Could not detect default resource locations for test class [com.boot.security.server.SecurityApplicationTest]: no resource found for suffixes {-context.xml, Context.groovy}.
15:15:57.520 [main] INFO org.springframework.test.context.support.AnnotationConfigContextLoaderUtils - Could not detect default configuration classes for test class [com.boot.security.server.SecurityApplicationTest]: SecurityApplicationTest does not declare any static, non-private, non-final, nested classes annotated with @Configuration.
15:15:57.572 [main] DEBUG org.springframework.test.context.support.ActiveProfilesUtils - Could not find an 'annotation declaring class' for annotation type [org.springframework.test.context.ActiveProfiles] and class [com.boot.security.server.SecurityApplicationTest]
15:15:57.582 [main] DEBUG org.springframework.core.env.StandardEnvironment - Adding PropertySource 'systemProperties' with lowest search precedence
15:15:57.582 [main] DEBUG org.springframework.core.env.StandardEnvironment - Adding PropertySource 'systemEnvironment' with lowest search precedence
15:15:57.583 [main] DEBUG org.springframework.core.env.StandardEnvironment - Initialized StandardEnvironment with PropertySources [MapPropertySource@1800659519 {name='systemProperties', properties={java.runtime.name=Java(TM) SE Runtime Environment, sun.boot.library.path=E:\java\jdk\jre\bin, java.vm.version=25.191-b12, java.vm.vendor=Oracle Corporation, java.vendor.url=http://java.oracle.com/, path.separator=;, java.vm.name=Java HotSpot(TM) 64-Bit Server VM, file.encoding.pkg=sun.io, user.country=CN, user.script=, sun.java.launcher=SUN_STANDARD, sun.os.patch.level=, java.vm.specification.name=Java Virtual Machine Specification, user.dir=E:\java\01、boot-security源码\boot-security源码, java.runtime.version=1.8.0_191-b12, basedir=E:\java\01、boot-security源码\boot-security源码, java.awt.graphicsenv=sun.awt.Win32GraphicsEnvironment, java.endorsed.dirs=E:\java\jdk\jre\lib\endorsed, os.arch=amd64, surefire.real.class.path=C:\Users\ADMINI~1\AppData\Local\Temp\surefire5827153118274939455\surefirebooter2373559177883842843.jar, java.io.tmpdir=C:\Users\ADMINI~1\AppData\Local\Temp\, line.separator=
, java.vm.specification.vendor=Oracle Corporation, user.variant=, os.name=Windows 10, sun.jnu.encoding=GBK, java.library.path=E:\java\jdk\jre\bin;C:\WINDOWS\Sun\Java\bin;C:\WINDOWS\system32;C:\WINDOWS;E:/java/jdk/bin/../jre/bin/server;E:/java/jdk/bin/../jre/bin;E:/java/jdk/bin/../jre/lib/amd64;C:\WINDOWS\system32;C:\WINDOWS;C:\WINDOWS\System32\Wbem;C:\WINDOWS\System32\WindowsPowerShell\v1.0\;D:\java\jdk\bin;C:\WINDOWS\System32\OpenSSH\;E:\java\jdk\bin;C:\Users\Administrator\AppData\Local\Microsoft\WindowsApps;;C:\WINDOWS\System32;;., surefire.test.class.path=E:\java\01、boot-security源码\boot-security源码\target\test-classes;E:\java\01、boot-security源码\boot-security源码\target\classes;E:\java\apache-maven-3.6.0-bin\rep\org\springframework\boot\spring-boot-starter-test\2.0.2.RELEASE\spring-boot-starter-test-2.0.2.RELEASE.jar;E:\java\apache-maven-3.6.0-bin\rep\org\springframework\boot\spring-boot-starter\2.0.2.RELEASE\spring-boot-starter-2.0.2.RELEASE.jar;E:\java\apache-maven-3.6.0-bin\rep\org\springframework\boot\spring-boot\2.0.2.RELEASE\spring-boot-2.0.2.RELEASE.jar;E:\java\apache-maven-3.6.0-bin\rep\org\springframework\boot\spring-boot-starter-logging\2.0.2.RELEASE\spring-boot-starter-logging-2.0.2.RELEASE.jar;E:\java\apache-maven-3.6.0-bin\rep\ch\qos\logback\logback-classic\1.2.3\logback-classic-1.2.3.jar;E:\java\apache-maven-3.6.0-bin\rep\ch\qos\logback\logback-core\1.2.3\logback-core-1.2.3.jar;E:\java\apache-maven-3.6.0-bin\rep\org\apache\logging\log4j\log4j-to-slf4j\2.10.0\log4j-to-slf4j-2.10.0.jar;E:\java\apache-maven-3.6.0-bin\rep\org\apache\logging\log4j\log4j-api\2.10.0\log4j-api-2.10.0.jar;E:\java\apache-maven-3.6.0-bin\rep\org\slf4j\jul-to-slf4j\1.7.25\jul-to-slf4j-1.7.25.jar;E:\java\apache-maven-3.6.0-bin\rep\javax\annotation\javax.annotation-api\1.3.2\javax.annotation-api-1.3.2.jar;E:\java\apache-maven-3.6.0-bin\rep\org\yaml\snakeyaml\1.19\snakeyaml-1.19.jar;E:\java\apache-maven-3.6.0-bin\rep\org\springframework\boot\spring-boot-test\2.0.2.RELEASE\spring-boot-test-2.0.2.RELEASE.jar;E:\java\apache-maven-3.6.0-bin\rep\org\springframework\boot\spring-boot-test-autoconfigure\2.0.2.RELEASE\spring-boot-test-autoconfigure-2.0.2.RELEASE.jar;E:\java\apache-maven-3.6.0-bin\rep\com\jayway\jsonpath\json-path\2.4.0\json-path-2.4.0.jar;E:\java\apache-maven-3.6.0-bin\rep\net\minidev\json-smart\2.3\json-smart-2.3.jar;E:\java\apache-maven-3.6.0-bin\rep\net\minidev\accessors-smart\1.2\accessors-smart-1.2.jar;E:\java\apache-maven-3.6.0-bin\rep\org\ow2\asm\asm\5.0.4\asm-5.0.4.jar;E:\java\apache-maven-3.6.0-bin\rep\junit\junit\4.12\junit-4.12.jar;E:\java\apache-maven-3.6.0-bin\rep\org\assertj\assertj-core\3.9.1\assertj-core-3.9.1.jar;E:\java\apache-maven-3.6.0-bin\rep\org\mockito\mockito-core\2.15.0\mockito-core-2.15.0.jar;E:\java\apache-maven-3.6.0-bin\rep\net\bytebuddy\byte-buddy\1.7.11\byte-buddy-1.7.11.jar;E:\java\apache-maven-3.6.0-bin\rep\net\bytebuddy\byte-buddy-agent\1.7.11\byte-buddy-agent-1.7.11.jar;E:\java\apache-maven-3.6.0-bin\rep\org\objenesis\objenesis\2.6\objenesis-2.6.jar;E:\java\apache-maven-3.6.0-bin\rep\org\hamcrest\hamcrest-core\1.3\hamcrest-core-1.3.jar;E:\java\apache-maven-3.6.0-bin\rep\org\hamcrest\hamcrest-library\1.3\hamcrest-library-1.3.jar;E:\java\apache-maven-3.6.0-bin\rep\org\skyscreamer\jsonassert\1.5.0\jsonassert-1.5.0.jar;E:\java\apache-maven-3.6.0-bin\rep\com\vaadin\external\google\android-json\0.0.20131108.vaadin1\android-json-0.0.20131108.vaadin1.jar;E:\java\apache-maven-3.6.0-bin\rep\org\springframework\spring-core\5.0.6.RELEASE\spring-core-5.0.6.RELEASE.jar;E:\java\apache-maven-3.6.0-bin\rep\org\springframework\spring-jcl\5.0.6.RELEASE\spring-jcl-5.0.6.RELEASE.jar;E:\java\apache-maven-3.6.0-bin\rep\org\springframework\spring-test\5.0.6.RELEASE\spring-test-5.0.6.RELEASE.jar;E:\java\apache-maven-3.6.0-bin\rep\org\xmlunit\xmlunit-core\2.5.1\xmlunit-core-2.5.1.jar;E:\java\apache-maven-3.6.0-bin\rep\org\springframework\boot\spring-boot-starter-aop\2.0.2.RELEASE\spring-boot-starter-aop-2.0.2.RELEASE.jar;E:\java\apache-maven-3.6.0-bin\rep\org\springframework\spring-aop\5.0.6.RELEASE\spring-aop-5.0.6.RELEASE.jar;E:\java\apache-maven-3.6.0-bin\rep\org\aspectj\aspectjweaver\1.8.13\aspectjweaver-1.8.13.jar;E:\java\apache-maven-3.6.0-bin\rep\org\springframework\boot\spring-boot-starter-actuator\2.0.2.RELEASE\spring-boot-starter-actuator-2.0.2.RELEASE.jar;E:\java\apache-maven-3.6.0-bin\rep\org\springframework\boot\spring-boot-actuator-autoconfigure\2.0.2.RELEASE\spring-boot-actuator-autoconfigure-2.0.2.RELEASE.jar;E:\java\apache-maven-3.6.0-bin\rep\org\springframework\boot\spring-boot-actuator\2.0.2.RELEASE\spring-boot-actuator-2.0.2.RELEASE.jar;E:\java\apache-maven-3.6.0-bin\rep\com\fasterxml\jackson\datatype\jackson-datatype-jsr310\2.9.5\jackson-datatype-jsr310-2.9.5.jar;E:\java\apache-maven-3.6.0-bin\rep\io\micrometer\micrometer-core\1.0.4\micrometer-core-1.0.4.jar;E:\java\apache-maven-3.6.0-bin\rep\org\hdrhistogram\HdrHistogram\2.1.10\HdrHistogram-2.1.10.jar;E:\java\apache-maven-3.6.0-bin\rep\org\latencyutils\LatencyUtils\2.0.3\LatencyUtils-2.0.3.jar;E:\java\apache-maven-3.6.0-bin\rep\com\google\guava\guava\23.0\guava-23.0.jar;E:\java\apache-maven-3.6.0-bin\rep\com\google\code\findbugs\jsr305\1.3.9\jsr305-1.3.9.jar;E:\java\apache-maven-3.6.0-bin\rep\com\google\errorprone\error_prone_annotations\2.0.18\error_prone_annotations-2.0.18.jar;E:\java\apache-maven-3.6.0-bin\rep\com\google\j2objc\j2objc-annotations\1.1\j2objc-annotations-1.1.jar;E:\java\apache-maven-3.6.0-bin\rep\org\codehaus\mojo\animal-sniffer-annotations\1.14\animal-sniffer-annotations-1.14.jar;E:\java\apache-maven-3.6.0-bin\rep\org\apache\commons\commons-lang3\3.7\commons-lang3-3.7.jar;E:\java\apache-maven-3.6.0-bin\rep\com\fasterxml\jackson\core\jackson-databind\2.9.5\jackson-databind-2.9.5.jar;E:\java\apache-maven-3.6.0-bin\rep\com\fasterxml\jackson\core\jackson-core\2.9.5\jackson-core-2.9.5.jar;E:\java\apache-maven-3.6.0-bin\rep\com\fasterxml\jackson\core\jackson-annotations\2.9.0\jackson-annotations-2.9.0.jar;E:\java\apache-maven-3.6.0-bin\rep\commons-codec\commons-codec\1.11\commons-codec-1.11.jar;E:\java\apache-maven-3.6.0-bin\rep\com\alibaba\fastjson\1.2.47\fastjson-1.2.47.jar;E:\java\apache-maven-3.6.0-bin\rep\org\springframework\boot\spring-boot-starter-web\2.0.2.RELEASE\spring-boot-starter-web-2.0.2.RELEASE.jar;E:\java\apache-maven-3.6.0-bin\rep\org\springframework\boot\spring-boot-starter-json\2.0.2.RELEASE\spring-boot-starter-json-2.0.2.RELEASE.jar;E:\java\apache-maven-3.6.0-bin\rep\com\fasterxml\jackson\datatype\jackson-datatype-jdk8\2.9.5\jackson-datatype-jdk8-2.9.5.jar;E:\java\apache-maven-3.6.0-bin\rep\com\fasterxml\jackson\module\jackson-module-parameter-names\2.9.5\jackson-module-parameter-names-2.9.5.jar;E:\java\apache-maven-3.6.0-bin\rep\org\springframework\boot\spring-boot-starter-tomcat\2.0.2.RELEASE\spring-boot-starter-tomcat-2.0.2.RELEASE.jar;E:\java\apache-maven-3.6.0-bin\rep\org\apache\tomcat\embed\tomcat-embed-core\8.5.31\tomcat-embed-core-8.5.31.jar;E:\java\apache-maven-3.6.0-bin\rep\org\apache\tomcat\embed\tomcat-embed-el\8.5.31\tomcat-embed-el-8.5.31.jar;E:\java\apache-maven-3.6.0-bin\rep\org\apache\tomcat\embed\tomcat-embed-websocket\8.5.31\tomcat-embed-websocket-8.5.31.jar;E:\java\apache-maven-3.6.0-bin\rep\org\hibernate\validator\hibernate-validator\6.0.9.Final\hibernate-validator-6.0.9.Final.jar;E:\java\apache-maven-3.6.0-bin\rep\javax\validation\validation-api\2.0.1.Final\validation-api-2.0.1.Final.jar;E:\java\apache-maven-3.6.0-bin\rep\org\jboss\logging\jboss-logging\3.3.2.Final\jboss-logging-3.3.2.Final.jar;E:\java\apache-maven-3.6.0-bin\rep\org\springframework\spring-web\5.0.6.RELEASE\spring-web-5.0.6.RELEASE.jar;E:\java\apache-maven-3.6.0-bin\rep\org\springframework\spring-webmvc\5.0.6.RELEASE\spring-webmvc-5.0.6.RELEASE.jar;E:\java\apache-maven-3.6.0-bin\rep\org\springframework\spring-expression\5.0.6.RELEASE\spring-expression-5.0.6.RELEASE.jar;E:\java\apache-maven-3.6.0-bin\rep\org\springframework\boot\spring-boot-starter-security\2.0.2.RELEASE\spring-boot-starter-security-2.0.2.RELEASE.jar;E:\java\apache-maven-3.6.0-bin\rep\org\springframework\security\spring-security-config\5.0.5.RELEASE\spring-security-config-5.0.5.RELEASE.jar;E:\java\apache-maven-3.6.0-bin\rep\org\springframework\security\spring-security-core\5.0.5.RELEASE\spring-security-core-5.0.5.RELEASE.jar;E:\java\apache-maven-3.6.0-bin\rep\org\springframework\security\spring-security-web\5.0.5.RELEASE\spring-security-web-5.0.5.RELEASE.jar;E:\java\apache-maven-3.6.0-bin\rep\org\mybatis\spring\boot\mybatis-spring-boot-starter\1.3.2\mybatis-spring-boot-starter-1.3.2.jar;E:\java\apache-maven-3.6.0-bin\rep\org\springframework\boot\spring-boot-starter-jdbc\2.0.2.RELEASE\spring-boot-starter-jdbc-2.0.2.RELEASE.jar;E:\java\apache-maven-3.6.0-bin\rep\com\zaxxer\HikariCP\2.7.9\HikariCP-2.7.9.jar;E:\java\apache-maven-3.6.0-bin\rep\org\springframework\spring-jdbc\5.0.6.RELEASE\spring-jdbc-5.0.6.RELEASE.jar;E:\java\apache-maven-3.6.0-bin\rep\org\mybatis\spring\boot\mybatis-spring-boot-autoconfigure\1.3.2\mybatis-spring-boot-autoconfigure-1.3.2.jar;E:\java\apache-maven-3.6.0-bin\rep\org\mybatis\mybatis\3.4.6\mybatis-3.4.6.jar;E:\java\apache-maven-3.6.0-bin\rep\org\mybatis\mybatis-spring\1.3.2\mybatis-spring-1.3.2.jar;E:\java\apache-maven-3.6.0-bin\rep\mysql\mysql-connector-java\5.1.46\mysql-connector-java-5.1.46.jar;E:\java\apache-maven-3.6.0-bin\rep\com\alibaba\druid-spring-boot-starter\1.1.9\druid-spring-boot-starter-1.1.9.jar;E:\java\apache-maven-3.6.0-bin\rep\com\alibaba\druid\1.1.9\druid-1.1.9.jar;E:\java\apache-maven-3.6.0-bin\rep\org\slf4j\slf4j-api\1.7.25\slf4j-api-1.7.25.jar;E:\java\apache-maven-3.6.0-bin\rep\org\springframework\boot\spring-boot-autoconfigure\2.0.2.RELEASE\spring-boot-autoconfigure-2.0.2.RELEASE.jar;E:\java\apache-maven-3.6.0-bin\rep\io\springfox\springfox-swagger2\2.8.0\springfox-swagger2-2.8.0.jar;E:\java\apache-maven-3.6.0-bin\rep\io\swagger\swagger-annotations\1.5.14\swagger-annotations-1.5.14.jar;E:\java\apache-maven-3.6.0-bin\rep\io\swagger\swagger-models\1.5.14\swagger-models-1.5.14.jar;E:\java\apache-maven-3.6.0-bin\rep\io\springfox\springfox-spi\2.8.0\springfox-spi-2.8.0.jar;E:\java\apache-maven-3.6.0-bin\rep\io\springfox\springfox-core\2.8.0\springfox-core-2.8.0.jar;E:\java\apache-maven-3.6.0-bin\rep\io\springfox\springfox-schema\2.8.0\springfox-schema-2.8.0.jar;E:\java\apache-maven-3.6.0-bin\rep\io\springfox\springfox-swagger-common\2.8.0\springfox-swagger-common-2.8.0.jar;E:\java\apache-maven-3.6.0-bin\rep\io\springfox\springfox-spring-web\2.8.0\springfox-spring-web-2.8.0.jar;E:\java\apache-maven-3.6.0-bin\rep\org\reflections\reflections\0.9.11\reflections-0.9.11.jar;E:\java\apache-maven-3.6.0-bin\rep\org\javassist\javassist\3.21.0-GA\javassist-3.21.0-GA.jar;E:\java\apache-maven-3.6.0-bin\rep\com\fasterxml\classmate\1.3.4\classmate-1.3.4.jar;E:\java\apache-maven-3.6.0-bin\rep\org\springframework\plugin\spring-plugin-core\1.2.0.RELEASE\spring-plugin-core-1.2.0.RELEASE.jar;E:\java\apache-maven-3.6.0-bin\rep\org\springframework\plugin\spring-plugin-metadata\1.2.0.RELEASE\spring-plugin-metadata-1.2.0.RELEASE.jar;E:\java\apache-maven-3.6.0-bin\rep\org\mapstruct\mapstruct\1.2.0.Final\mapstruct-1.2.0.Final.jar;E:\java\apache-maven-3.6.0-bin\rep\io\springfox\springfox-bean-validators\2.8.0\springfox-bean-validators-2.8.0.jar;E:\java\apache-maven-3.6.0-bin\rep\io\springfox\springfox-swagger-ui\2.8.0\springfox-swagger-ui-2.8.0.jar;E:\java\apache-maven-3.6.0-bin\rep\org\springframework\boot\spring-boot-starter-mail\2.0.2.RELEASE\spring-boot-starter-mail-2.0.2.RELEASE.jar;E:\java\apache-maven-3.6.0-bin\rep\org\springframework\spring-context\5.0.6.RELEASE\spring-context-5.0.6.RELEASE.jar;E:\java\apache-maven-3.6.0-bin\rep\com\sun\mail\javax.mail\1.6.1\javax.mail-1.6.1.jar;E:\java\apache-maven-3.6.0-bin\rep\javax\activation\activation\1.1\activation-1.1.jar;E:\java\apache-maven-3.6.0-bin\rep\org\springframework\boot\spring-boot-starter-data-redis\2.0.2.RELEASE\spring-boot-starter-data-redis-2.0.2.RELEASE.jar;E:\java\apache-maven-3.6.0-bin\rep\org\springframework\data\spring-data-redis\2.0.7.RELEASE\spring-data-redis-2.0.7.RELEASE.jar;E:\java\apache-maven-3.6.0-bin\rep\org\springframework\data\spring-data-keyvalue\2.0.7.RELEASE\spring-data-keyvalue-2.0.7.RELEASE.jar;E:\java\apache-maven-3.6.0-bin\rep\org\springframework\data\spring-data-commons\2.0.7.RELEASE\spring-data-commons-2.0.7.RELEASE.jar;E:\java\apache-maven-3.6.0-bin\rep\org\springframework\spring-tx\5.0.6.RELEASE\spring-tx-5.0.6.RELEASE.jar;E:\java\apache-maven-3.6.0-bin\rep\org\springframework\spring-oxm\5.0.6.RELEASE\spring-oxm-5.0.6.RELEASE.jar;E:\java\apache-maven-3.6.0-bin\rep\io\lettuce\lettuce-core\5.0.4.RELEASE\lettuce-core-5.0.4.RELEASE.jar;E:\java\apache-maven-3.6.0-bin\rep\io\projectreactor\reactor-core\3.1.7.RELEASE\reactor-core-3.1.7.RELEASE.jar;E:\java\apache-maven-3.6.0-bin\rep\org\reactivestreams\reactive-streams\1.0.2\reactive-streams-1.0.2.jar;E:\java\apache-maven-3.6.0-bin\rep\io\netty\netty-common\4.1.24.Final\netty-common-4.1.24.Final.jar;E:\java\apache-maven-3.6.0-bin\rep\io\netty\netty-transport\4.1.24.Final\netty-transport-4.1.24.Final.jar;E:\java\apache-maven-3.6.0-bin\rep\io\netty\netty-buffer\4.1.24.Final\netty-buffer-4.1.24.Final.jar;E:\java\apache-maven-3.6.0-bin\rep\io\netty\netty-resolver\4.1.24.Final\netty-resolver-4.1.24.Final.jar;E:\java\apache-maven-3.6.0-bin\rep\io\netty\netty-handler\4.1.24.Final\netty-handler-4.1.24.Final.jar;E:\java\apache-maven-3.6.0-bin\rep\io\netty\netty-codec\4.1.24.Final\netty-codec-4.1.24.Final.jar;E:\java\apache-maven-3.6.0-bin\rep\org\quartz-scheduler\quartz\2.3.0\quartz-2.3.0.jar;E:\java\apache-maven-3.6.0-bin\rep\com\mchange\mchange-commons-java\0.2.11\mchange-commons-java-0.2.11.jar;E:\java\apache-maven-3.6.0-bin\rep\org\springframework\spring-context-support\5.0.6.RELEASE\spring-context-support-5.0.6.RELEASE.jar;E:\java\apache-maven-3.6.0-bin\rep\org\springframework\spring-beans\5.0.6.RELEASE\spring-beans-5.0.6.RELEASE.jar;E:\java\apache-maven-3.6.0-bin\rep\org\apache\poi\poi\3.17\poi-3.17.jar;E:\java\apache-maven-3.6.0-bin\rep\org\apache\commons\commons-collections4\4.1\commons-collections4-4.1.jar;E:\java\apache-maven-3.6.0-bin\rep\io\jsonwebtoken\jjwt\0.9.0\jjwt-0.9.0.jar;E:\java\apache-maven-3.6.0-bin\rep\org\apache\commons\commons-pool2\2.5.0\commons-pool2-2.5.0.jar;E:\java\apache-maven-3.6.0-bin\rep\redis\clients\jedis\2.6.2\jedis-2.6.2.jar;E:\java\apache-maven-3.6.0-bin\rep\com\google\code\gson\gson\2.2.4\gson-2.2.4.jar;, java.specification.name=Java Platform API Specification, java.class.version=52.0, sun.management.compiler=HotSpot 64-Bit Tiered Compilers, os.version=10.0, user.home=C:\Users\Administrator, user.timezone=Asia/Shanghai, java.awt.printerjob=sun.awt.windows.WPrinterJob, file.encoding=GBK, java.specification.version=1.8, java.class.path=E:\java\01、boot-security源码\boot-security源码\target\test-classes;E:\java\01、boot-security源码\boot-security源码\target\classes;E:\java\apache-maven-3.6.0-bin\rep\org\springframework\boot\spring-boot-starter-test\2.0.2.RELEASE\spring-boot-starter-test-2.0.2.RELEASE.jar;E:\java\apache-maven-3.6.0-bin\rep\org\springframework\boot\spring-boot-starter\2.0.2.RELEASE\spring-boot-starter-2.0.2.RELEASE.jar;E:\java\apache-maven-3.6.0-bin\rep\org\springframework\boot\spring-boot\2.0.2.RELEASE\spring-boot-2.0.2.RELEASE.jar;E:\java\apache-maven-3.6.0-bin\rep\org\springframework\boot\spring-boot-starter-logging\2.0.2.RELEASE\spring-boot-starter-logging-2.0.2.RELEASE.jar;E:\java\apache-maven-3.6.0-bin\rep\ch\qos\logback\logback-classic\1.2.3\logback-classic-1.2.3.jar;E:\java\apache-maven-3.6.0-bin\rep\ch\qos\logback\logback-core\1.2.3\logback-core-1.2.3.jar;E:\java\apache-maven-3.6.0-bin\rep\org\apache\logging\log4j\log4j-to-slf4j\2.10.0\log4j-to-slf4j-2.10.0.jar;E:\java\apache-maven-3.6.0-bin\rep\org\apache\logging\log4j\log4j-api\2.10.0\log4j-api-2.10.0.jar;E:\java\apache-maven-3.6.0-bin\rep\org\slf4j\jul-to-slf4j\1.7.25\jul-to-slf4j-1.7.25.jar;E:\java\apache-maven-3.6.0-bin\rep\javax\annotation\javax.annotation-api\1.3.2\javax.annotation-api-1.3.2.jar;E:\java\apache-maven-3.6.0-bin\rep\org\yaml\snakeyaml\1.19\snakeyaml-1.19.jar;E:\java\apache-maven-3.6.0-bin\rep\org\springframework\boot\spring-boot-test\2.0.2.RELEASE\spring-boot-test-2.0.2.RELEASE.jar;E:\java\apache-maven-3.6.0-bin\rep\org\springframework\boot\spring-boot-test-autoconfigure\2.0.2.RELEASE\spring-boot-test-autoconfigure-2.0.2.RELEASE.jar;E:\java\apache-maven-3.6.0-bin\rep\com\jayway\jsonpath\json-path\2.4.0\json-path-2.4.0.jar;E:\java\apache-maven-3.6.0-bin\rep\net\minidev\json-smart\2.3\json-smart-2.3.jar;E:\java\apache-maven-3.6.0-bin\rep\net\minidev\accessors-smart\1.2\accessors-smart-1.2.jar;E:\java\apache-maven-3.6.0-bin\rep\org\ow2\asm\asm\5.0.4\asm-5.0.4.jar;E:\java\apache-maven-3.6.0-bin\rep\junit\junit\4.12\junit-4.12.jar;E:\java\apache-maven-3.6.0-bin\rep\org\assertj\assertj-core\3.9.1\assertj-core-3.9.1.jar;E:\java\apache-maven-3.6.0-bin\rep\org\mockito\mockito-core\2.15.0\mockito-core-2.15.0.jar;E:\java\apache-maven-3.6.0-bin\rep\net\bytebuddy\byte-buddy\1.7.11\byte-buddy-1.7.11.jar;E:\java\apache-maven-3.6.0-bin\rep\net\bytebuddy\byte-buddy-agent\1.7.11\byte-buddy-agent-1.7.11.jar;E:\java\apache-maven-3.6.0-bin\rep\org\objenesis\objenesis\2.6\objenesis-2.6.jar;E:\java\apache-maven-3.6.0-bin\rep\org\hamcrest\hamcrest-core\1.3\hamcrest-core-1.3.jar;E:\java\apache-maven-3.6.0-bin\rep\org\hamcrest\hamcrest-library\1.3\hamcrest-library-1.3.jar;E:\java\apache-maven-3.6.0-bin\rep\org\skyscreamer\jsonassert\1.5.0\jsonassert-1.5.0.jar;E:\java\apache-maven-3.6.0-bin\rep\com\vaadin\external\google\android-json\0.0.20131108.vaadin1\android-json-0.0.20131108.vaadin1.jar;E:\java\apache-maven-3.6.0-bin\rep\org\springframework\spring-core\5.0.6.RELEASE\spring-core-5.0.6.RELEASE.jar;E:\java\apache-maven-3.6.0-bin\rep\org\springframework\spring-jcl\5.0.6.RELEASE\spring-jcl-5.0.6.RELEASE.jar;E:\java\apache-maven-3.6.0-bin\rep\org\springframework\spring-test\5.0.6.RELEASE\spring-test-5.0.6.RELEASE.jar;E:\java\apache-maven-3.6.0-bin\rep\org\xmlunit\xmlunit-core\2.5.1\xmlunit-core-2.5.1.jar;E:\java\apache-maven-3.6.0-bin\rep\org\springframework\boot\spring-boot-starter-aop\2.0.2.RELEASE\spring-boot-starter-aop-2.0.2.RELEASE.jar;E:\java\apache-maven-3.6.0-bin\rep\org\springframework\spring-aop\5.0.6.RELEASE\spring-aop-5.0.6.RELEASE.jar;E:\java\apache-maven-3.6.0-bin\rep\org\aspectj\aspectjweaver\1.8.13\aspectjweaver-1.8.13.jar;E:\java\apache-maven-3.6.0-bin\rep\org\springframework\boot\spring-boot-starter-actuator\2.0.2.RELEASE\spring-boot-starter-actuator-2.0.2.RELEASE.jar;E:\java\apache-maven-3.6.0-bin\rep\org\springframework\boot\spring-boot-actuator-autoconfigure\2.0.2.RELEASE\spring-boot-actuator-autoconfigure-2.0.2.RELEASE.jar;E:\java\apache-maven-3.6.0-bin\rep\org\springframework\boot\spring-boot-actuator\2.0.2.RELEASE\spring-boot-actuator-2.0.2.RELEASE.jar;E:\java\apache-maven-3.6.0-bin\rep\com\fasterxml\jackson\datatype\jackson-datatype-jsr310\2.9.5\jackson-datatype-jsr310-2.9.5.jar;E:\java\apache-maven-3.6.0-bin\rep\io\micrometer\micrometer-core\1.0.4\micrometer-core-1.0.4.jar;E:\java\apache-maven-3.6.0-bin\rep\org\hdrhistogram\HdrHistogram\2.1.10\HdrHistogram-2.1.10.jar;E:\java\apache-maven-3.6.0-bin\rep\org\latencyutils\LatencyUtils\2.0.3\LatencyUtils-2.0.3.jar;E:\java\apache-maven-3.6.0-bin\rep\com\google\guava\guava\23.0\guava-23.0.jar;E:\java\apache-maven-3.6.0-bin\rep\com\google\code\findbugs\jsr305\1.3.9\jsr305-1.3.9.jar;E:\java\apache-maven-3.6.0-bin\rep\com\google\errorprone\error_prone_annotations\2.0.18\error_prone_annotations-2.0.18.jar;E:\java\apache-maven-3.6.0-bin\rep\com\google\j2objc\j2objc-annotations\1.1\j2objc-annotations-1.1.jar;E:\java\apache-maven-3.6.0-bin\rep\org\codehaus\mojo\animal-sniffer-annotations\1.14\animal-sniffer-annotations-1.14.jar;E:\java\apache-maven-3.6.0-bin\rep\org\apache\commons\commons-lang3\3.7\commons-lang3-3.7.jar;E:\java\apache-maven-3.6.0-bin\rep\com\fasterxml\jackson\core\jackson-databind\2.9.5\jackson-databind-2.9.5.jar;E:\java\apache-maven-3.6.0-bin\rep\com\fasterxml\jackson\core\jackson-core\2.9.5\jackson-core-2.9.5.jar;E:\java\apache-maven-3.6.0-bin\rep\com\fasterxml\jackson\core\jackson-annotations\2.9.0\jackson-annotations-2.9.0.jar;E:\java\apache-maven-3.6.0-bin\rep\commons-codec\commons-codec\1.11\commons-codec-1.11.jar;E:\java\apache-maven-3.6.0-bin\rep\com\alibaba\fastjson\1.2.47\fastjson-1.2.47.jar;E:\java\apache-maven-3.6.0-bin\rep\org\springframework\boot\spring-boot-starter-web\2.0.2.RELEASE\spring-boot-starter-web-2.0.2.RELEASE.jar;E:\java\apache-maven-3.6.0-bin\rep\org\springframework\boot\spring-boot-starter-json\2.0.2.RELEASE\spring-boot-starter-json-2.0.2.RELEASE.jar;E:\java\apache-maven-3.6.0-bin\rep\com\fasterxml\jackson\datatype\jackson-datatype-jdk8\2.9.5\jackson-datatype-jdk8-2.9.5.jar;E:\java\apache-maven-3.6.0-bin\rep\com\fasterxml\jackson\module\jackson-module-parameter-names\2.9.5\jackson-module-parameter-names-2.9.5.jar;E:\java\apache-maven-3.6.0-bin\rep\org\springframework\boot\spring-boot-starter-tomcat\2.0.2.RELEASE\spring-boot-starter-tomcat-2.0.2.RELEASE.jar;E:\java\apache-maven-3.6.0-bin\rep\org\apache\tomcat\embed\tomcat-embed-core\8.5.31\tomcat-embed-core-8.5.31.jar;E:\java\apache-maven-3.6.0-bin\rep\org\apache\tomcat\embed\tomcat-embed-el\8.5.31\tomcat-embed-el-8.5.31.jar;E:\java\apache-maven-3.6.0-bin\rep\org\apache\tomcat\embed\tomcat-embed-websocket\8.5.31\tomcat-embed-websocket-8.5.31.jar;E:\java\apache-maven-3.6.0-bin\rep\org\hibernate\validator\hibernate-validator\6.0.9.Final\hibernate-validator-6.0.9.Final.jar;E:\java\apache-maven-3.6.0-bin\rep\javax\validation\validation-api\2.0.1.Final\validation-api-2.0.1.Final.jar;E:\java\apache-maven-3.6.0-bin\rep\org\jboss\logging\jboss-logging\3.3.2.Final\jboss-logging-3.3.2.Final.jar;E:\java\apache-maven-3.6.0-bin\rep\org\springframework\spring-web\5.0.6.RELEASE\spring-web-5.0.6.RELEASE.jar;E:\java\apache-maven-3.6.0-bin\rep\org\springframework\spring-webmvc\5.0.6.RELEASE\spring-webmvc-5.0.6.RELEASE.jar;E:\java\apache-maven-3.6.0-bin\rep\org\springframework\spring-expression\5.0.6.RELEASE\spring-expression-5.0.6.RELEASE.jar;E:\java\apache-maven-3.6.0-bin\rep\org\springframework\boot\spring-boot-starter-security\2.0.2.RELEASE\spring-boot-starter-security-2.0.2.RELEASE.jar;E:\java\apache-maven-3.6.0-bin\rep\org\springframework\security\spring-security-config\5.0.5.RELEASE\spring-security-config-5.0.5.RELEASE.jar;E:\java\apache-maven-3.6.0-bin\rep\org\springframework\security\spring-security-core\5.0.5.RELEASE\spring-security-core-5.0.5.RELEASE.jar;E:\java\apache-maven-3.6.0-bin\rep\org\springframework\security\spring-security-web\5.0.5.RELEASE\spring-security-web-5.0.5.RELEASE.jar;E:\java\apache-maven-3.6.0-bin\rep\org\mybatis\spring\boot\mybatis-spring-boot-starter\1.3.2\mybatis-spring-boot-starter-1.3.2.jar;E:\java\apache-maven-3.6.0-bin\rep\org\springframework\boot\spring-boot-starter-jdbc\2.0.2.RELEASE\spring-boot-starter-jdbc-2.0.2.RELEASE.jar;E:\java\apache-maven-3.6.0-bin\rep\com\zaxxer\HikariCP\2.7.9\HikariCP-2.7.9.jar;E:\java\apache-maven-3.6.0-bin\rep\org\springframework\spring-jdbc\5.0.6.RELEASE\spring-jdbc-5.0.6.RELEASE.jar;E:\java\apache-maven-3.6.0-bin\rep\org\mybatis\spring\boot\mybatis-spring-boot-autoconfigure\1.3.2\mybatis-spring-boot-autoconfigure-1.3.2.jar;E:\java\apache-maven-3.6.0-bin\rep\org\mybatis\mybatis\3.4.6\mybatis-3.4.6.jar;E:\java\apache-maven-3.6.0-bin\rep\org\mybatis\mybatis-spring\1.3.2\mybatis-spring-1.3.2.jar;E:\java\apache-maven-3.6.0-bin\rep\mysql\mysql-connector-java\5.1.46\mysql-connector-java-5.1.46.jar;E:\java\apache-maven-3.6.0-bin\rep\com\alibaba\druid-spring-boot-starter\1.1.9\druid-spring-boot-starter-1.1.9.jar;E:\java\apache-maven-3.6.0-bin\rep\com\alibaba\druid\1.1.9\druid-1.1.9.jar;E:\java\apache-maven-3.6.0-bin\rep\org\slf4j\slf4j-api\1.7.25\slf4j-api-1.7.25.jar;E:\java\apache-maven-3.6.0-bin\rep\org\springframework\boot\spring-boot-autoconfigure\2.0.2.RELEASE\spring-boot-autoconfigure-2.0.2.RELEASE.jar;E:\java\apache-maven-3.6.0-bin\rep\io\springfox\springfox-swagger2\2.8.0\springfox-swagger2-2.8.0.jar;E:\java\apache-maven-3.6.0-bin\rep\io\swagger\swagger-annotations\1.5.14\swagger-annotations-1.5.14.jar;E:\java\apache-maven-3.6.0-bin\rep\io\swagger\swagger-models\1.5.14\swagger-models-1.5.14.jar;E:\java\apache-maven-3.6.0-bin\rep\io\springfox\springfox-spi\2.8.0\springfox-spi-2.8.0.jar;E:\java\apache-maven-3.6.0-bin\rep\io\springfox\springfox-core\2.8.0\springfox-core-2.8.0.jar;E:\java\apache-maven-3.6.0-bin\rep\io\springfox\springfox-schema\2.8.0\springfox-schema-2.8.0.jar;E:\java\apache-maven-3.6.0-bin\rep\io\springfox\springfox-swagger-common\2.8.0\springfox-swagger-common-2.8.0.jar;E:\java\apache-maven-3.6.0-bin\rep\io\springfox\springfox-spring-web\2.8.0\springfox-spring-web-2.8.0.jar;E:\java\apache-maven-3.6.0-bin\rep\org\reflections\reflections\0.9.11\reflections-0.9.11.jar;E:\java\apache-maven-3.6.0-bin\rep\org\javassist\javassist\3.21.0-GA\javassist-3.21.0-GA.jar;E:\java\apache-maven-3.6.0-bin\rep\com\fasterxml\classmate\1.3.4\classmate-1.3.4.jar;E:\java\apache-maven-3.6.0-bin\rep\org\springframework\plugin\spring-plugin-core\1.2.0.RELEASE\spring-plugin-core-1.2.0.RELEASE.jar;E:\java\apache-maven-3.6.0-bin\rep\org\springframework\plugin\spring-plugin-metadata\1.2.0.RELEASE\spring-plugin-metadata-1.2.0.RELEASE.jar;E:\java\apache-maven-3.6.0-bin\rep\org\mapstruct\mapstruct\1.2.0.Final\mapstruct-1.2.0.Final.jar;E:\java\apache-maven-3.6.0-bin\rep\io\springfox\springfox-bean-validators\2.8.0\springfox-bean-validators-2.8.0.jar;E:\java\apache-maven-3.6.0-bin\rep\io\springfox\springfox-swagger-ui\2.8.0\springfox-swagger-ui-2.8.0.jar;E:\java\apache-maven-3.6.0-bin\rep\org\springframework\boot\spring-boot-starter-mail\2.0.2.RELEASE\spring-boot-starter-mail-2.0.2.RELEASE.jar;E:\java\apache-maven-3.6.0-bin\rep\org\springframework\spring-context\5.0.6.RELEASE\spring-context-5.0.6.RELEASE.jar;E:\java\apache-maven-3.6.0-bin\rep\com\sun\mail\javax.mail\1.6.1\javax.mail-1.6.1.jar;E:\java\apache-maven-3.6.0-bin\rep\javax\activation\activation\1.1\activation-1.1.jar;E:\java\apache-maven-3.6.0-bin\rep\org\springframework\boot\spring-boot-starter-data-redis\2.0.2.RELEASE\spring-boot-starter-data-redis-2.0.2.RELEASE.jar;E:\java\apache-maven-3.6.0-bin\rep\org\springframework\data\spring-data-redis\2.0.7.RELEASE\spring-data-redis-2.0.7.RELEASE.jar;E:\java\apache-maven-3.6.0-bin\rep\org\springframework\data\spring-data-keyvalue\2.0.7.RELEASE\spring-data-keyvalue-2.0.7.RELEASE.jar;E:\java\apache-maven-3.6.0-bin\rep\org\springframework\data\spring-data-commons\2.0.7.RELEASE\spring-data-commons-2.0.7.RELEASE.jar;E:\java\apache-maven-3.6.0-bin\rep\org\springframework\spring-tx\5.0.6.RELEASE\spring-tx-5.0.6.RELEASE.jar;E:\java\apache-maven-3.6.0-bin\rep\org\springframework\spring-oxm\5.0.6.RELEASE\spring-oxm-5.0.6.RELEASE.jar;E:\java\apache-maven-3.6.0-bin\rep\io\lettuce\lettuce-core\5.0.4.RELEASE\lettuce-core-5.0.4.RELEASE.jar;E:\java\apache-maven-3.6.0-bin\rep\io\projectreactor\reactor-core\3.1.7.RELEASE\reactor-core-3.1.7.RELEASE.jar;E:\java\apache-maven-3.6.0-bin\rep\org\reactivestreams\reactive-streams\1.0.2\reactive-streams-1.0.2.jar;E:\java\apache-maven-3.6.0-bin\rep\io\netty\netty-common\4.1.24.Final\netty-common-4.1.24.Final.jar;E:\java\apache-maven-3.6.0-bin\rep\io\netty\netty-transport\4.1.24.Final\netty-transport-4.1.24.Final.jar;E:\java\apache-maven-3.6.0-bin\rep\io\netty\netty-buffer\4.1.24.Final\netty-buffer-4.1.24.Final.jar;E:\java\apache-maven-3.6.0-bin\rep\io\netty\netty-resolver\4.1.24.Final\netty-resolver-4.1.24.Final.jar;E:\java\apache-maven-3.6.0-bin\rep\io\netty\netty-handler\4.1.24.Final\netty-handler-4.1.24.Final.jar;E:\java\apache-maven-3.6.0-bin\rep\io\netty\netty-codec\4.1.24.Final\netty-codec-4.1.24.Final.jar;E:\java\apache-maven-3.6.0-bin\rep\org\quartz-scheduler\quartz\2.3.0\quartz-2.3.0.jar;E:\java\apache-maven-3.6.0-bin\rep\com\mchange\mchange-commons-java\0.2.11\mchange-commons-java-0.2.11.jar;E:\java\apache-maven-3.6.0-bin\rep\org\springframework\spring-context-support\5.0.6.RELEASE\spring-context-support-5.0.6.RELEASE.jar;E:\java\apache-maven-3.6.0-bin\rep\org\springframework\spring-beans\5.0.6.RELEASE\spring-beans-5.0.6.RELEASE.jar;E:\java\apache-maven-3.6.0-bin\rep\org\apache\poi\poi\3.17\poi-3.17.jar;E:\java\apache-maven-3.6.0-bin\rep\org\apache\commons\commons-collections4\4.1\commons-collections4-4.1.jar;E:\java\apache-maven-3.6.0-bin\rep\io\jsonwebtoken\jjwt\0.9.0\jjwt-0.9.0.jar;E:\java\apache-maven-3.6.0-bin\rep\org\apache\commons\commons-pool2\2.5.0\commons-pool2-2.5.0.jar;E:\java\apache-maven-3.6.0-bin\rep\redis\clients\jedis\2.6.2\jedis-2.6.2.jar;E:\java\apache-maven-3.6.0-bin\rep\com\google\code\gson\gson\2.2.4\gson-2.2.4.jar;, user.name=Administrator, java.vm.specification.version=1.8, sun.java.command=C:\Users\ADMINI~1\AppData\Local\Temp\surefire5827153118274939455\surefirebooter2373559177883842843.jar C:\Users\Administrator\AppData\Local\Temp\surefire5827153118274939455 2019-10-27T15-15-56_151-jvmRun1 surefire5870163600106333090tmp surefire_01153139429808108782tmp, java.home=E:\java\jdk\jre, sun.arch.data.model=64, user.language=zh, java.specification.vendor=Oracle Corporation, awt.toolkit=sun.awt.windows.WToolkit, java.vm.info=mixed mode, java.version=1.8.0_191, java.ext.dirs=E:\java\jdk\jre\lib\ext;C:\WINDOWS\Sun\Java\lib\ext, sun.boot.class.path=E:\java\jdk\jre\lib\resources.jar;E:\java\jdk\jre\lib\rt.jar;E:\java\jdk\jre\lib\sunrsasign.jar;E:\java\jdk\jre\lib\jsse.jar;E:\java\jdk\jre\lib\jce.jar;E:\java\jdk\jre\lib\charsets.jar;E:\java\jdk\jre\lib\jfr.jar;E:\java\jdk\jre\classes, java.vendor=Oracle Corporation, localRepository=E:\java\apache-maven-3.6.0-bin\rep, file.separator=\, java.vendor.url.bug=http://bugreport.sun.com/bugreport/, sun.io.unicode.encoding=UnicodeLittle, sun.cpu.endian=little, sun.desktop=windows, sun.cpu.isalist=amd64}}, SystemEnvironmentPropertySource@1691538257 {name='systemEnvironment', properties={PATH=E:/java/jdk/bin/../jre/bin/server;E:/java/jdk/bin/../jre/bin;E:/java/jdk/bin/../jre/lib/amd64;C:\WINDOWS\system32;C:\WINDOWS;C:\WINDOWS\System32\Wbem;C:\WINDOWS\System32\WindowsPowerShell\v1.0\;D:\java\jdk\bin;C:\WINDOWS\System32\OpenSSH\;E:\java\jdk\bin;C:\Users\Administrator\AppData\Local\Microsoft\WindowsApps;;C:\WINDOWS\System32;, USERDOMAIN_ROAMINGPROFILE=SC-201902250200, LOCALAPPDATA=C:\Users\Administrator\AppData\Local, PROCESSOR_LEVEL=6, SYSTEMDRIVE=C:, COMMONPROGRAMFILES(X86)=C:\Program Files (x86)\Common Files, USERDOMAIN=SC-201902250200, FPS_BROWSER_APP_PROFILE_STRING=Internet Explorer, LOGONSERVER=\\SC-201902250200, PROMPT=$P$G, SESSIONNAME=Console, ALLUSERSPROFILE=C:\ProgramData, PROGRAMFILES(X86)=C:\Program Files (x86), PROCESSOR_ARCHITECTURE=AMD64, DRIVERDATA=C:\Windows\System32\Drivers\DriverData, =E:=E:\java\01、boot-security源码\boot-security源码, PROGRAMFILES=C:\Program Files, APPDATA=C:\Users\Administrator\AppData\Roaming, PSMODULEPATH=C:\Program Files\WindowsPowerShell\Modules;C:\WINDOWS\system32\WindowsPowerShell\v1.0\Modules, PROGRAMW6432=C:\Program Files, PROGRAMDATA=C:\ProgramData, SYSTEMROOT=C:\WINDOWS, USERNAME=Administrator, FPS_BROWSER_USER_PROFILE_STRING=Default, ONEDRIVE=C:\Users\Administrator\OneDrive, PATHEXT=.COM;.EXE;.BAT;.CMD;.VBS;.VBE;.JS;.JSE;.WSF;.WSH;.MSC, OS=Windows_NT, COMMONPROGRAMW6432=C:\Program Files\Common Files, COMPUTERNAME=SC-201902250200, COMMONPROGRAMFILES=C:\Program Files\Common Files, COMSPEC=C:\WINDOWS\system32\cmd.exe, PROCESSOR_REVISION=3e04, WINDIR=C:\WINDOWS, HOMEPATH=\Users\Administrator, TEMP=C:\Users\ADMINI~1\AppData\Local\Temp, HOMEDRIVE=C:, PROCESSOR_IDENTIFIER=Intel64 Family 6 Model 62 Stepping 4, GenuineIntel, USERPROFILE=C:\Users\Administrator, TMP=C:\Users\ADMINI~1\AppData\Local\Temp, PUBLIC=C:\Users\Public, NUMBER_OF_PROCESSORS=20, =::=::\}}]
15:15:57.605 [main] DEBUG org.springframework.core.io.support.PathMatchingResourcePatternResolver - Resolved classpath location [com/boot/security/server/] to resources [URL [file:/E:/java/01%E3%80%81boot-security%E6%BA%90%E7%A0%81/boot-security%E6%BA%90%E7%A0%81/target/test-classes/com/boot/security/server/], URL [file:/E:/java/01%E3%80%81boot-security%E6%BA%90%E7%A0%81/boot-security%E6%BA%90%E7%A0%81/target/classes/com/boot/security/server/]]
15:15:57.607 [main] DEBUG org.springframework.core.io.support.PathMatchingResourcePatternResolver - Looking for matching resources in directory tree [E:\java\01、boot-security源码\boot-security源码\target\test-classes\com\boot\security\server]
15:15:57.607 [main] DEBUG org.springframework.core.io.support.PathMatchingResourcePatternResolver - Searching directory [E:\java\01、boot-security源码\boot-security源码\target\test-classes\com\boot\security\server] for files matching pattern [E:/java/01、boot-security源码/boot-security源码/target/test-classes/com/boot/security/server/*.class]
15:15:57.614 [main] DEBUG org.springframework.core.io.support.PathMatchingResourcePatternResolver - Looking for matching resources in directory tree [E:\java\01、boot-security源码\boot-security源码\target\classes\com\boot\security\server]
15:15:57.614 [main] DEBUG org.springframework.core.io.support.PathMatchingResourcePatternResolver - Searching directory [E:\java\01、boot-security源码\boot-security源码\target\classes\com\boot\security\server] for files matching pattern [E:/java/01、boot-security源码/boot-security源码/target/classes/com/boot/security/server/*.class]
15:15:57.617 [main] DEBUG org.springframework.core.io.support.PathMatchingResourcePatternResolver - Resolved location pattern [classpath*:com/boot/security/server/*.class] to resources [file [E:\java\01、boot-security源码\boot-security源码\target\test-classes\com\boot\security\server\SecurityApplicationTest.class], file [E:\java\01、boot-security源码\boot-security源码\target\classes\com\boot\security\server\SecurityApplication.class]]
15:15:57.682 [main] DEBUG org.springframework.context.annotation.ClassPathScanningCandidateComponentProvider - Identified candidate component class: file [E:\java\01、boot-security源码\boot-security源码\target\classes\com\boot\security\server\SecurityApplication.class]
15:15:57.683 [main] INFO org.springframework.boot.test.context.SpringBootTestContextBootstrapper - Found @SpringBootConfiguration com.boot.security.server.SecurityApplication for test class com.boot.security.server.SecurityApplicationTest
15:15:57.815 [main] DEBUG org.springframework.boot.test.context.SpringBootTestContextBootstrapper - @TestExecutionListeners is not present for class [com.boot.security.server.SecurityApplicationTest]: using defaults.
15:15:57.816 [main] INFO org.springframework.boot.test.context.SpringBootTestContextBootstrapper - Loaded default TestExecutionListener class names from location [META-INF/spring.factories]: [org.springframework.boot.test.mock.mockito.MockitoTestExecutionListener, org.springframework.boot.test.mock.mockito.ResetMocksTestExecutionListener, org.springframework.boot.test.autoconfigure.restdocs.RestDocsTestExecutionListener, org.springframework.boot.test.autoconfigure.web.client.MockRestServiceServerResetTestExecutionListener, org.springframework.boot.test.autoconfigure.web.servlet.MockMvcPrintOnlyOnFailureTestExecutionListener, org.springframework.boot.test.autoconfigure.web.servlet.WebDriverTestExecutionListener, org.springframework.test.context.web.ServletTestExecutionListener, org.springframework.test.context.support.DirtiesContextBeforeModesTestExecutionListener, org.springframework.test.context.support.DependencyInjectionTestExecutionListener, org.springframework.test.context.support.DirtiesContextTestExecutionListener, org.springframework.test.context.transaction.TransactionalTestExecutionListener, org.springframework.test.context.jdbc.SqlScriptsTestExecutionListener]
15:15:57.953 [main] INFO org.springframework.boot.test.context.SpringBootTestContextBootstrapper - Using TestExecutionListeners: [org.springframework.test.context.web.ServletTestExecutionListener@316bcf94, org.springframework.test.context.support.DirtiesContextBeforeModesTestExecutionListener@6404f418, org.springframework.boot.test.mock.mockito.MockitoTestExecutionListener@3e11f9e9, org.springframework.boot.test.autoconfigure.SpringBootDependencyInjectionTestExecutionListener@1de5f259, org.springframework.test.context.support.DirtiesContextTestExecutionListener@729d991e, org.springframework.test.context.transaction.TransactionalTestExecutionListener@31fa1761, org.springframework.test.context.jdbc.SqlScriptsTestExecutionListener@957e06, org.springframework.boot.test.mock.mockito.ResetMocksTestExecutionListener@32502377, org.springframework.boot.test.autoconfigure.restdocs.RestDocsTestExecutionListener@2c1b194a, org.springframework.boot.test.autoconfigure.web.client.MockRestServiceServerResetTestExecutionListener@4dbb42b7, org.springframework.boot.test.autoconfigure.web.servlet.MockMvcPrintOnlyOnFailureTestExecutionListener@66f57048, org.springframework.boot.test.autoconfigure.web.servlet.WebDriverTestExecutionListener@550dbc7a]
15:15:57.955 [main] DEBUG org.springframework.test.annotation.ProfileValueUtils - Retrieved @ProfileValueSourceConfiguration [null] for test class [com.boot.security.server.SecurityApplicationTest]
15:15:57.955 [main] DEBUG org.springframework.test.annotation.ProfileValueUtils - Retrieved ProfileValueSource type [class org.springframework.test.annotation.SystemProfileValueSource] for class [com.boot.security.server.SecurityApplicationTest]
15:15:57.956 [main] DEBUG org.springframework.test.annotation.ProfileValueUtils - Retrieved @ProfileValueSourceConfiguration [null] for test class [com.boot.security.server.SecurityApplicationTest]
15:15:57.957 [main] DEBUG org.springframework.test.annotation.ProfileValueUtils - Retrieved ProfileValueSource type [class org.springframework.test.annotation.SystemProfileValueSource] for class [com.boot.security.server.SecurityApplicationTest]
15:15:57.957 [main] DEBUG org.springframework.test.annotation.ProfileValueUtils - Retrieved @ProfileValueSourceConfiguration [null] for test class [com.boot.security.server.SecurityApplicationTest]
15:15:57.957 [main] DEBUG org.springframework.test.annotation.ProfileValueUtils - Retrieved ProfileValueSource type [class org.springframework.test.annotation.SystemProfileValueSource] for class [com.boot.security.server.SecurityApplicationTest]
15:15:57.961 [main] DEBUG org.springframework.test.context.support.AbstractDirtiesContextTestExecutionListener - Before test class: context [DefaultTestContext@2d710f1a testClass = SecurityApplicationTest, testInstance = [null], testMethod = [null], testException = [null], mergedContextConfiguration = [WebMergedContextConfiguration@29215f06 testClass = SecurityApplicationTest, locations = '{}', classes = '{class com.boot.security.server.SecurityApplication}', contextInitializerClasses = '[]', activeProfiles = '{}', propertySourceLocations = '{}', propertySourceProperties = '{org.springframework.boot.test.context.SpringBootTestContextBootstrapper=true}', contextCustomizers = set[org.springframework.boot.test.context.filter.ExcludeFilterContextCustomizer@46238e3f, org.springframework.boot.test.json.DuplicateJsonObjectContextCustomizerFactory$DuplicateJsonObjectContextCustomizer@4e4aea35, org.springframework.boot.test.mock.mockito.MockitoContextCustomizer@0, org.springframework.boot.test.web.client.TestRestTemplateContextCustomizer@62fdb4a6, org.springframework.boot.test.autoconfigure.properties.PropertyMappingContextCustomizer@0, org.springframework.boot.test.autoconfigure.web.servlet.WebDriverContextCustomizerFactory$Customizer@442675e1], resourceBasePath = 'src/main/webapp', contextLoader = 'org.springframework.boot.test.context.SpringBootContextLoader', parent = [null]], attributes = map['org.springframework.test.context.web.ServletTestExecutionListener.activateListener' -> true]], class annotated with @DirtiesContext [false] with mode [null].
15:15:57.962 [main] DEBUG org.springframework.test.annotation.ProfileValueUtils - Retrieved @ProfileValueSourceConfiguration [null] for test class [com.boot.security.server.SecurityApplicationTest]
15:15:57.962 [main] DEBUG org.springframework.test.annotation.ProfileValueUtils - Retrieved ProfileValueSource type [class org.springframework.test.annotation.SystemProfileValueSource] for class [com.boot.security.server.SecurityApplicationTest]
15:15:57.983 [main] DEBUG org.springframework.core.env.StandardEnvironment - Adding PropertySource 'systemProperties' with lowest search precedence
15:15:57.983 [main] DEBUG org.springframework.core.env.StandardEnvironment - Adding PropertySource 'systemEnvironment' with lowest search precedence
15:15:57.983 [main] DEBUG org.springframework.core.env.StandardEnvironment - Initialized StandardEnvironment with PropertySources [MapPropertySource@1852777344 {name='systemProperties', properties={java.runtime.name=Java(TM) SE Runtime Environment, sun.boot.library.path=E:\java\jdk\jre\bin, java.vm.version=25.191-b12, java.vm.vendor=Oracle Corporation, java.vendor.url=http://java.oracle.com/, java.rmi.server.randomIDs=true, path.separator=;, java.vm.name=Java HotSpot(TM) 64-Bit Server VM, file.encoding.pkg=sun.io, user.country=CN, user.script=, sun.java.launcher=SUN_STANDARD, sun.os.patch.level=, java.vm.specification.name=Java Virtual Machine Specification, user.dir=E:\java\01、boot-security源码\boot-security源码, java.runtime.version=1.8.0_191-b12, basedir=E:\java\01、boot-security源码\boot-security源码, java.awt.graphicsenv=sun.awt.Win32GraphicsEnvironment, java.endorsed.dirs=E:\java\jdk\jre\lib\endorsed, os.arch=amd64, surefire.real.class.path=C:\Users\ADMINI~1\AppData\Local\Temp\surefire5827153118274939455\surefirebooter2373559177883842843.jar, java.io.tmpdir=C:\Users\ADMINI~1\AppData\Local\Temp\, line.separator=
, java.vm.specification.vendor=Oracle Corporation, user.variant=, os.name=Windows 10, sun.jnu.encoding=GBK, java.library.path=E:\java\jdk\jre\bin;C:\WINDOWS\Sun\Java\bin;C:\WINDOWS\system32;C:\WINDOWS;E:/java/jdk/bin/../jre/bin/server;E:/java/jdk/bin/../jre/bin;E:/java/jdk/bin/../jre/lib/amd64;C:\WINDOWS\system32;C:\WINDOWS;C:\WINDOWS\System32\Wbem;C:\WINDOWS\System32\WindowsPowerShell\v1.0\;D:\java\jdk\bin;C:\WINDOWS\System32\OpenSSH\;E:\java\jdk\bin;C:\Users\Administrator\AppData\Local\Microsoft\WindowsApps;;C:\WINDOWS\System32;;., surefire.test.class.path=E:\java\01、boot-security源码\boot-security源码\target\test-classes;E:\java\01、boot-security源码\boot-security源码\target\classes;E:\java\apache-maven-3.6.0-bin\rep\org\springframework\boot\spring-boot-starter-test\2.0.2.RELEASE\spring-boot-starter-test-2.0.2.RELEASE.jar;E:\java\apache-maven-3.6.0-bin\rep\org\springframework\boot\spring-boot-starter\2.0.2.RELEASE\spring-boot-starter-2.0.2.RELEASE.jar;E:\java\apache-maven-3.6.0-bin\rep\org\springframework\boot\spring-boot\2.0.2.RELEASE\spring-boot-2.0.2.RELEASE.jar;E:\java\apache-maven-3.6.0-bin\rep\org\springframework\boot\spring-boot-starter-logging\2.0.2.RELEASE\spring-boot-starter-logging-2.0.2.RELEASE.jar;E:\java\apache-maven-3.6.0-bin\rep\ch\qos\logback\logback-classic\1.2.3\logback-classic-1.2.3.jar;E:\java\apache-maven-3.6.0-bin\rep\ch\qos\logback\logback-core\1.2.3\logback-core-1.2.3.jar;E:\java\apache-maven-3.6.0-bin\rep\org\apache\logging\log4j\log4j-to-slf4j\2.10.0\log4j-to-slf4j-2.10.0.jar;E:\java\apache-maven-3.6.0-bin\rep\org\apache\logging\log4j\log4j-api\2.10.0\log4j-api-2.10.0.jar;E:\java\apache-maven-3.6.0-bin\rep\org\slf4j\jul-to-slf4j\1.7.25\jul-to-slf4j-1.7.25.jar;E:\java\apache-maven-3.6.0-bin\rep\javax\annotation\javax.annotation-api\1.3.2\javax.annotation-api-1.3.2.jar;E:\java\apache-maven-3.6.0-bin\rep\org\yaml\snakeyaml\1.19\snakeyaml-1.19.jar;E:\java\apache-maven-3.6.0-bin\rep\org\springframework\boot\spring-boot-test\2.0.2.RELEASE\spring-boot-test-2.0.2.RELEASE.jar;E:\java\apache-maven-3.6.0-bin\rep\org\springframework\boot\spring-boot-test-autoconfigure\2.0.2.RELEASE\spring-boot-test-autoconfigure-2.0.2.RELEASE.jar;E:\java\apache-maven-3.6.0-bin\rep\com\jayway\jsonpath\json-path\2.4.0\json-path-2.4.0.jar;E:\java\apache-maven-3.6.0-bin\rep\net\minidev\json-smart\2.3\json-smart-2.3.jar;E:\java\apache-maven-3.6.0-bin\rep\net\minidev\accessors-smart\1.2\accessors-smart-1.2.jar;E:\java\apache-maven-3.6.0-bin\rep\org\ow2\asm\asm\5.0.4\asm-5.0.4.jar;E:\java\apache-maven-3.6.0-bin\rep\junit\junit\4.12\junit-4.12.jar;E:\java\apache-maven-3.6.0-bin\rep\org\assertj\assertj-core\3.9.1\assertj-core-3.9.1.jar;E:\java\apache-maven-3.6.0-bin\rep\org\mockito\mockito-core\2.15.0\mockito-core-2.15.0.jar;E:\java\apache-maven-3.6.0-bin\rep\net\bytebuddy\byte-buddy\1.7.11\byte-buddy-1.7.11.jar;E:\java\apache-maven-3.6.0-bin\rep\net\bytebuddy\byte-buddy-agent\1.7.11\byte-buddy-agent-1.7.11.jar;E:\java\apache-maven-3.6.0-bin\rep\org\objenesis\objenesis\2.6\objenesis-2.6.jar;E:\java\apache-maven-3.6.0-bin\rep\org\hamcrest\hamcrest-core\1.3\hamcrest-core-1.3.jar;E:\java\apache-maven-3.6.0-bin\rep\org\hamcrest\hamcrest-library\1.3\hamcrest-library-1.3.jar;E:\java\apache-maven-3.6.0-bin\rep\org\skyscreamer\jsonassert\1.5.0\jsonassert-1.5.0.jar;E:\java\apache-maven-3.6.0-bin\rep\com\vaadin\external\google\android-json\0.0.20131108.vaadin1\android-json-0.0.20131108.vaadin1.jar;E:\java\apache-maven-3.6.0-bin\rep\org\springframework\spring-core\5.0.6.RELEASE\spring-core-5.0.6.RELEASE.jar;E:\java\apache-maven-3.6.0-bin\rep\org\springframework\spring-jcl\5.0.6.RELEASE\spring-jcl-5.0.6.RELEASE.jar;E:\java\apache-maven-3.6.0-bin\rep\org\springframework\spring-test\5.0.6.RELEASE\spring-test-5.0.6.RELEASE.jar;E:\java\apache-maven-3.6.0-bin\rep\org\xmlunit\xmlunit-core\2.5.1\xmlunit-core-2.5.1.jar;E:\java\apache-maven-3.6.0-bin\rep\org\springframework\boot\spring-boot-starter-aop\2.0.2.RELEASE\spring-boot-starter-aop-2.0.2.RELEASE.jar;E:\java\apache-maven-3.6.0-bin\rep\org\springframework\spring-aop\5.0.6.RELEASE\spring-aop-5.0.6.RELEASE.jar;E:\java\apache-maven-3.6.0-bin\rep\org\aspectj\aspectjweaver\1.8.13\aspectjweaver-1.8.13.jar;E:\java\apache-maven-3.6.0-bin\rep\org\springframework\boot\spring-boot-starter-actuator\2.0.2.RELEASE\spring-boot-starter-actuator-2.0.2.RELEASE.jar;E:\java\apache-maven-3.6.0-bin\rep\org\springframework\boot\spring-boot-actuator-autoconfigure\2.0.2.RELEASE\spring-boot-actuator-autoconfigure-2.0.2.RELEASE.jar;E:\java\apache-maven-3.6.0-bin\rep\org\springframework\boot\spring-boot-actuator\2.0.2.RELEASE\spring-boot-actuator-2.0.2.RELEASE.jar;E:\java\apache-maven-3.6.0-bin\rep\com\fasterxml\jackson\datatype\jackson-datatype-jsr310\2.9.5\jackson-datatype-jsr310-2.9.5.jar;E:\java\apache-maven-3.6.0-bin\rep\io\micrometer\micrometer-core\1.0.4\micrometer-core-1.0.4.jar;E:\java\apache-maven-3.6.0-bin\rep\org\hdrhistogram\HdrHistogram\2.1.10\HdrHistogram-2.1.10.jar;E:\java\apache-maven-3.6.0-bin\rep\org\latencyutils\LatencyUtils\2.0.3\LatencyUtils-2.0.3.jar;E:\java\apache-maven-3.6.0-bin\rep\com\google\guava\guava\23.0\guava-23.0.jar;E:\java\apache-maven-3.6.0-bin\rep\com\google\code\findbugs\jsr305\1.3.9\jsr305-1.3.9.jar;E:\java\apache-maven-3.6.0-bin\rep\com\google\errorprone\error_prone_annotations\2.0.18\error_prone_annotations-2.0.18.jar;E:\java\apache-maven-3.6.0-bin\rep\com\google\j2objc\j2objc-annotations\1.1\j2objc-annotations-1.1.jar;E:\java\apache-maven-3.6.0-bin\rep\org\codehaus\mojo\animal-sniffer-annotations\1.14\animal-sniffer-annotations-1.14.jar;E:\java\apache-maven-3.6.0-bin\rep\org\apache\commons\commons-lang3\3.7\commons-lang3-3.7.jar;E:\java\apache-maven-3.6.0-bin\rep\com\fasterxml\jackson\core\jackson-databind\2.9.5\jackson-databind-2.9.5.jar;E:\java\apache-maven-3.6.0-bin\rep\com\fasterxml\jackson\core\jackson-core\2.9.5\jackson-core-2.9.5.jar;E:\java\apache-maven-3.6.0-bin\rep\com\fasterxml\jackson\core\jackson-annotations\2.9.0\jackson-annotations-2.9.0.jar;E:\java\apache-maven-3.6.0-bin\rep\commons-codec\commons-codec\1.11\commons-codec-1.11.jar;E:\java\apache-maven-3.6.0-bin\rep\com\alibaba\fastjson\1.2.47\fastjson-1.2.47.jar;E:\java\apache-maven-3.6.0-bin\rep\org\springframework\boot\spring-boot-starter-web\2.0.2.RELEASE\spring-boot-starter-web-2.0.2.RELEASE.jar;E:\java\apache-maven-3.6.0-bin\rep\org\springframework\boot\spring-boot-starter-json\2.0.2.RELEASE\spring-boot-starter-json-2.0.2.RELEASE.jar;E:\java\apache-maven-3.6.0-bin\rep\com\fasterxml\jackson\datatype\jackson-datatype-jdk8\2.9.5\jackson-datatype-jdk8-2.9.5.jar;E:\java\apache-maven-3.6.0-bin\rep\com\fasterxml\jackson\module\jackson-module-parameter-names\2.9.5\jackson-module-parameter-names-2.9.5.jar;E:\java\apache-maven-3.6.0-bin\rep\org\springframework\boot\spring-boot-starter-tomcat\2.0.2.RELEASE\spring-boot-starter-tomcat-2.0.2.RELEASE.jar;E:\java\apache-maven-3.6.0-bin\rep\org\apache\tomcat\embed\tomcat-embed-core\8.5.31\tomcat-embed-core-8.5.31.jar;E:\java\apache-maven-3.6.0-bin\rep\org\apache\tomcat\embed\tomcat-embed-el\8.5.31\tomcat-embed-el-8.5.31.jar;E:\java\apache-maven-3.6.0-bin\rep\org\apache\tomcat\embed\tomcat-embed-websocket\8.5.31\tomcat-embed-websocket-8.5.31.jar;E:\java\apache-maven-3.6.0-bin\rep\org\hibernate\validator\hibernate-validator\6.0.9.Final\hibernate-validator-6.0.9.Final.jar;E:\java\apache-maven-3.6.0-bin\rep\javax\validation\validation-api\2.0.1.Final\validation-api-2.0.1.Final.jar;E:\java\apache-maven-3.6.0-bin\rep\org\jboss\logging\jboss-logging\3.3.2.Final\jboss-logging-3.3.2.Final.jar;E:\java\apache-maven-3.6.0-bin\rep\org\springframework\spring-web\5.0.6.RELEASE\spring-web-5.0.6.RELEASE.jar;E:\java\apache-maven-3.6.0-bin\rep\org\springframework\spring-webmvc\5.0.6.RELEASE\spring-webmvc-5.0.6.RELEASE.jar;E:\java\apache-maven-3.6.0-bin\rep\org\springframework\spring-expression\5.0.6.RELEASE\spring-expression-5.0.6.RELEASE.jar;E:\java\apache-maven-3.6.0-bin\rep\org\springframework\boot\spring-boot-starter-security\2.0.2.RELEASE\spring-boot-starter-security-2.0.2.RELEASE.jar;E:\java\apache-maven-3.6.0-bin\rep\org\springframework\security\spring-security-config\5.0.5.RELEASE\spring-security-config-5.0.5.RELEASE.jar;E:\java\apache-maven-3.6.0-bin\rep\org\springframework\security\spring-security-core\5.0.5.RELEASE\spring-security-core-5.0.5.RELEASE.jar;E:\java\apache-maven-3.6.0-bin\rep\org\springframework\security\spring-security-web\5.0.5.RELEASE\spring-security-web-5.0.5.RELEASE.jar;E:\java\apache-maven-3.6.0-bin\rep\org\mybatis\spring\boot\mybatis-spring-boot-starter\1.3.2\mybatis-spring-boot-starter-1.3.2.jar;E:\java\apache-maven-3.6.0-bin\rep\org\springframework\boot\spring-boot-starter-jdbc\2.0.2.RELEASE\spring-boot-starter-jdbc-2.0.2.RELEASE.jar;E:\java\apache-maven-3.6.0-bin\rep\com\zaxxer\HikariCP\2.7.9\HikariCP-2.7.9.jar;E:\java\apache-maven-3.6.0-bin\rep\org\springframework\spring-jdbc\5.0.6.RELEASE\spring-jdbc-5.0.6.RELEASE.jar;E:\java\apache-maven-3.6.0-bin\rep\org\mybatis\spring\boot\mybatis-spring-boot-autoconfigure\1.3.2\mybatis-spring-boot-autoconfigure-1.3.2.jar;E:\java\apache-maven-3.6.0-bin\rep\org\mybatis\mybatis\3.4.6\mybatis-3.4.6.jar;E:\java\apache-maven-3.6.0-bin\rep\org\mybatis\mybatis-spring\1.3.2\mybatis-spring-1.3.2.jar;E:\java\apache-maven-3.6.0-bin\rep\mysql\mysql-connector-java\5.1.46\mysql-connector-java-5.1.46.jar;E:\java\apache-maven-3.6.0-bin\rep\com\alibaba\druid-spring-boot-starter\1.1.9\druid-spring-boot-starter-1.1.9.jar;E:\java\apache-maven-3.6.0-bin\rep\com\alibaba\druid\1.1.9\druid-1.1.9.jar;E:\java\apache-maven-3.6.0-bin\rep\org\slf4j\slf4j-api\1.7.25\slf4j-api-1.7.25.jar;E:\java\apache-maven-3.6.0-bin\rep\org\springframework\boot\spring-boot-autoconfigure\2.0.2.RELEASE\spring-boot-autoconfigure-2.0.2.RELEASE.jar;E:\java\apache-maven-3.6.0-bin\rep\io\springfox\springfox-swagger2\2.8.0\springfox-swagger2-2.8.0.jar;E:\java\apache-maven-3.6.0-bin\rep\io\swagger\swagger-annotations\1.5.14\swagger-annotations-1.5.14.jar;E:\java\apache-maven-3.6.0-bin\rep\io\swagger\swagger-models\1.5.14\swagger-models-1.5.14.jar;E:\java\apache-maven-3.6.0-bin\rep\io\springfox\springfox-spi\2.8.0\springfox-spi-2.8.0.jar;E:\java\apache-maven-3.6.0-bin\rep\io\springfox\springfox-core\2.8.0\springfox-core-2.8.0.jar;E:\java\apache-maven-3.6.0-bin\rep\io\springfox\springfox-schema\2.8.0\springfox-schema-2.8.0.jar;E:\java\apache-maven-3.6.0-bin\rep\io\springfox\springfox-swagger-common\2.8.0\springfox-swagger-common-2.8.0.jar;E:\java\apache-maven-3.6.0-bin\rep\io\springfox\springfox-spring-web\2.8.0\springfox-spring-web-2.8.0.jar;E:\java\apache-maven-3.6.0-bin\rep\org\reflections\reflections\0.9.11\reflections-0.9.11.jar;E:\java\apache-maven-3.6.0-bin\rep\org\javassist\javassist\3.21.0-GA\javassist-3.21.0-GA.jar;E:\java\apache-maven-3.6.0-bin\rep\com\fasterxml\classmate\1.3.4\classmate-1.3.4.jar;E:\java\apache-maven-3.6.0-bin\rep\org\springframework\plugin\spring-plugin-core\1.2.0.RELEASE\spring-plugin-core-1.2.0.RELEASE.jar;E:\java\apache-maven-3.6.0-bin\rep\org\springframework\plugin\spring-plugin-metadata\1.2.0.RELEASE\spring-plugin-metadata-1.2.0.RELEASE.jar;E:\java\apache-maven-3.6.0-bin\rep\org\mapstruct\mapstruct\1.2.0.Final\mapstruct-1.2.0.Final.jar;E:\java\apache-maven-3.6.0-bin\rep\io\springfox\springfox-bean-validators\2.8.0\springfox-bean-validators-2.8.0.jar;E:\java\apache-maven-3.6.0-bin\rep\io\springfox\springfox-swagger-ui\2.8.0\springfox-swagger-ui-2.8.0.jar;E:\java\apache-maven-3.6.0-bin\rep\org\springframework\boot\spring-boot-starter-mail\2.0.2.RELEASE\spring-boot-starter-mail-2.0.2.RELEASE.jar;E:\java\apache-maven-3.6.0-bin\rep\org\springframework\spring-context\5.0.6.RELEASE\spring-context-5.0.6.RELEASE.jar;E:\java\apache-maven-3.6.0-bin\rep\com\sun\mail\javax.mail\1.6.1\javax.mail-1.6.1.jar;E:\java\apache-maven-3.6.0-bin\rep\javax\activation\activation\1.1\activation-1.1.jar;E:\java\apache-maven-3.6.0-bin\rep\org\springframework\boot\spring-boot-starter-data-redis\2.0.2.RELEASE\spring-boot-starter-data-redis-2.0.2.RELEASE.jar;E:\java\apache-maven-3.6.0-bin\rep\org\springframework\data\spring-data-redis\2.0.7.RELEASE\spring-data-redis-2.0.7.RELEASE.jar;E:\java\apache-maven-3.6.0-bin\rep\org\springframework\data\spring-data-keyvalue\2.0.7.RELEASE\spring-data-keyvalue-2.0.7.RELEASE.jar;E:\java\apache-maven-3.6.0-bin\rep\org\springframework\data\spring-data-commons\2.0.7.RELEASE\spring-data-commons-2.0.7.RELEASE.jar;E:\java\apache-maven-3.6.0-bin\rep\org\springframework\spring-tx\5.0.6.RELEASE\spring-tx-5.0.6.RELEASE.jar;E:\java\apache-maven-3.6.0-bin\rep\org\springframework\spring-oxm\5.0.6.RELEASE\spring-oxm-5.0.6.RELEASE.jar;E:\java\apache-maven-3.6.0-bin\rep\io\lettuce\lettuce-core\5.0.4.RELEASE\lettuce-core-5.0.4.RELEASE.jar;E:\java\apache-maven-3.6.0-bin\rep\io\projectreactor\reactor-core\3.1.7.RELEASE\reactor-core-3.1.7.RELEASE.jar;E:\java\apache-maven-3.6.0-bin\rep\org\reactivestreams\reactive-streams\1.0.2\reactive-streams-1.0.2.jar;E:\java\apache-maven-3.6.0-bin\rep\io\netty\netty-common\4.1.24.Final\netty-common-4.1.24.Final.jar;E:\java\apache-maven-3.6.0-bin\rep\io\netty\netty-transport\4.1.24.Final\netty-transport-4.1.24.Final.jar;E:\java\apache-maven-3.6.0-bin\rep\io\netty\netty-buffer\4.1.24.Final\netty-buffer-4.1.24.Final.jar;E:\java\apache-maven-3.6.0-bin\rep\io\netty\netty-resolver\4.1.24.Final\netty-resolver-4.1.24.Final.jar;E:\java\apache-maven-3.6.0-bin\rep\io\netty\netty-handler\4.1.24.Final\netty-handler-4.1.24.Final.jar;E:\java\apache-maven-3.6.0-bin\rep\io\netty\netty-codec\4.1.24.Final\netty-codec-4.1.24.Final.jar;E:\java\apache-maven-3.6.0-bin\rep\org\quartz-scheduler\quartz\2.3.0\quartz-2.3.0.jar;E:\java\apache-maven-3.6.0-bin\rep\com\mchange\mchange-commons-java\0.2.11\mchange-commons-java-0.2.11.jar;E:\java\apache-maven-3.6.0-bin\rep\org\springframework\spring-context-support\5.0.6.RELEASE\spring-context-support-5.0.6.RELEASE.jar;E:\java\apache-maven-3.6.0-bin\rep\org\springframework\spring-beans\5.0.6.RELEASE\spring-beans-5.0.6.RELEASE.jar;E:\java\apache-maven-3.6.0-bin\rep\org\apache\poi\poi\3.17\poi-3.17.jar;E:\java\apache-maven-3.6.0-bin\rep\org\apache\commons\commons-collections4\4.1\commons-collections4-4.1.jar;E:\java\apache-maven-3.6.0-bin\rep\io\jsonwebtoken\jjwt\0.9.0\jjwt-0.9.0.jar;E:\java\apache-maven-3.6.0-bin\rep\org\apache\commons\commons-pool2\2.5.0\commons-pool2-2.5.0.jar;E:\java\apache-maven-3.6.0-bin\rep\redis\clients\jedis\2.6.2\jedis-2.6.2.jar;E:\java\apache-maven-3.6.0-bin\rep\com\google\code\gson\gson\2.2.4\gson-2.2.4.jar;, java.specification.name=Java Platform API Specification, java.class.version=52.0, sun.management.compiler=HotSpot 64-Bit Tiered Compilers, os.version=10.0, user.home=C:\Users\Administrator, user.timezone=Asia/Shanghai, java.awt.printerjob=sun.awt.windows.WPrinterJob, file.encoding=GBK, java.specification.version=1.8, java.class.path=E:\java\01、boot-security源码\boot-security源码\target\test-classes;E:\java\01、boot-security源码\boot-security源码\target\classes;E:\java\apache-maven-3.6.0-bin\rep\org\springframework\boot\spring-boot-starter-test\2.0.2.RELEASE\spring-boot-starter-test-2.0.2.RELEASE.jar;E:\java\apache-maven-3.6.0-bin\rep\org\springframework\boot\spring-boot-starter\2.0.2.RELEASE\spring-boot-starter-2.0.2.RELEASE.jar;E:\java\apache-maven-3.6.0-bin\rep\org\springframework\boot\spring-boot\2.0.2.RELEASE\spring-boot-2.0.2.RELEASE.jar;E:\java\apache-maven-3.6.0-bin\rep\org\springframework\boot\spring-boot-starter-logging\2.0.2.RELEASE\spring-boot-starter-logging-2.0.2.RELEASE.jar;E:\java\apache-maven-3.6.0-bin\rep\ch\qos\logback\logback-classic\1.2.3\logback-classic-1.2.3.jar;E:\java\apache-maven-3.6.0-bin\rep\ch\qos\logback\logback-core\1.2.3\logback-core-1.2.3.jar;E:\java\apache-maven-3.6.0-bin\rep\org\apache\logging\log4j\log4j-to-slf4j\2.10.0\log4j-to-slf4j-2.10.0.jar;E:\java\apache-maven-3.6.0-bin\rep\org\apache\logging\log4j\log4j-api\2.10.0\log4j-api-2.10.0.jar;E:\java\apache-maven-3.6.0-bin\rep\org\slf4j\jul-to-slf4j\1.7.25\jul-to-slf4j-1.7.25.jar;E:\java\apache-maven-3.6.0-bin\rep\javax\annotation\javax.annotation-api\1.3.2\javax.annotation-api-1.3.2.jar;E:\java\apache-maven-3.6.0-bin\rep\org\yaml\snakeyaml\1.19\snakeyaml-1.19.jar;E:\java\apache-maven-3.6.0-bin\rep\org\springframework\boot\spring-boot-test\2.0.2.RELEASE\spring-boot-test-2.0.2.RELEASE.jar;E:\java\apache-maven-3.6.0-bin\rep\org\springframework\boot\spring-boot-test-autoconfigure\2.0.2.RELEASE\spring-boot-test-autoconfigure-2.0.2.RELEASE.jar;E:\java\apache-maven-3.6.0-bin\rep\com\jayway\jsonpath\json-path\2.4.0\json-path-2.4.0.jar;E:\java\apache-maven-3.6.0-bin\rep\net\minidev\json-smart\2.3\json-smart-2.3.jar;E:\java\apache-maven-3.6.0-bin\rep\net\minidev\accessors-smart\1.2\accessors-smart-1.2.jar;E:\java\apache-maven-3.6.0-bin\rep\org\ow2\asm\asm\5.0.4\asm-5.0.4.jar;E:\java\apache-maven-3.6.0-bin\rep\junit\junit\4.12\junit-4.12.jar;E:\java\apache-maven-3.6.0-bin\rep\org\assertj\assertj-core\3.9.1\assertj-core-3.9.1.jar;E:\java\apache-maven-3.6.0-bin\rep\org\mockito\mockito-core\2.15.0\mockito-core-2.15.0.jar;E:\java\apache-maven-3.6.0-bin\rep\net\bytebuddy\byte-buddy\1.7.11\byte-buddy-1.7.11.jar;E:\java\apache-maven-3.6.0-bin\rep\net\bytebuddy\byte-buddy-agent\1.7.11\byte-buddy-agent-1.7.11.jar;E:\java\apache-maven-3.6.0-bin\rep\org\objenesis\objenesis\2.6\objenesis-2.6.jar;E:\java\apache-maven-3.6.0-bin\rep\org\hamcrest\hamcrest-core\1.3\hamcrest-core-1.3.jar;E:\java\apache-maven-3.6.0-bin\rep\org\hamcrest\hamcrest-library\1.3\hamcrest-library-1.3.jar;E:\java\apache-maven-3.6.0-bin\rep\org\skyscreamer\jsonassert\1.5.0\jsonassert-1.5.0.jar;E:\java\apache-maven-3.6.0-bin\rep\com\vaadin\external\google\android-json\0.0.20131108.vaadin1\android-json-0.0.20131108.vaadin1.jar;E:\java\apache-maven-3.6.0-bin\rep\org\springframework\spring-core\5.0.6.RELEASE\spring-core-5.0.6.RELEASE.jar;E:\java\apache-maven-3.6.0-bin\rep\org\springframework\spring-jcl\5.0.6.RELEASE\spring-jcl-5.0.6.RELEASE.jar;E:\java\apache-maven-3.6.0-bin\rep\org\springframework\spring-test\5.0.6.RELEASE\spring-test-5.0.6.RELEASE.jar;E:\java\apache-maven-3.6.0-bin\rep\org\xmlunit\xmlunit-core\2.5.1\xmlunit-core-2.5.1.jar;E:\java\apache-maven-3.6.0-bin\rep\org\springframework\boot\spring-boot-starter-aop\2.0.2.RELEASE\spring-boot-starter-aop-2.0.2.RELEASE.jar;E:\java\apache-maven-3.6.0-bin\rep\org\springframework\spring-aop\5.0.6.RELEASE\spring-aop-5.0.6.RELEASE.jar;E:\java\apache-maven-3.6.0-bin\rep\org\aspectj\aspectjweaver\1.8.13\aspectjweaver-1.8.13.jar;E:\java\apache-maven-3.6.0-bin\rep\org\springframework\boot\spring-boot-starter-actuator\2.0.2.RELEASE\spring-boot-starter-actuator-2.0.2.RELEASE.jar;E:\java\apache-maven-3.6.0-bin\rep\org\springframework\boot\spring-boot-actuator-autoconfigure\2.0.2.RELEASE\spring-boot-actuator-autoconfigure-2.0.2.RELEASE.jar;E:\java\apache-maven-3.6.0-bin\rep\org\springframework\boot\spring-boot-actuator\2.0.2.RELEASE\spring-boot-actuator-2.0.2.RELEASE.jar;E:\java\apache-maven-3.6.0-bin\rep\com\fasterxml\jackson\datatype\jackson-datatype-jsr310\2.9.5\jackson-datatype-jsr310-2.9.5.jar;E:\java\apache-maven-3.6.0-bin\rep\io\micrometer\micrometer-core\1.0.4\micrometer-core-1.0.4.jar;E:\java\apache-maven-3.6.0-bin\rep\org\hdrhistogram\HdrHistogram\2.1.10\HdrHistogram-2.1.10.jar;E:\java\apache-maven-3.6.0-bin\rep\org\latencyutils\LatencyUtils\2.0.3\LatencyUtils-2.0.3.jar;E:\java\apache-maven-3.6.0-bin\rep\com\google\guava\guava\23.0\guava-23.0.jar;E:\java\apache-maven-3.6.0-bin\rep\com\google\code\findbugs\jsr305\1.3.9\jsr305-1.3.9.jar;E:\java\apache-maven-3.6.0-bin\rep\com\google\errorprone\error_prone_annotations\2.0.18\error_prone_annotations-2.0.18.jar;E:\java\apache-maven-3.6.0-bin\rep\com\google\j2objc\j2objc-annotations\1.1\j2objc-annotations-1.1.jar;E:\java\apache-maven-3.6.0-bin\rep\org\codehaus\mojo\animal-sniffer-annotations\1.14\animal-sniffer-annotations-1.14.jar;E:\java\apache-maven-3.6.0-bin\rep\org\apache\commons\commons-lang3\3.7\commons-lang3-3.7.jar;E:\java\apache-maven-3.6.0-bin\rep\com\fasterxml\jackson\core\jackson-databind\2.9.5\jackson-databind-2.9.5.jar;E:\java\apache-maven-3.6.0-bin\rep\com\fasterxml\jackson\core\jackson-core\2.9.5\jackson-core-2.9.5.jar;E:\java\apache-maven-3.6.0-bin\rep\com\fasterxml\jackson\core\jackson-annotations\2.9.0\jackson-annotations-2.9.0.jar;E:\java\apache-maven-3.6.0-bin\rep\commons-codec\commons-codec\1.11\commons-codec-1.11.jar;E:\java\apache-maven-3.6.0-bin\rep\com\alibaba\fastjson\1.2.47\fastjson-1.2.47.jar;E:\java\apache-maven-3.6.0-bin\rep\org\springframework\boot\spring-boot-starter-web\2.0.2.RELEASE\spring-boot-starter-web-2.0.2.RELEASE.jar;E:\java\apache-maven-3.6.0-bin\rep\org\springframework\boot\spring-boot-starter-json\2.0.2.RELEASE\spring-boot-starter-json-2.0.2.RELEASE.jar;E:\java\apache-maven-3.6.0-bin\rep\com\fasterxml\jackson\datatype\jackson-datatype-jdk8\2.9.5\jackson-datatype-jdk8-2.9.5.jar;E:\java\apache-maven-3.6.0-bin\rep\com\fasterxml\jackson\module\jackson-module-parameter-names\2.9.5\jackson-module-parameter-names-2.9.5.jar;E:\java\apache-maven-3.6.0-bin\rep\org\springframework\boot\spring-boot-starter-tomcat\2.0.2.RELEASE\spring-boot-starter-tomcat-2.0.2.RELEASE.jar;E:\java\apache-maven-3.6.0-bin\rep\org\apache\tomcat\embed\tomcat-embed-core\8.5.31\tomcat-embed-core-8.5.31.jar;E:\java\apache-maven-3.6.0-bin\rep\org\apache\tomcat\embed\tomcat-embed-el\8.5.31\tomcat-embed-el-8.5.31.jar;E:\java\apache-maven-3.6.0-bin\rep\org\apache\tomcat\embed\tomcat-embed-websocket\8.5.31\tomcat-embed-websocket-8.5.31.jar;E:\java\apache-maven-3.6.0-bin\rep\org\hibernate\validator\hibernate-validator\6.0.9.Final\hibernate-validator-6.0.9.Final.jar;E:\java\apache-maven-3.6.0-bin\rep\javax\validation\validation-api\2.0.1.Final\validation-api-2.0.1.Final.jar;E:\java\apache-maven-3.6.0-bin\rep\org\jboss\logging\jboss-logging\3.3.2.Final\jboss-logging-3.3.2.Final.jar;E:\java\apache-maven-3.6.0-bin\rep\org\springframework\spring-web\5.0.6.RELEASE\spring-web-5.0.6.RELEASE.jar;E:\java\apache-maven-3.6.0-bin\rep\org\springframework\spring-webmvc\5.0.6.RELEASE\spring-webmvc-5.0.6.RELEASE.jar;E:\java\apache-maven-3.6.0-bin\rep\org\springframework\spring-expression\5.0.6.RELEASE\spring-expression-5.0.6.RELEASE.jar;E:\java\apache-maven-3.6.0-bin\rep\org\springframework\boot\spring-boot-starter-security\2.0.2.RELEASE\spring-boot-starter-security-2.0.2.RELEASE.jar;E:\java\apache-maven-3.6.0-bin\rep\org\springframework\security\spring-security-config\5.0.5.RELEASE\spring-security-config-5.0.5.RELEASE.jar;E:\java\apache-maven-3.6.0-bin\rep\org\springframework\security\spring-security-core\5.0.5.RELEASE\spring-security-core-5.0.5.RELEASE.jar;E:\java\apache-maven-3.6.0-bin\rep\org\springframework\security\spring-security-web\5.0.5.RELEASE\spring-security-web-5.0.5.RELEASE.jar;E:\java\apache-maven-3.6.0-bin\rep\org\mybatis\spring\boot\mybatis-spring-boot-starter\1.3.2\mybatis-spring-boot-starter-1.3.2.jar;E:\java\apache-maven-3.6.0-bin\rep\org\springframework\boot\spring-boot-starter-jdbc\2.0.2.RELEASE\spring-boot-starter-jdbc-2.0.2.RELEASE.jar;E:\java\apache-maven-3.6.0-bin\rep\com\zaxxer\HikariCP\2.7.9\HikariCP-2.7.9.jar;E:\java\apache-maven-3.6.0-bin\rep\org\springframework\spring-jdbc\5.0.6.RELEASE\spring-jdbc-5.0.6.RELEASE.jar;E:\java\apache-maven-3.6.0-bin\rep\org\mybatis\spring\boot\mybatis-spring-boot-autoconfigure\1.3.2\mybatis-spring-boot-autoconfigure-1.3.2.jar;E:\java\apache-maven-3.6.0-bin\rep\org\mybatis\mybatis\3.4.6\mybatis-3.4.6.jar;E:\java\apache-maven-3.6.0-bin\rep\org\mybatis\mybatis-spring\1.3.2\mybatis-spring-1.3.2.jar;E:\java\apache-maven-3.6.0-bin\rep\mysql\mysql-connector-java\5.1.46\mysql-connector-java-5.1.46.jar;E:\java\apache-maven-3.6.0-bin\rep\com\alibaba\druid-spring-boot-starter\1.1.9\druid-spring-boot-starter-1.1.9.jar;E:\java\apache-maven-3.6.0-bin\rep\com\alibaba\druid\1.1.9\druid-1.1.9.jar;E:\java\apache-maven-3.6.0-bin\rep\org\slf4j\slf4j-api\1.7.25\slf4j-api-1.7.25.jar;E:\java\apache-maven-3.6.0-bin\rep\org\springframework\boot\spring-boot-autoconfigure\2.0.2.RELEASE\spring-boot-autoconfigure-2.0.2.RELEASE.jar;E:\java\apache-maven-3.6.0-bin\rep\io\springfox\springfox-swagger2\2.8.0\springfox-swagger2-2.8.0.jar;E:\java\apache-maven-3.6.0-bin\rep\io\swagger\swagger-annotations\1.5.14\swagger-annotations-1.5.14.jar;E:\java\apache-maven-3.6.0-bin\rep\io\swagger\swagger-models\1.5.14\swagger-models-1.5.14.jar;E:\java\apache-maven-3.6.0-bin\rep\io\springfox\springfox-spi\2.8.0\springfox-spi-2.8.0.jar;E:\java\apache-maven-3.6.0-bin\rep\io\springfox\springfox-core\2.8.0\springfox-core-2.8.0.jar;E:\java\apache-maven-3.6.0-bin\rep\io\springfox\springfox-schema\2.8.0\springfox-schema-2.8.0.jar;E:\java\apache-maven-3.6.0-bin\rep\io\springfox\springfox-swagger-common\2.8.0\springfox-swagger-common-2.8.0.jar;E:\java\apache-maven-3.6.0-bin\rep\io\springfox\springfox-spring-web\2.8.0\springfox-spring-web-2.8.0.jar;E:\java\apache-maven-3.6.0-bin\rep\org\reflections\reflections\0.9.11\reflections-0.9.11.jar;E:\java\apache-maven-3.6.0-bin\rep\org\javassist\javassist\3.21.0-GA\javassist-3.21.0-GA.jar;E:\java\apache-maven-3.6.0-bin\rep\com\fasterxml\classmate\1.3.4\classmate-1.3.4.jar;E:\java\apache-maven-3.6.0-bin\rep\org\springframework\plugin\spring-plugin-core\1.2.0.RELEASE\spring-plugin-core-1.2.0.RELEASE.jar;E:\java\apache-maven-3.6.0-bin\rep\org\springframework\plugin\spring-plugin-metadata\1.2.0.RELEASE\spring-plugin-metadata-1.2.0.RELEASE.jar;E:\java\apache-maven-3.6.0-bin\rep\org\mapstruct\mapstruct\1.2.0.Final\mapstruct-1.2.0.Final.jar;E:\java\apache-maven-3.6.0-bin\rep\io\springfox\springfox-bean-validators\2.8.0\springfox-bean-validators-2.8.0.jar;E:\java\apache-maven-3.6.0-bin\rep\io\springfox\springfox-swagger-ui\2.8.0\springfox-swagger-ui-2.8.0.jar;E:\java\apache-maven-3.6.0-bin\rep\org\springframework\boot\spring-boot-starter-mail\2.0.2.RELEASE\spring-boot-starter-mail-2.0.2.RELEASE.jar;E:\java\apache-maven-3.6.0-bin\rep\org\springframework\spring-context\5.0.6.RELEASE\spring-context-5.0.6.RELEASE.jar;E:\java\apache-maven-3.6.0-bin\rep\com\sun\mail\javax.mail\1.6.1\javax.mail-1.6.1.jar;E:\java\apache-maven-3.6.0-bin\rep\javax\activation\activation\1.1\activation-1.1.jar;E:\java\apache-maven-3.6.0-bin\rep\org\springframework\boot\spring-boot-starter-data-redis\2.0.2.RELEASE\spring-boot-starter-data-redis-2.0.2.RELEASE.jar;E:\java\apache-maven-3.6.0-bin\rep\org\springframework\data\spring-data-redis\2.0.7.RELEASE\spring-data-redis-2.0.7.RELEASE.jar;E:\java\apache-maven-3.6.0-bin\rep\org\springframework\data\spring-data-keyvalue\2.0.7.RELEASE\spring-data-keyvalue-2.0.7.RELEASE.jar;E:\java\apache-maven-3.6.0-bin\rep\org\springframework\data\spring-data-commons\2.0.7.RELEASE\spring-data-commons-2.0.7.RELEASE.jar;E:\java\apache-maven-3.6.0-bin\rep\org\springframework\spring-tx\5.0.6.RELEASE\spring-tx-5.0.6.RELEASE.jar;E:\java\apache-maven-3.6.0-bin\rep\org\springframework\spring-oxm\5.0.6.RELEASE\spring-oxm-5.0.6.RELEASE.jar;E:\java\apache-maven-3.6.0-bin\rep\io\lettuce\lettuce-core\5.0.4.RELEASE\lettuce-core-5.0.4.RELEASE.jar;E:\java\apache-maven-3.6.0-bin\rep\io\projectreactor\reactor-core\3.1.7.RELEASE\reactor-core-3.1.7.RELEASE.jar;E:\java\apache-maven-3.6.0-bin\rep\org\reactivestreams\reactive-streams\1.0.2\reactive-streams-1.0.2.jar;E:\java\apache-maven-3.6.0-bin\rep\io\netty\netty-common\4.1.24.Final\netty-common-4.1.24.Final.jar;E:\java\apache-maven-3.6.0-bin\rep\io\netty\netty-transport\4.1.24.Final\netty-transport-4.1.24.Final.jar;E:\java\apache-maven-3.6.0-bin\rep\io\netty\netty-buffer\4.1.24.Final\netty-buffer-4.1.24.Final.jar;E:\java\apache-maven-3.6.0-bin\rep\io\netty\netty-resolver\4.1.24.Final\netty-resolver-4.1.24.Final.jar;E:\java\apache-maven-3.6.0-bin\rep\io\netty\netty-handler\4.1.24.Final\netty-handler-4.1.24.Final.jar;E:\java\apache-maven-3.6.0-bin\rep\io\netty\netty-codec\4.1.24.Final\netty-codec-4.1.24.Final.jar;E:\java\apache-maven-3.6.0-bin\rep\org\quartz-scheduler\quartz\2.3.0\quartz-2.3.0.jar;E:\java\apache-maven-3.6.0-bin\rep\com\mchange\mchange-commons-java\0.2.11\mchange-commons-java-0.2.11.jar;E:\java\apache-maven-3.6.0-bin\rep\org\springframework\spring-context-support\5.0.6.RELEASE\spring-context-support-5.0.6.RELEASE.jar;E:\java\apache-maven-3.6.0-bin\rep\org\springframework\spring-beans\5.0.6.RELEASE\spring-beans-5.0.6.RELEASE.jar;E:\java\apache-maven-3.6.0-bin\rep\org\apache\poi\poi\3.17\poi-3.17.jar;E:\java\apache-maven-3.6.0-bin\rep\org\apache\commons\commons-collections4\4.1\commons-collections4-4.1.jar;E:\java\apache-maven-3.6.0-bin\rep\io\jsonwebtoken\jjwt\0.9.0\jjwt-0.9.0.jar;E:\java\apache-maven-3.6.0-bin\rep\org\apache\commons\commons-pool2\2.5.0\commons-pool2-2.5.0.jar;E:\java\apache-maven-3.6.0-bin\rep\redis\clients\jedis\2.6.2\jedis-2.6.2.jar;E:\java\apache-maven-3.6.0-bin\rep\com\google\code\gson\gson\2.2.4\gson-2.2.4.jar;, user.name=Administrator, java.vm.specification.version=1.8, sun.java.command=C:\Users\ADMINI~1\AppData\Local\Temp\surefire5827153118274939455\surefirebooter2373559177883842843.jar C:\Users\Administrator\AppData\Local\Temp\surefire5827153118274939455 2019-10-27T15-15-56_151-jvmRun1 surefire5870163600106333090tmp surefire_01153139429808108782tmp, java.home=E:\java\jdk\jre, sun.arch.data.model=64, user.language=zh, java.specification.vendor=Oracle Corporation, awt.toolkit=sun.awt.windows.WToolkit, java.vm.info=mixed mode, java.version=1.8.0_191, java.ext.dirs=E:\java\jdk\jre\lib\ext;C:\WINDOWS\Sun\Java\lib\ext, sun.boot.class.path=E:\java\jdk\jre\lib\resources.jar;E:\java\jdk\jre\lib\rt.jar;E:\java\jdk\jre\lib\sunrsasign.jar;E:\java\jdk\jre\lib\jsse.jar;E:\java\jdk\jre\lib\jce.jar;E:\java\jdk\jre\lib\charsets.jar;E:\java\jdk\jre\lib\jfr.jar;E:\java\jdk\jre\classes, java.vendor=Oracle Corporation, localRepository=E:\java\apache-maven-3.6.0-bin\rep, file.separator=\, java.vendor.url.bug=http://bugreport.sun.com/bugreport/, sun.io.unicode.encoding=UnicodeLittle, sun.cpu.endian=little, sun.desktop=windows, sun.cpu.isalist=amd64}}, SystemEnvironmentPropertySource@1990519794 {name='systemEnvironment', properties={PATH=E:/java/jdk/bin/../jre/bin/server;E:/java/jdk/bin/../jre/bin;E:/java/jdk/bin/../jre/lib/amd64;C:\WINDOWS\system32;C:\WINDOWS;C:\WINDOWS\System32\Wbem;C:\WINDOWS\System32\WindowsPowerShell\v1.0\;D:\java\jdk\bin;C:\WINDOWS\System32\OpenSSH\;E:\java\jdk\bin;C:\Users\Administrator\AppData\Local\Microsoft\WindowsApps;;C:\WINDOWS\System32;, USERDOMAIN_ROAMINGPROFILE=SC-201902250200, LOCALAPPDATA=C:\Users\Administrator\AppData\Local, PROCESSOR_LEVEL=6, SYSTEMDRIVE=C:, COMMONPROGRAMFILES(X86)=C:\Program Files (x86)\Common Files, USERDOMAIN=SC-201902250200, FPS_BROWSER_APP_PROFILE_STRING=Internet Explorer, LOGONSERVER=\\SC-201902250200, PROMPT=$P$G, SESSIONNAME=Console, ALLUSERSPROFILE=C:\ProgramData, PROGRAMFILES(X86)=C:\Program Files (x86), PROCESSOR_ARCHITECTURE=AMD64, DRIVERDATA=C:\Windows\System32\Drivers\DriverData, =E:=E:\java\01、boot-security源码\boot-security源码, PROGRAMFILES=C:\Program Files, APPDATA=C:\Users\Administrator\AppData\Roaming, PSMODULEPATH=C:\Program Files\WindowsPowerShell\Modules;C:\WINDOWS\system32\WindowsPowerShell\v1.0\Modules, PROGRAMW6432=C:\Program Files, PROGRAMDATA=C:\ProgramData, SYSTEMROOT=C:\WINDOWS, USERNAME=Administrator, FPS_BROWSER_USER_PROFILE_STRING=Default, ONEDRIVE=C:\Users\Administrator\OneDrive, PATHEXT=.COM;.EXE;.BAT;.CMD;.VBS;.VBE;.JS;.JSE;.WSF;.WSH;.MSC, OS=Windows_NT, COMMONPROGRAMW6432=C:\Program Files\Common Files, COMPUTERNAME=SC-201902250200, COMMONPROGRAMFILES=C:\Program Files\Common Files, COMSPEC=C:\WINDOWS\system32\cmd.exe, PROCESSOR_REVISION=3e04, WINDIR=C:\WINDOWS, HOMEPATH=\Users\Administrator, TEMP=C:\Users\ADMINI~1\AppData\Local\Temp, HOMEDRIVE=C:, PROCESSOR_IDENTIFIER=Intel64 Family 6 Model 62 Stepping 4, GenuineIntel, USERPROFILE=C:\Users\Administrator, TMP=C:\Users\ADMINI~1\AppData\Local\Temp, PUBLIC=C:\Users\Public, NUMBER_OF_PROCESSORS=20, =::=::\}}]
15:15:57.987 [main] DEBUG org.springframework.test.context.support.TestPropertySourceUtils - Adding inlined properties to environment: {spring.jmx.enabled=false, org.springframework.boot.test.context.SpringBootTestContextBootstrapper=true, server.port=-1}
15:15:57.987 [main] DEBUG org.springframework.core.env.StandardEnvironment - Adding PropertySource 'Inlined Test Properties' with highest search precedence

  .   ____          _            __ _ _
 /\\ / ___'_ __ _ _(_)_ __  __ _ \ \ \ \
( ( )\___ | '_ | '_| | '_ \/ _` | \ \ \ \
 \\/  ___)| |_)| | | | | || (_| |  ) ) ) )
  '  |____| .__|_| |_|_| |_\__, | / / / /
 =========|_|==============|___/=/_/_/_/
 :: Spring Boot ::        (v2.0.2.RELEASE)

2019-10-27 15:15:58,453 [main] INFO  com.boot.security.server.SecurityApplicationTest -[StartupInfoLogger.java:50]- Starting SecurityApplicationTest on SC-201902250200 with PID 13824 (started by Administrator in E:\java\01銆乥oot-security婧愮爜\boot-security婧愮爜)
2019-10-27 15:15:58,455 [main] INFO  com.boot.security.server.SecurityApplicationTest -[SpringApplication.java:659]- No active profile set, falling back to default profiles: default
2019-10-27 15:15:58,497 [main] INFO  o.s.w.context.support.GenericWebApplicationContext -[AbstractApplicationContext.java:590]- Refreshing org.springframework.web.context.support.GenericWebApplicationContext@7776ab: startup date [Sun Oct 27 15:15:58 CST 2019]; root of context hierarchy
2019-10-27 15:16:00,211 [main] INFO  o.s.d.r.config.RepositoryConfigurationDelegate -[RepositoryConfigurationDelegate.java:163]- Multiple Spring Data modules found, entering strict repository configuration mode!
2019-10-27 15:16:01,084 [main] INFO  o.s.c.s.PostProcessorRegistrationDelegate$BeanPostProcessorChecker -[PostProcessorRegistrationDelegate.java:328]- Bean 'org.springframework.transaction.annotation.ProxyTransactionManagementConfiguration' of type [org.springframework.transaction.annotation.ProxyTransactionManagementConfiguration$$EnhancerBySpringCGLIB$$b3429b5a] is not eligible for getting processed by all BeanPostProcessors (for example: not eligible for auto-proxying)
2019-10-27 15:16:01,303 [main] INFO  o.s.c.s.PostProcessorRegistrationDelegate$BeanPostProcessorChecker -[PostProcessorRegistrationDelegate.java:328]- Bean 'org.springframework.security.config.annotation.configuration.ObjectPostProcessorConfiguration' of type [org.springframework.security.config.annotation.configuration.ObjectPostProcessorConfiguration$$EnhancerBySpringCGLIB$$4bf06394] is not eligible for getting processed by all BeanPostProcessors (for example: not eligible for auto-proxying)
2019-10-27 15:16:01,315 [main] INFO  o.s.c.s.PostProcessorRegistrationDelegate$BeanPostProcessorChecker -[PostProcessorRegistrationDelegate.java:328]- Bean 'objectPostProcessor' of type [org.springframework.security.config.annotation.configuration.AutowireBeanFactoryObjectPostProcessor] is not eligible for getting processed by all BeanPostProcessors (for example: not eligible for auto-proxying)
2019-10-27 15:16:01,317 [main] INFO  o.s.c.s.PostProcessorRegistrationDelegate$BeanPostProcessorChecker -[PostProcessorRegistrationDelegate.java:328]- Bean 'org.springframework.security.access.expression.method.DefaultMethodSecurityExpressionHandler@348137e8' of type [org.springframework.security.access.expression.method.DefaultMethodSecurityExpressionHandler] is not eligible for getting processed by all BeanPostProcessors (for example: not eligible for auto-proxying)
2019-10-27 15:16:01,329 [main] INFO  o.s.c.s.PostProcessorRegistrationDelegate$BeanPostProcessorChecker -[PostProcessorRegistrationDelegate.java:328]- Bean 'org.springframework.security.config.annotation.method.configuration.GlobalMethodSecurityConfiguration' of type [org.springframework.security.config.annotation.method.configuration.GlobalMethodSecurityConfiguration$$EnhancerBySpringCGLIB$$70c50646] is not eligible for getting processed by all BeanPostProcessors (for example: not eligible for auto-proxying)
2019-10-27 15:16:01,352 [main] INFO  o.s.c.s.PostProcessorRegistrationDelegate$BeanPostProcessorChecker -[PostProcessorRegistrationDelegate.java:328]- Bean 'methodSecurityMetadataSource' of type [org.springframework.security.access.method.DelegatingMethodSecurityMetadataSource] is not eligible for getting processed by all BeanPostProcessors (for example: not eligible for auto-proxying)
2019-10-27 15:16:01,630 [main] INFO  c.a.d.s.b.a.DruidDataSourceAutoConfigure -[DruidDataSourceAutoConfigure.java:56]- Init DruidDataSource
2019-10-27 15:16:05,086 [main] INFO  com.alibaba.druid.pool.DruidDataSource -[DruidDataSource.java:928]- {dataSource-1} inited
2019-10-27 15:16:06,369 [main] INFO  org.quartz.impl.StdSchedulerFactory -[StdSchedulerFactory.java:1208]- Using default implementation for ThreadExecutor
2019-10-27 15:16:06,386 [main] INFO  org.quartz.core.SchedulerSignalerImpl -[SchedulerSignalerImpl.java:61]- Initialized Scheduler Signaller of type: class org.quartz.core.SchedulerSignalerImpl
2019-10-27 15:16:06,386 [main] INFO  org.quartz.core.QuartzScheduler -[QuartzScheduler.java:229]- Quartz Scheduler v.2.3.0 created.
2019-10-27 15:16:06,441 [main] INFO  org.quartz.core.QuartzScheduler -[QuartzScheduler.java:294]- Scheduler meta-data: Quartz Scheduler (v2.3.0) 'adminQuartzScheduler' with instanceId 'SC-2019022502001572160566373'
  Scheduler class: 'org.quartz.core.QuartzScheduler' - running locally.
  NOT STARTED.
  Currently in standby mode.
  Number of jobs executed: 0
  Using thread pool 'org.quartz.simpl.SimpleThreadPool' - with 10 threads.
  Using job-store 'org.springframework.scheduling.quartz.LocalDataSourceJobStore' - which supports persistence. and is clustered.

2019-10-27 15:16:06,441 [main] INFO  org.quartz.impl.StdSchedulerFactory -[StdSchedulerFactory.java:1362]- Quartz scheduler 'adminQuartzScheduler' initialized from an externally provided properties instance.
2019-10-27 15:16:06,441 [main] INFO  org.quartz.impl.StdSchedulerFactory -[StdSchedulerFactory.java:1366]- Quartz scheduler version: 2.3.0
2019-10-27 15:16:06,443 [main] INFO  org.quartz.core.QuartzScheduler -[QuartzScheduler.java:2287]- JobFactory set to: org.springframework.scheduling.quartz.AdaptableJobFactory@26d0ece6
2019-10-27 15:16:07,336 [main] INFO  o.s.w.s.m.m.a.RequestMappingHandlerMapping -[AbstractHandlerMethodMapping.java:547]- Mapped "{[/]}" onto public org.springframework.web.servlet.view.RedirectView com.boot.security.server.config.LoginPageConfig.loginPage()
2019-10-27 15:16:07,364 [main] INFO  o.s.w.s.m.m.a.RequestMappingHandlerMapping -[AbstractHandlerMethodMapping.java:547]- Mapped "{[/dicts/{id}],methods=[GET]}" onto public com.boot.security.server.model.Dict com.boot.security.server.controller.DictController.get(java.lang.Long)
2019-10-27 15:16:07,366 [main] INFO  o.s.w.s.m.m.a.RequestMappingHandlerMapping -[AbstractHandlerMethodMapping.java:547]- Mapped "{[/dicts],methods=[PUT]}" onto public com.boot.security.server.model.Dict com.boot.security.server.controller.DictController.update(com.boot.security.server.model.Dict)
2019-10-27 15:16:07,367 [main] INFO  o.s.w.s.m.m.a.RequestMappingHandlerMapping -[AbstractHandlerMethodMapping.java:547]- Mapped "{[/dicts/{id}],methods=[DELETE]}" onto public void com.boot.security.server.controller.DictController.delete(java.lang.Long)
2019-10-27 15:16:07,367 [main] INFO  o.s.w.s.m.m.a.RequestMappingHandlerMapping -[AbstractHandlerMethodMapping.java:547]- Mapped "{[/dicts],methods=[GET],params=[start && length]}" onto public com.boot.security.server.page.table.PageTableResponse com.boot.security.server.controller.DictController.list(com.boot.security.server.page.table.PageTableRequest)
2019-10-27 15:16:07,368 [main] INFO  o.s.w.s.m.m.a.RequestMappingHandlerMapping -[AbstractHandlerMethodMapping.java:547]- Mapped "{[/dicts],methods=[POST]}" onto public com.boot.security.server.model.Dict com.boot.security.server.controller.DictController.save(com.boot.security.server.model.Dict)
2019-10-27 15:16:07,369 [main] INFO  o.s.w.s.m.m.a.RequestMappingHandlerMapping -[AbstractHandlerMethodMapping.java:547]- Mapped "{[/dicts],methods=[GET],params=[type]}" onto public java.util.List<com.boot.security.server.model.Dict> com.boot.security.server.controller.DictController.listByType(java.lang.String)
2019-10-27 15:16:07,371 [main] INFO  o.s.w.s.m.m.a.RequestMappingHandlerMapping -[AbstractHandlerMethodMapping.java:547]- Mapped "{[/excels],methods=[POST]}" onto public void com.boot.security.server.controller.ExcelController.downloadExcel(java.lang.String,java.lang.String,javax.servlet.http.HttpServletResponse)
2019-10-27 15:16:07,372 [main] INFO  o.s.w.s.m.m.a.RequestMappingHandlerMapping -[AbstractHandlerMethodMapping.java:547]- Mapped "{[/excels/sql-count],methods=[POST]}" onto public java.lang.Integer com.boot.security.server.controller.ExcelController.checkSql(java.lang.String)
2019-10-27 15:16:07,373 [main] INFO  o.s.w.s.m.m.a.RequestMappingHandlerMapping -[AbstractHandlerMethodMapping.java:547]- Mapped "{[/excels/show-datas],methods=[POST]}" onto public java.util.List<java.lang.Object[]> com.boot.security.server.controller.ExcelController.showData(java.lang.String)
2019-10-27 15:16:07,377 [main] INFO  o.s.w.s.m.m.a.RequestMappingHandlerMapping -[AbstractHandlerMethodMapping.java:547]- Mapped "{[/files/{id}],methods=[DELETE]}" onto public void com.boot.security.server.controller.FileController.delete(java.lang.String)
2019-10-27 15:16:07,378 [main] INFO  o.s.w.s.m.m.a.RequestMappingHandlerMapping -[AbstractHandlerMethodMapping.java:547]- Mapped "{[/files],methods=[GET]}" onto public com.boot.security.server.page.table.PageTableResponse com.boot.security.server.controller.FileController.listFiles(com.boot.security.server.page.table.PageTableRequest)
2019-10-27 15:16:07,378 [main] INFO  o.s.w.s.m.m.a.RequestMappingHandlerMapping -[AbstractHandlerMethodMapping.java:547]- Mapped "{[/files/layui],methods=[POST]}" onto public com.boot.security.server.dto.LayuiFile com.boot.security.server.controller.FileController.uploadLayuiFile(org.springframework.web.multipart.MultipartFile,java.lang.String) throws java.io.IOException
2019-10-27 15:16:07,378 [main] INFO  o.s.w.s.m.m.a.RequestMappingHandlerMapping -[AbstractHandlerMethodMapping.java:547]- Mapped "{[/files],methods=[POST]}" onto public com.boot.security.server.model.FileInfo com.boot.security.server.controller.FileController.uploadFile(org.springframework.web.multipart.MultipartFile) throws java.io.IOException
2019-10-27 15:16:07,380 [main] INFO  o.s.w.s.m.m.a.RequestMappingHandlerMapping -[AbstractHandlerMethodMapping.java:547]- Mapped "{[/generate],methods=[POST]}" onto public void com.boot.security.server.controller.GenerateController.save(com.boot.security.server.dto.GenerateInput)
2019-10-27 15:16:07,381 [main] INFO  o.s.w.s.m.m.a.RequestMappingHandlerMapping -[AbstractHandlerMethodMapping.java:547]- Mapped "{[/generate],methods=[GET],params=[tableName]}" onto public com.boot.security.server.dto.GenerateDetail com.boot.security.server.controller.GenerateController.generateByTableName(java.lang.String)
2019-10-27 15:16:07,385 [main] INFO  o.s.w.s.m.m.a.RequestMappingHandlerMapping -[AbstractHandlerMethodMapping.java:547]- Mapped "{[/jobs],methods=[POST]}" onto public void com.boot.security.server.controller.JobController.add(com.boot.security.server.model.JobModel)
2019-10-27 15:16:07,386 [main] INFO  o.s.w.s.m.m.a.RequestMappingHandlerMapping -[AbstractHandlerMethodMapping.java:547]- Mapped "{[/jobs],methods=[PUT]}" onto public void com.boot.security.server.controller.JobController.update(com.boot.security.server.model.JobModel)
2019-10-27 15:16:07,386 [main] INFO  o.s.w.s.m.m.a.RequestMappingHandlerMapping -[AbstractHandlerMethodMapping.java:547]- Mapped "{[/jobs/{id}],methods=[DELETE]}" onto public void com.boot.security.server.controller.JobController.delete(java.lang.Long) throws org.quartz.SchedulerException
2019-10-27 15:16:07,387 [main] INFO  o.s.w.s.m.m.a.RequestMappingHandlerMapping -[AbstractHandlerMethodMapping.java:547]- Mapped "{[/jobs],methods=[GET]}" onto public com.boot.security.server.page.table.PageTableResponse com.boot.security.server.controller.JobController.list(com.boot.security.server.page.table.PageTableRequest)
2019-10-27 15:16:07,387 [main] INFO  o.s.w.s.m.m.a.RequestMappingHandlerMapping -[AbstractHandlerMethodMapping.java:547]- Mapped "{[/jobs/{id}],methods=[GET]}" onto public com.boot.security.server.model.JobModel com.boot.security.server.controller.JobController.getById(java.lang.Long)
2019-10-27 15:16:07,389 [main] INFO  o.s.w.s.m.m.a.RequestMappingHandlerMapping -[AbstractHandlerMethodMapping.java:547]- Mapped "{[/jobs/beans/{name}],methods=[GET]}" onto public java.util.Set<java.lang.String> com.boot.security.server.controller.JobController.listMethodName(java.lang.String)
2019-10-27 15:16:07,390 [main] INFO  o.s.w.s.m.m.a.RequestMappingHandlerMapping -[AbstractHandlerMethodMapping.java:547]- Mapped "{[/jobs/beans],methods=[GET]}" onto public java.util.List<java.lang.String> com.boot.security.server.controller.JobController.listAllBeanName()
2019-10-27 15:16:07,390 [main] INFO  o.s.w.s.m.m.a.RequestMappingHandlerMapping -[AbstractHandlerMethodMapping.java:547]- Mapped "{[/jobs],methods=[GET],params=[cron]}" onto public boolean com.boot.security.server.controller.JobController.checkCron(java.lang.String)
2019-10-27 15:16:07,395 [main] INFO  o.s.w.s.m.m.a.RequestMappingHandlerMapping -[AbstractHandlerMethodMapping.java:547]- Mapped "{[/mails/{id}],methods=[GET]}" onto public com.boot.security.server.model.Mail com.boot.security.server.controller.MailController.get(java.lang.Long)
2019-10-27 15:16:07,396 [main] INFO  o.s.w.s.m.m.a.RequestMappingHandlerMapping -[AbstractHandlerMethodMapping.java:547]- Mapped "{[/mails],methods=[GET]}" onto public com.boot.security.server.page.table.PageTableResponse com.boot.security.server.controller.MailController.list(com.boot.security.server.page.table.PageTableRequest)
2019-10-27 15:16:07,396 [main] INFO  o.s.w.s.m.m.a.RequestMappingHandlerMapping -[AbstractHandlerMethodMapping.java:547]- Mapped "{[/mails],methods=[POST]}" onto public com.boot.security.server.model.Mail com.boot.security.server.controller.MailController.save(com.boot.security.server.model.Mail)
2019-10-27 15:16:07,397 [main] INFO  o.s.w.s.m.m.a.RequestMappingHandlerMapping -[AbstractHandlerMethodMapping.java:547]- Mapped "{[/mails/{id}/to],methods=[GET]}" onto public java.util.List<com.boot.security.server.model.MailTo> com.boot.security.server.controller.MailController.getMailTo(java.lang.Long)
2019-10-27 15:16:07,406 [main] INFO  o.s.w.s.m.m.a.RequestMappingHandlerMapping -[AbstractHandlerMethodMapping.java:547]- Mapped "{[/notices/{id}],methods=[GET]}" onto public com.boot.security.server.model.Notice com.boot.security.server.controller.NoticeController.get(java.lang.Long)
2019-10-27 15:16:07,407 [main] INFO  o.s.w.s.m.m.a.RequestMappingHandlerMapping -[AbstractHandlerMethodMapping.java:547]- Mapped "{[/notices/{id}],methods=[DELETE]}" onto public void com.boot.security.server.controller.NoticeController.delete(java.lang.Long)
2019-10-27 15:16:07,408 [main] INFO  o.s.w.s.m.m.a.RequestMappingHandlerMapping -[AbstractHandlerMethodMapping.java:547]- Mapped "{[/notices],methods=[GET],params=[id]}" onto public com.boot.security.server.dto.NoticeVO com.boot.security.server.controller.NoticeController.readNotice(java.lang.Long)
2019-10-27 15:16:07,408 [main] INFO  o.s.w.s.m.m.a.RequestMappingHandlerMapping -[AbstractHandlerMethodMapping.java:547]- Mapped "{[/notices/count-unread],methods=[GET]}" onto public java.lang.Integer com.boot.security.server.controller.NoticeController.countUnread()
2019-10-27 15:16:07,409 [main] INFO  o.s.w.s.m.m.a.RequestMappingHandlerMapping -[AbstractHandlerMethodMapping.java:547]- Mapped "{[/notices/published],methods=[GET]}" onto public com.boot.security.server.page.table.PageTableResponse com.boot.security.server.controller.NoticeController.listNoticeReadVO(com.boot.security.server.page.table.PageTableRequest)
2019-10-27 15:16:07,409 [main] INFO  o.s.w.s.m.m.a.RequestMappingHandlerMapping -[AbstractHandlerMethodMapping.java:547]- Mapped "{[/notices],methods=[GET]}" onto public com.boot.security.server.page.table.PageTableResponse com.boot.security.server.controller.NoticeController.listNotice(com.boot.security.server.page.table.PageTableRequest)
2019-10-27 15:16:07,410 [main] INFO  o.s.w.s.m.m.a.RequestMappingHandlerMapping -[AbstractHandlerMethodMapping.java:547]- Mapped "{[/notices],methods=[PUT]}" onto public com.boot.security.server.model.Notice com.boot.security.server.controller.NoticeController.updateNotice(com.boot.security.server.model.Notice)
2019-10-27 15:16:07,410 [main] INFO  o.s.w.s.m.m.a.RequestMappingHandlerMapping -[AbstractHandlerMethodMapping.java:547]- Mapped "{[/notices],methods=[POST]}" onto public com.boot.security.server.model.Notice com.boot.security.server.controller.NoticeController.saveNotice(com.boot.security.server.model.Notice)
2019-10-27 15:16:07,414 [main] INFO  o.s.w.s.m.m.a.RequestMappingHandlerMapping -[AbstractHandlerMethodMapping.java:547]- Mapped "{[/permissions/{id}],methods=[GET]}" onto public com.boot.security.server.model.Permission com.boot.security.server.controller.PermissionController.get(java.lang.Long)
2019-10-27 15:16:07,415 [main] INFO  o.s.w.s.m.m.a.RequestMappingHandlerMapping -[AbstractHandlerMethodMapping.java:547]- Mapped "{[/permissions],methods=[PUT]}" onto public void com.boot.security.server.controller.PermissionController.update(com.boot.security.server.model.Permission)
2019-10-27 15:16:07,416 [main] INFO  o.s.w.s.m.m.a.RequestMappingHandlerMapping -[AbstractHandlerMethodMapping.java:547]- Mapped "{[/permissions/{id}],methods=[DELETE]}" onto public void com.boot.security.server.controller.PermissionController.delete(java.lang.Long)
2019-10-27 15:16:07,416 [main] INFO  o.s.w.s.m.m.a.RequestMappingHandlerMapping -[AbstractHandlerMethodMapping.java:547]- Mapped "{[/permissions],methods=[POST]}" onto public void com.boot.security.server.controller.PermissionController.save(com.boot.security.server.model.Permission)
2019-10-27 15:16:07,417 [main] INFO  o.s.w.s.m.m.a.RequestMappingHandlerMapping -[AbstractHandlerMethodMapping.java:547]- Mapped "{[/permissions],methods=[GET]}" onto public java.util.List<com.boot.security.server.model.Permission> com.boot.security.server.controller.PermissionController.permissionsList()
2019-10-27 15:16:07,417 [main] INFO  o.s.w.s.m.m.a.RequestMappingHandlerMapping -[AbstractHandlerMethodMapping.java:547]- Mapped "{[/permissions/parents],methods=[GET]}" onto public java.util.List<com.boot.security.server.model.Permission> com.boot.security.server.controller.PermissionController.parentMenu()
2019-10-27 15:16:07,418 [main] INFO  o.s.w.s.m.m.a.RequestMappingHandlerMapping -[AbstractHandlerMethodMapping.java:547]- Mapped "{[/permissions],methods=[GET],params=[roleId]}" onto public java.util.List<com.boot.security.server.model.Permission> com.boot.security.server.controller.PermissionController.listByRoleId(java.lang.Long)
2019-10-27 15:16:07,418 [main] INFO  o.s.w.s.m.m.a.RequestMappingHandlerMapping -[AbstractHandlerMethodMapping.java:547]- Mapped "{[/permissions/all],methods=[GET]}" onto public com.alibaba.fastjson.JSONArray com.boot.security.server.controller.PermissionController.permissionsAll()
2019-10-27 15:16:07,419 [main] INFO  o.s.w.s.m.m.a.RequestMappingHandlerMapping -[AbstractHandlerMethodMapping.java:547]- Mapped "{[/permissions/owns],methods=[GET]}" onto public java.util.Set<java.lang.String> com.boot.security.server.controller.PermissionController.ownsPermission()
2019-10-27 15:16:07,419 [main] INFO  o.s.w.s.m.m.a.RequestMappingHandlerMapping -[AbstractHandlerMethodMapping.java:547]- Mapped "{[/permissions/current],methods=[GET]}" onto public java.util.List<com.boot.security.server.model.Permission> com.boot.security.server.controller.PermissionController.permissionsCurrent()
2019-10-27 15:16:07,424 [main] INFO  o.s.w.s.m.m.a.RequestMappingHandlerMapping -[AbstractHandlerMethodMapping.java:547]- Mapped "{[/roles/{id}],methods=[GET]}" onto public com.boot.security.server.model.Role com.boot.security.server.controller.RoleController.get(java.lang.Long)
2019-10-27 15:16:07,425 [main] INFO  o.s.w.s.m.m.a.RequestMappingHandlerMapping -[AbstractHandlerMethodMapping.java:547]- Mapped "{[/roles/{id}],methods=[DELETE]}" onto public void com.boot.security.server.controller.RoleController.delete(java.lang.Long)
2019-10-27 15:16:07,425 [main] INFO  o.s.w.s.m.m.a.RequestMappingHandlerMapping -[AbstractHandlerMethodMapping.java:547]- Mapped "{[/roles/all],methods=[GET]}" onto public java.util.List<com.boot.security.server.model.Role> com.boot.security.server.controller.RoleController.roles()
2019-10-27 15:16:07,426 [main] INFO  o.s.w.s.m.m.a.RequestMappingHandlerMapping -[AbstractHandlerMethodMapping.java:547]- Mapped "{[/roles],methods=[GET],params=[userId]}" onto public java.util.List<com.boot.security.server.model.Role> com.boot.security.server.controller.RoleController.roles(java.lang.Long)
2019-10-27 15:16:07,426 [main] INFO  o.s.w.s.m.m.a.RequestMappingHandlerMapping -[AbstractHandlerMethodMapping.java:547]- Mapped "{[/roles],methods=[POST]}" onto public void com.boot.security.server.controller.RoleController.saveRole(com.boot.security.server.dto.RoleDto)
2019-10-27 15:16:07,427 [main] INFO  o.s.w.s.m.m.a.RequestMappingHandlerMapping -[AbstractHandlerMethodMapping.java:547]- Mapped "{[/roles],methods=[GET]}" onto public com.boot.security.server.page.table.PageTableResponse com.boot.security.server.controller.RoleController.listRoles(com.boot.security.server.page.table.PageTableRequest)
2019-10-27 15:16:07,428 [main] INFO  o.s.w.s.m.m.a.RequestMappingHandlerMapping -[AbstractHandlerMethodMapping.java:547]- Mapped "{[/logs],methods=[GET]}" onto public com.boot.security.server.page.table.PageTableResponse com.boot.security.server.controller.SysLogsController.list(com.boot.security.server.page.table.PageTableRequest)
2019-10-27 15:16:07,433 [main] INFO  o.s.w.s.m.m.a.RequestMappingHandlerMapping -[AbstractHandlerMethodMapping.java:547]- Mapped "{[/users/{id}],methods=[GET]}" onto public com.boot.security.server.model.SysUser com.boot.security.server.controller.UserController.user(java.lang.Long)
2019-10-27 15:16:07,434 [main] INFO  o.s.w.s.m.m.a.RequestMappingHandlerMapping -[AbstractHandlerMethodMapping.java:547]- Mapped "{[/users],methods=[POST]}" onto public com.boot.security.server.model.SysUser com.boot.security.server.controller.UserController.saveUser(com.boot.security.server.dto.UserDto)
2019-10-27 15:16:07,435 [main] INFO  o.s.w.s.m.m.a.RequestMappingHandlerMapping -[AbstractHandlerMethodMapping.java:547]- Mapped "{[/users],methods=[PUT],params=[headImgUrl]}" onto public void com.boot.security.server.controller.UserController.updateHeadImgUrl(java.lang.String)
2019-10-27 15:16:07,436 [main] INFO  o.s.w.s.m.m.a.RequestMappingHandlerMapping -[AbstractHandlerMethodMapping.java:547]- Mapped "{[/users],methods=[PUT]}" onto public com.boot.security.server.model.SysUser com.boot.security.server.controller.UserController.updateUser(com.boot.security.server.dto.UserDto)
2019-10-27 15:16:07,436 [main] INFO  o.s.w.s.m.m.a.RequestMappingHandlerMapping -[AbstractHandlerMethodMapping.java:547]- Mapped "{[/users/{username}],methods=[PUT]}" onto public void com.boot.security.server.controller.UserController.changePassword(java.lang.String,java.lang.String,java.lang.String)
2019-10-27 15:16:07,437 [main] INFO  o.s.w.s.m.m.a.RequestMappingHandlerMapping -[AbstractHandlerMethodMapping.java:547]- Mapped "{[/users],methods=[GET]}" onto public com.boot.security.server.page.table.PageTableResponse com.boot.security.server.controller.UserController.listUsers(com.boot.security.server.page.table.PageTableRequest)
2019-10-27 15:16:07,437 [main] INFO  o.s.w.s.m.m.a.RequestMappingHandlerMapping -[AbstractHandlerMethodMapping.java:547]- Mapped "{[/users/current],methods=[GET]}" onto public com.boot.security.server.model.SysUser com.boot.security.server.controller.UserController.currentUser()
2019-10-27 15:16:07,446 [main] INFO  o.s.w.s.m.m.a.RequestMappingHandlerMapping -[AbstractHandlerMethodMapping.java:547]- Mapped "{[/swagger-resources/configuration/ui]}" onto public org.springframework.http.ResponseEntity<springfox.documentation.swagger.web.UiConfiguration> springfox.documentation.swagger.web.ApiResourceController.uiConfiguration()
2019-10-27 15:16:07,449 [main] INFO  o.s.w.s.m.m.a.RequestMappingHandlerMapping -[AbstractHandlerMethodMapping.java:547]- Mapped "{[/swagger-resources]}" onto public org.springframework.http.ResponseEntity<java.util.List<springfox.documentation.swagger.web.SwaggerResource>> springfox.documentation.swagger.web.ApiResourceController.swaggerResources()
2019-10-27 15:16:07,450 [main] INFO  o.s.w.s.m.m.a.RequestMappingHandlerMapping -[AbstractHandlerMethodMapping.java:547]- Mapped "{[/swagger-resources/configuration/security]}" onto public org.springframework.http.ResponseEntity<springfox.documentation.swagger.web.SecurityConfiguration> springfox.documentation.swagger.web.ApiResourceController.securityConfiguration()
2019-10-27 15:16:07,461 [main] INFO  o.s.w.s.m.m.a.RequestMappingHandlerMapping -[AbstractHandlerMethodMapping.java:547]- Mapped "{[/error]}" onto public org.springframework.http.ResponseEntity<java.util.Map<java.lang.String, java.lang.Object>> org.springframework.boot.autoconfigure.web.servlet.error.BasicErrorController.error(javax.servlet.http.HttpServletRequest)
2019-10-27 15:16:07,464 [main] INFO  o.s.w.s.m.m.a.RequestMappingHandlerMapping -[AbstractHandlerMethodMapping.java:547]- Mapped "{[/error],produces=[text/html]}" onto public org.springframework.web.servlet.ModelAndView org.springframework.boot.autoconfigure.web.servlet.error.BasicErrorController.errorHtml(javax.servlet.http.HttpServletRequest,javax.servlet.http.HttpServletResponse)
2019-10-27 15:16:09,318 [main] INFO  o.s.b.actuate.endpoint.web.EndpointLinksResolver -[EndpointLinksResolver.java:59]- Exposing 2 endpoint(s) beneath base path '/actuator'
2019-10-27 15:16:09,336 [main] INFO  o.s.b.a.e.web.servlet.WebMvcEndpointHandlerMapping -[AbstractHandlerMethodMapping.java:547]- Mapped "{[/actuator/health],methods=[GET],produces=[application/vnd.spring-boot.actuator.v2+json || application/json]}" onto public java.lang.Object org.springframework.boot.actuate.endpoint.web.servlet.AbstractWebMvcEndpointHandlerMapping$OperationHandler.handle(javax.servlet.http.HttpServletRequest,java.util.Map<java.lang.String, java.lang.String>)
2019-10-27 15:16:09,338 [main] INFO  o.s.b.a.e.web.servlet.WebMvcEndpointHandlerMapping -[AbstractHandlerMethodMapping.java:547]- Mapped "{[/actuator/info],methods=[GET],produces=[application/vnd.spring-boot.actuator.v2+json || application/json]}" onto public java.lang.Object org.springframework.boot.actuate.endpoint.web.servlet.AbstractWebMvcEndpointHandlerMapping$OperationHandler.handle(javax.servlet.http.HttpServletRequest,java.util.Map<java.lang.String, java.lang.String>)
2019-10-27 15:16:09,339 [main] INFO  o.s.b.a.e.web.servlet.WebMvcEndpointHandlerMapping -[AbstractHandlerMethodMapping.java:547]- Mapped "{[/actuator],methods=[GET],produces=[application/vnd.spring-boot.actuator.v2+json || application/json]}" onto protected java.util.Map<java.lang.String, java.util.Map<java.lang.String, org.springframework.boot.actuate.endpoint.web.Link>> org.springframework.boot.actuate.endpoint.web.servlet.WebMvcEndpointHandlerMapping.links(javax.servlet.http.HttpServletRequest,javax.servlet.http.HttpServletResponse)
2019-10-27 15:16:09,556 [main] INFO  o.s.scheduling.concurrent.ThreadPoolTaskExecutor -[ExecutorConfigurationSupport.java:171]- Initializing ExecutorService  'taskExecutor'
2019-10-27 15:16:09,673 [main] INFO  s.d.s.w.PropertySourcedRequestMappingHandlerMapping -[PropertySourcedRequestMappingHandlerMapping.java:69]- Mapped URL path [/v2/api-docs] onto method [public org.springframework.http.ResponseEntity<springfox.documentation.spring.web.json.Json> springfox.documentation.swagger2.web.Swagger2Controller.getDocumentation(java.lang.String,javax.servlet.http.HttpServletRequest)]
2019-10-27 15:16:10,122 [main] INFO  o.s.web.servlet.handler.SimpleUrlHandlerMapping -[AbstractUrlHandlerMapping.java:373]- Mapped URL path [/**/favicon.ico] onto handler of type [class org.springframework.web.servlet.resource.ResourceHttpRequestHandler]
2019-10-27 15:16:10,574 [main] INFO  o.s.w.s.m.m.a.RequestMappingHandlerAdapter -[RequestMappingHandlerAdapter.java:574]- Looking for @ControllerAdvice: org.springframework.web.context.support.GenericWebApplicationContext@7776ab: startup date [Sun Oct 27 15:15:58 CST 2019]; root of context hierarchy
2019-10-27 15:16:10,685 [main] INFO  o.s.web.servlet.handler.SimpleUrlHandlerMapping -[AbstractUrlHandlerMapping.java:373]- Mapped URL path [/webjars/**] onto handler of type [class org.springframework.web.servlet.resource.ResourceHttpRequestHandler]
2019-10-27 15:16:10,686 [main] INFO  o.s.web.servlet.handler.SimpleUrlHandlerMapping -[AbstractUrlHandlerMapping.java:373]- Mapped URL path [/**] onto handler of type [class org.springframework.web.servlet.resource.ResourceHttpRequestHandler]
2019-10-27 15:16:10,686 [main] INFO  o.s.web.servlet.handler.SimpleUrlHandlerMapping -[AbstractUrlHandlerMapping.java:373]- Mapped URL path [/statics/**] onto handler of type [class org.springframework.web.servlet.resource.ResourceHttpRequestHandler]
2019-10-27 15:16:10,715 [main] INFO  o.s.w.s.m.m.a.ExceptionHandlerExceptionResolver -[ExceptionHandlerExceptionResolver.java:288]- Detected @ExceptionHandler methods in exceptionHandlerAdvice
2019-10-27 15:16:10,777 [main] INFO  o.s.b.a.web.servlet.WelcomePageHandlerMapping -[WelcomePageHandlerMapping.java:56]- Adding welcome page: class path resource [static/index.html]
2019-10-27 15:16:11,014 [main] WARN  o.s.w.context.support.GenericWebApplicationContext -[AbstractApplicationContext.java:558]- Exception encountered during context initialization - cancelling refresh attempt: org.springframework.beans.factory.BeanCreationException: Error creating bean with name 'gsonBuilder' defined in class path resource [org/springframework/boot/autoconfigure/gson/GsonAutoConfiguration.class]: Bean instantiation via factory method failed; nested exception is org.springframework.beans.BeanInstantiationException: Failed to instantiate [com.google.gson.GsonBuilder]: Factory method 'gsonBuilder' threw exception; nested exception is java.lang.BootstrapMethodError: java.lang.NoSuchMethodError: com.google.gson.GsonBuilder.setLenient()Lcom/google/gson/GsonBuilder;
2019-10-27 15:16:11,018 [main] INFO  o.s.scheduling.concurrent.ThreadPoolTaskExecutor -[ExecutorConfigurationSupport.java:208]- Shutting down ExecutorService 'taskExecutor'
2019-10-27 15:16:11,054 [main] INFO  org.quartz.core.QuartzScheduler -[QuartzScheduler.java:666]- Scheduler adminQuartzScheduler_$_SC-2019022502001572160566373 shutting down.
2019-10-27 15:16:11,054 [main] INFO  org.quartz.core.QuartzScheduler -[QuartzScheduler.java:585]- Scheduler adminQuartzScheduler_$_SC-2019022502001572160566373 paused.
2019-10-27 15:16:11,055 [main] INFO  org.quartz.core.QuartzScheduler -[QuartzScheduler.java:740]- Scheduler adminQuartzScheduler_$_SC-2019022502001572160566373 shutdown complete.
2019-10-27 15:16:11,064 [main] INFO  com.alibaba.druid.pool.DruidDataSource -[DruidDataSource.java:1823]- {dataSource-1} closed
2019-10-27 15:16:11,081 [main] INFO  o.s.b.a.l.ConditionEvaluationReportLoggingListener -[ConditionEvaluationReportLoggingListener.java:101]- 

Error starting ApplicationContext. To display the conditions report re-run your application with 'debug' enabled.
2019-10-27 15:16:11,086 [main] ERROR org.springframework.boot.SpringApplication -[SpringApplication.java:842]- Application run failed
org.springframework.beans.factory.BeanCreationException: Error creating bean with name 'gsonBuilder' defined in class path resource [org/springframework/boot/autoconfigure/gson/GsonAutoConfiguration.class]: Bean instantiation via factory method failed; nested exception is org.springframework.beans.BeanInstantiationException: Failed to instantiate [com.google.gson.GsonBuilder]: Factory method 'gsonBuilder' threw exception; nested exception is java.lang.BootstrapMethodError: java.lang.NoSuchMethodError: com.google.gson.GsonBuilder.setLenient()Lcom/google/gson/GsonBuilder;
	at org.springframework.beans.factory.support.ConstructorResolver.instantiateUsingFactoryMethod(ConstructorResolver.java:587)
	at org.springframework.beans.factory.support.AbstractAutowireCapableBeanFactory.instantiateUsingFactoryMethod(AbstractAutowireCapableBeanFactory.java:1254)
	at org.springframework.beans.factory.support.AbstractAutowireCapableBeanFactory.createBeanInstance(AbstractAutowireCapableBeanFactory.java:1103)
	at org.springframework.beans.factory.support.AbstractAutowireCapableBeanFactory.doCreateBean(AbstractAutowireCapableBeanFactory.java:541)
	at org.springframework.beans.factory.support.AbstractAutowireCapableBeanFactory.createBean(AbstractAutowireCapableBeanFactory.java:501)
	at org.springframework.beans.factory.support.AbstractBeanFactory.lambda$doGetBean$0(AbstractBeanFactory.java:317)
	at org.springframework.beans.factory.support.DefaultSingletonBeanRegistry.getSingleton(DefaultSingletonBeanRegistry.java:228)
	at org.springframework.beans.factory.support.AbstractBeanFactory.doGetBean(AbstractBeanFactory.java:315)
	at org.springframework.beans.factory.support.AbstractBeanFactory.getBean(AbstractBeanFactory.java:199)
	at org.springframework.beans.factory.support.DefaultListableBeanFactory.preInstantiateSingletons(DefaultListableBeanFactory.java:760)
	at org.springframework.context.support.AbstractApplicationContext.finishBeanFactoryInitialization(AbstractApplicationContext.java:869)
	at org.springframework.context.support.AbstractApplicationContext.refresh(AbstractApplicationContext.java:550)
	at org.springframework.boot.SpringApplication.refresh(SpringApplication.java:759)
	at org.springframework.boot.SpringApplication.refreshContext(SpringApplication.java:395)
	at org.springframework.boot.SpringApplication.run(SpringApplication.java:327)
	at org.springframework.boot.test.context.SpringBootContextLoader.loadContext(SpringBootContextLoader.java:139)
	at org.springframework.test.context.cache.DefaultCacheAwareContextLoaderDelegate.loadContextInternal(DefaultCacheAwareContextLoaderDelegate.java:99)
	at org.springframework.test.context.cache.DefaultCacheAwareContextLoaderDelegate.loadContext(DefaultCacheAwareContextLoaderDelegate.java:117)
	at org.springframework.test.context.support.DefaultTestContext.getApplicationContext(DefaultTestContext.java:108)
	at org.springframework.test.context.web.ServletTestExecutionListener.setUpRequestContextIfNecessary(ServletTestExecutionListener.java:190)
	at org.springframework.test.context.web.ServletTestExecutionListener.prepareTestInstance(ServletTestExecutionListener.java:132)
	at org.springframework.test.context.TestContextManager.prepareTestInstance(TestContextManager.java:246)
	at org.springframework.test.context.junit4.SpringJUnit4ClassRunner.createTest(SpringJUnit4ClassRunner.java:227)
	at org.springframework.test.context.junit4.SpringJUnit4ClassRunner$1.runReflectiveCall(SpringJUnit4ClassRunner.java:289)
	at org.junit.internal.runners.model.ReflectiveCallable.run(ReflectiveCallable.java:12)
	at org.springframework.test.context.junit4.SpringJUnit4ClassRunner.methodBlock(SpringJUnit4ClassRunner.java:291)
	at org.springframework.test.context.junit4.SpringJUnit4ClassRunner.runChild(SpringJUnit4ClassRunner.java:246)
	at org.springframework.test.context.junit4.SpringJUnit4ClassRunner.runChild(SpringJUnit4ClassRunner.java:97)
	at org.junit.runners.ParentRunner$3.run(ParentRunner.java:290)
	at org.junit.runners.ParentRunner$1.schedule(ParentRunner.java:71)
	at org.junit.runners.ParentRunner.runChildren(ParentRunner.java:288)
	at org.junit.runners.ParentRunner.access$000(ParentRunner.java:58)
	at org.junit.runners.ParentRunner$2.evaluate(ParentRunner.java:268)
	at org.springframework.test.context.junit4.statements.RunBeforeTestClassCallbacks.evaluate(RunBeforeTestClassCallbacks.java:61)
	at org.springframework.test.context.junit4.statements.RunAfterTestClassCallbacks.evaluate(RunAfterTestClassCallbacks.java:70)
	at org.junit.runners.ParentRunner.run(ParentRunner.java:363)
	at org.springframework.test.context.junit4.SpringJUnit4ClassRunner.run(SpringJUnit4ClassRunner.java:190)
	at org.apache.maven.surefire.junit4.JUnit4Provider.execute(JUnit4Provider.java:365)
	at org.apache.maven.surefire.junit4.JUnit4Provider.executeWithRerun(JUnit4Provider.java:273)
	at org.apache.maven.surefire.junit4.JUnit4Provider.executeTestSet(JUnit4Provider.java:238)
	at org.apache.maven.surefire.junit4.JUnit4Provider.invoke(JUnit4Provider.java:159)
	at org.apache.maven.surefire.booter.ForkedBooter.invokeProviderInSameClassLoader(ForkedBooter.java:379)
	at org.apache.maven.surefire.booter.ForkedBooter.runSuitesInProcess(ForkedBooter.java:340)
	at org.apache.maven.surefire.booter.ForkedBooter.execute(ForkedBooter.java:125)
	at org.apache.maven.surefire.booter.ForkedBooter.main(ForkedBooter.java:413)
Caused by: org.springframework.beans.BeanInstantiationException: Failed to instantiate [com.google.gson.GsonBuilder]: Factory method 'gsonBuilder' threw exception; nested exception is java.lang.BootstrapMethodError: java.lang.NoSuchMethodError: com.google.gson.GsonBuilder.setLenient()Lcom/google/gson/GsonBuilder;
	at org.springframework.beans.factory.support.SimpleInstantiationStrategy.instantiate(SimpleInstantiationStrategy.java:185)
	at org.springframework.beans.factory.support.ConstructorResolver.instantiateUsingFactoryMethod(ConstructorResolver.java:579)
	... 44 common frames omitted
Caused by: java.lang.BootstrapMethodError: java.lang.NoSuchMethodError: com.google.gson.GsonBuilder.setLenient()Lcom/google/gson/GsonBuilder;
	at org.springframework.boot.autoconfigure.gson.GsonAutoConfiguration$StandardGsonBuilderCustomizer.customize(GsonAutoConfiguration.java:96)
	at org.springframework.boot.autoconfigure.gson.GsonAutoConfiguration.lambda$gsonBuilder$0(GsonAutoConfiguration.java:49)
	at java.util.ArrayList.forEach(ArrayList.java:1257)
	at org.springframework.boot.autoconfigure.gson.GsonAutoConfiguration.gsonBuilder(GsonAutoConfiguration.java:49)
	at org.springframework.boot.autoconfigure.gson.GsonAutoConfiguration$$EnhancerBySpringCGLIB$$f1fdaee4.CGLIB$gsonBuilder$0(<generated>)
	at org.springframework.boot.autoconfigure.gson.GsonAutoConfiguration$$EnhancerBySpringCGLIB$$f1fdaee4$$FastClassBySpringCGLIB$$88e485f0.invoke(<generated>)
	at org.springframework.cglib.proxy.MethodProxy.invokeSuper(MethodProxy.java:228)
	at org.springframework.context.annotation.ConfigurationClassEnhancer$BeanMethodInterceptor.intercept(ConfigurationClassEnhancer.java:361)
	at org.springframework.boot.autoconfigure.gson.GsonAutoConfiguration$$EnhancerBySpringCGLIB$$f1fdaee4.gsonBuilder(<generated>)
	at sun.reflect.NativeMethodAccessorImpl.invoke0(Native Method)
	at sun.reflect.NativeMethodAccessorImpl.invoke(NativeMethodAccessorImpl.java:62)
	at sun.reflect.DelegatingMethodAccessorImpl.invoke(DelegatingMethodAccessorImpl.java:43)
	at java.lang.reflect.Method.invoke(Method.java:498)
	at org.springframework.beans.factory.support.SimpleInstantiationStrategy.instantiate(SimpleInstantiationStrategy.java:154)
	... 45 common frames omitted
Caused by: java.lang.NoSuchMethodError: com.google.gson.GsonBuilder.setLenient()Lcom/google/gson/GsonBuilder;
	at java.lang.invoke.MethodHandleNatives.resolve(Native Method)
	at java.lang.invoke.MemberName$Factory.resolve(MemberName.java:975)
	at java.lang.invoke.MemberName$Factory.resolveOrFail(MemberName.java:1000)
	at java.lang.invoke.MethodHandles$Lookup.resolveOrFail(MethodHandles.java:1394)
	at java.lang.invoke.MethodHandles$Lookup.linkMethodHandleConstant(MethodHandles.java:1750)
	at java.lang.invoke.MethodHandleNatives.linkMethodHandleConstant(MethodHandleNatives.java:477)
	... 59 common frames omitted
2019-10-27 15:16:11,090 [main] ERROR o.springframework.test.context.TestContextManager -[TestContextManager.java:250]- Caught exception while allowing TestExecutionListener [org.springframework.test.context.web.ServletTestExecutionListener@316bcf94] to prepare test instance [com.boot.security.server.SecurityApplicationTest@608b906d]
java.lang.IllegalStateException: Failed to load ApplicationContext
	at org.springframework.test.context.cache.DefaultCacheAwareContextLoaderDelegate.loadContext(DefaultCacheAwareContextLoaderDelegate.java:125)
	at org.springframework.test.context.support.DefaultTestContext.getApplicationContext(DefaultTestContext.java:108)
	at org.springframework.test.context.web.ServletTestExecutionListener.setUpRequestContextIfNecessary(ServletTestExecutionListener.java:190)
	at org.springframework.test.context.web.ServletTestExecutionListener.prepareTestInstance(ServletTestExecutionListener.java:132)
	at org.springframework.test.context.TestContextManager.prepareTestInstance(TestContextManager.java:246)
	at org.springframework.test.context.junit4.SpringJUnit4ClassRunner.createTest(SpringJUnit4ClassRunner.java:227)
	at org.springframework.test.context.junit4.SpringJUnit4ClassRunner$1.runReflectiveCall(SpringJUnit4ClassRunner.java:289)
	at org.junit.internal.runners.model.ReflectiveCallable.run(ReflectiveCallable.java:12)
	at org.springframework.test.context.junit4.SpringJUnit4ClassRunner.methodBlock(SpringJUnit4ClassRunner.java:291)
	at org.springframework.test.context.junit4.SpringJUnit4ClassRunner.runChild(SpringJUnit4ClassRunner.java:246)
	at org.springframework.test.context.junit4.SpringJUnit4ClassRunner.runChild(SpringJUnit4ClassRunner.java:97)
	at org.junit.runners.ParentRunner$3.run(ParentRunner.java:290)
	at org.junit.runners.ParentRunner$1.schedule(ParentRunner.java:71)
	at org.junit.runners.ParentRunner.runChildren(ParentRunner.java:288)
	at org.junit.runners.ParentRunner.access$000(ParentRunner.java:58)
	at org.junit.runners.ParentRunner$2.evaluate(ParentRunner.java:268)
	at org.springframework.test.context.junit4.statements.RunBeforeTestClassCallbacks.evaluate(RunBeforeTestClassCallbacks.java:61)
	at org.springframework.test.context.junit4.statements.RunAfterTestClassCallbacks.evaluate(RunAfterTestClassCallbacks.java:70)
	at org.junit.runners.ParentRunner.run(ParentRunner.java:363)
	at org.springframework.test.context.junit4.SpringJUnit4ClassRunner.run(SpringJUnit4ClassRunner.java:190)
	at org.apache.maven.surefire.junit4.JUnit4Provider.execute(JUnit4Provider.java:365)
	at org.apache.maven.surefire.junit4.JUnit4Provider.executeWithRerun(JUnit4Provider.java:273)
	at org.apache.maven.surefire.junit4.JUnit4Provider.executeTestSet(JUnit4Provider.java:238)
	at org.apache.maven.surefire.junit4.JUnit4Provider.invoke(JUnit4Provider.java:159)
	at org.apache.maven.surefire.booter.ForkedBooter.invokeProviderInSameClassLoader(ForkedBooter.java:379)
	at org.apache.maven.surefire.booter.ForkedBooter.runSuitesInProcess(ForkedBooter.java:340)
	at org.apache.maven.surefire.booter.ForkedBooter.execute(ForkedBooter.java:125)
	at org.apache.maven.surefire.booter.ForkedBooter.main(ForkedBooter.java:413)
Caused by: org.springframework.beans.factory.BeanCreationException: Error creating bean with name 'gsonBuilder' defined in class path resource [org/springframework/boot/autoconfigure/gson/GsonAutoConfiguration.class]: Bean instantiation via factory method failed; nested exception is org.springframework.beans.BeanInstantiationException: Failed to instantiate [com.google.gson.GsonBuilder]: Factory method 'gsonBuilder' threw exception; nested exception is java.lang.BootstrapMethodError: java.lang.NoSuchMethodError: com.google.gson.GsonBuilder.setLenient()Lcom/google/gson/GsonBuilder;
	at org.springframework.beans.factory.support.ConstructorResolver.instantiateUsingFactoryMethod(ConstructorResolver.java:587)
	at org.springframework.beans.factory.support.AbstractAutowireCapableBeanFactory.instantiateUsingFactoryMethod(AbstractAutowireCapableBeanFactory.java:1254)
	at org.springframework.beans.factory.support.AbstractAutowireCapableBeanFactory.createBeanInstance(AbstractAutowireCapableBeanFactory.java:1103)
	at org.springframework.beans.factory.support.AbstractAutowireCapableBeanFactory.doCreateBean(AbstractAutowireCapableBeanFactory.java:541)
	at org.springframework.beans.factory.support.AbstractAutowireCapableBeanFactory.createBean(AbstractAutowireCapableBeanFactory.java:501)
	at org.springframework.beans.factory.support.AbstractBeanFactory.lambda$doGetBean$0(AbstractBeanFactory.java:317)
	at org.springframework.beans.factory.support.DefaultSingletonBeanRegistry.getSingleton(DefaultSingletonBeanRegistry.java:228)
	at org.springframework.beans.factory.support.AbstractBeanFactory.doGetBean(AbstractBeanFactory.java:315)
	at org.springframework.beans.factory.support.AbstractBeanFactory.getBean(AbstractBeanFactory.java:199)
	at org.springframework.beans.factory.support.DefaultListableBeanFactory.preInstantiateSingletons(DefaultListableBeanFactory.java:760)
	at org.springframework.context.support.AbstractApplicationContext.finishBeanFactoryInitialization(AbstractApplicationContext.java:869)
	at org.springframework.context.support.AbstractApplicationContext.refresh(AbstractApplicationContext.java:550)
	at org.springframework.boot.SpringApplication.refresh(SpringApplication.java:759)
	at org.springframework.boot.SpringApplication.refreshContext(SpringApplication.java:395)
	at org.springframework.boot.SpringApplication.run(SpringApplication.java:327)
	at org.springframework.boot.test.context.SpringBootContextLoader.loadContext(SpringBootContextLoader.java:139)
	at org.springframework.test.context.cache.DefaultCacheAwareContextLoaderDelegate.loadContextInternal(DefaultCacheAwareContextLoaderDelegate.java:99)
	at org.springframework.test.context.cache.DefaultCacheAwareContextLoaderDelegate.loadContext(DefaultCacheAwareContextLoaderDelegate.java:117)
	... 27 common frames omitted
Caused by: org.springframework.beans.BeanInstantiationException: Failed to instantiate [com.google.gson.GsonBuilder]: Factory method 'gsonBuilder' threw exception; nested exception is java.lang.BootstrapMethodError: java.lang.NoSuchMethodError: com.google.gson.GsonBuilder.setLenient()Lcom/google/gson/GsonBuilder;
	at org.springframework.beans.factory.support.SimpleInstantiationStrategy.instantiate(SimpleInstantiationStrategy.java:185)
	at org.springframework.beans.factory.support.ConstructorResolver.instantiateUsingFactoryMethod(ConstructorResolver.java:579)
	... 44 common frames omitted
Caused by: java.lang.BootstrapMethodError: java.lang.NoSuchMethodError: com.google.gson.GsonBuilder.setLenient()Lcom/google/gson/GsonBuilder;
	at org.springframework.boot.autoconfigure.gson.GsonAutoConfiguration$StandardGsonBuilderCustomizer.customize(GsonAutoConfiguration.java:96)
	at org.springframework.boot.autoconfigure.gson.GsonAutoConfiguration.lambda$gsonBuilder$0(GsonAutoConfiguration.java:49)
	at java.util.ArrayList.forEach(ArrayList.java:1257)
	at org.springframework.boot.autoconfigure.gson.GsonAutoConfiguration.gsonBuilder(GsonAutoConfiguration.java:49)
	at org.springframework.boot.autoconfigure.gson.GsonAutoConfiguration$$EnhancerBySpringCGLIB$$f1fdaee4.CGLIB$gsonBuilder$0(<generated>)
	at org.springframework.boot.autoconfigure.gson.GsonAutoConfiguration$$EnhancerBySpringCGLIB$$f1fdaee4$$FastClassBySpringCGLIB$$88e485f0.invoke(<generated>)
	at org.springframework.cglib.proxy.MethodProxy.invokeSuper(MethodProxy.java:228)
	at org.springframework.context.annotation.ConfigurationClassEnhancer$BeanMethodInterceptor.intercept(ConfigurationClassEnhancer.java:361)
	at org.springframework.boot.autoconfigure.gson.GsonAutoConfiguration$$EnhancerBySpringCGLIB$$f1fdaee4.gsonBuilder(<generated>)
	at sun.reflect.NativeMethodAccessorImpl.invoke0(Native Method)
	at sun.reflect.NativeMethodAccessorImpl.invoke(NativeMethodAccessorImpl.java:62)
	at sun.reflect.DelegatingMethodAccessorImpl.invoke(DelegatingMethodAccessorImpl.java:43)
	at java.lang.reflect.Method.invoke(Method.java:498)
	at org.springframework.beans.factory.support.SimpleInstantiationStrategy.instantiate(SimpleInstantiationStrategy.java:154)
	... 45 common frames omitted
Caused by: java.lang.NoSuchMethodError: com.google.gson.GsonBuilder.setLenient()Lcom/google/gson/GsonBuilder;
	at java.lang.invoke.MethodHandleNatives.resolve(Native Method)
	at java.lang.invoke.MemberName$Factory.resolve(MemberName.java:975)
	at java.lang.invoke.MemberName$Factory.resolveOrFail(MemberName.java:1000)
	at java.lang.invoke.MethodHandles$Lookup.resolveOrFail(MethodHandles.java:1394)
	at java.lang.invoke.MethodHandles$Lookup.linkMethodHandleConstant(MethodHandles.java:1750)
	at java.lang.invoke.MethodHandleNatives.linkMethodHandleConstant(MethodHandleNatives.java:477)
	... 59 common frames omitted
]]></system-out>
  </testcase>
</testsuite>