<?xml version="1.0" encoding="UTF-8"?>
<testsuite xmlns:xsi="http://www.w3.org/2001/XMLSchema-instance" xsi:noNamespaceSchemaLocation="https://maven.apache.org/surefire/maven-surefire-plugin/xsd/surefire-test-report.xsd" name="com.boot.security.server.SecurityApplicationTest" time="24.107" tests="1" errors="0" skipped="0" failures="0">
  <properties>
    <property name="sun.desktop" value="windows"/>
    <property name="awt.toolkit" value="sun.awt.windows.WToolkit"/>
    <property name="file.encoding.pkg" value="sun.io"/>
    <property name="java.specification.version" value="1.8"/>
    <property name="sun.cpu.isalist" value="amd64"/>
    <property name="sun.jnu.encoding" value="GBK"/>
    <property name="java.class.path" value="C:\Users\Administrator\git\springboot\target\test-classes;C:\Users\Administrator\git\springboot\target\classes;E:\apache-maven-3.3.9-bin\rep\org\springframework\boot\spring-boot-starter-test\2.0.2.RELEASE\spring-boot-starter-test-2.0.2.RELEASE.jar;E:\apache-maven-3.3.9-bin\rep\org\springframework\boot\spring-boot-starter\2.0.2.RELEASE\spring-boot-starter-2.0.2.RELEASE.jar;E:\apache-maven-3.3.9-bin\rep\org\springframework\boot\spring-boot\2.0.2.RELEASE\spring-boot-2.0.2.RELEASE.jar;E:\apache-maven-3.3.9-bin\rep\org\springframework\boot\spring-boot-starter-logging\2.0.2.RELEASE\spring-boot-starter-logging-2.0.2.RELEASE.jar;E:\apache-maven-3.3.9-bin\rep\ch\qos\logback\logback-classic\1.2.3\logback-classic-1.2.3.jar;E:\apache-maven-3.3.9-bin\rep\ch\qos\logback\logback-core\1.2.3\logback-core-1.2.3.jar;E:\apache-maven-3.3.9-bin\rep\org\apache\logging\log4j\log4j-to-slf4j\2.10.0\log4j-to-slf4j-2.10.0.jar;E:\apache-maven-3.3.9-bin\rep\org\slf4j\jul-to-slf4j\1.7.25\jul-to-slf4j-1.7.25.jar;E:\apache-maven-3.3.9-bin\rep\javax\annotation\javax.annotation-api\1.3.2\javax.annotation-api-1.3.2.jar;E:\apache-maven-3.3.9-bin\rep\org\yaml\snakeyaml\1.19\snakeyaml-1.19.jar;E:\apache-maven-3.3.9-bin\rep\org\springframework\boot\spring-boot-test\2.0.2.RELEASE\spring-boot-test-2.0.2.RELEASE.jar;E:\apache-maven-3.3.9-bin\rep\org\springframework\boot\spring-boot-test-autoconfigure\2.0.2.RELEASE\spring-boot-test-autoconfigure-2.0.2.RELEASE.jar;E:\apache-maven-3.3.9-bin\rep\com\jayway\jsonpath\json-path\2.4.0\json-path-2.4.0.jar;E:\apache-maven-3.3.9-bin\rep\net\minidev\json-smart\2.3\json-smart-2.3.jar;E:\apache-maven-3.3.9-bin\rep\net\minidev\accessors-smart\1.2\accessors-smart-1.2.jar;E:\apache-maven-3.3.9-bin\rep\org\ow2\asm\asm\5.0.4\asm-5.0.4.jar;E:\apache-maven-3.3.9-bin\rep\junit\junit\4.12\junit-4.12.jar;E:\apache-maven-3.3.9-bin\rep\org\assertj\assertj-core\3.9.1\assertj-core-3.9.1.jar;E:\apache-maven-3.3.9-bin\rep\org\mockito\mockito-core\2.15.0\mockito-core-2.15.0.jar;E:\apache-maven-3.3.9-bin\rep\net\bytebuddy\byte-buddy\1.7.11\byte-buddy-1.7.11.jar;E:\apache-maven-3.3.9-bin\rep\net\bytebuddy\byte-buddy-agent\1.7.11\byte-buddy-agent-1.7.11.jar;E:\apache-maven-3.3.9-bin\rep\org\objenesis\objenesis\2.6\objenesis-2.6.jar;E:\apache-maven-3.3.9-bin\rep\org\hamcrest\hamcrest-core\1.3\hamcrest-core-1.3.jar;E:\apache-maven-3.3.9-bin\rep\org\hamcrest\hamcrest-library\1.3\hamcrest-library-1.3.jar;E:\apache-maven-3.3.9-bin\rep\org\skyscreamer\jsonassert\1.5.0\jsonassert-1.5.0.jar;E:\apache-maven-3.3.9-bin\rep\com\vaadin\external\google\android-json\0.0.20131108.vaadin1\android-json-0.0.20131108.vaadin1.jar;E:\apache-maven-3.3.9-bin\rep\org\springframework\spring-core\5.0.6.RELEASE\spring-core-5.0.6.RELEASE.jar;E:\apache-maven-3.3.9-bin\rep\org\springframework\spring-jcl\5.0.6.RELEASE\spring-jcl-5.0.6.RELEASE.jar;E:\apache-maven-3.3.9-bin\rep\org\springframework\spring-test\5.0.6.RELEASE\spring-test-5.0.6.RELEASE.jar;E:\apache-maven-3.3.9-bin\rep\org\xmlunit\xmlunit-core\2.5.1\xmlunit-core-2.5.1.jar;E:\apache-maven-3.3.9-bin\rep\org\springframework\boot\spring-boot-starter-aop\2.0.2.RELEASE\spring-boot-starter-aop-2.0.2.RELEASE.jar;E:\apache-maven-3.3.9-bin\rep\org\springframework\spring-aop\5.0.6.RELEASE\spring-aop-5.0.6.RELEASE.jar;E:\apache-maven-3.3.9-bin\rep\org\aspectj\aspectjweaver\1.8.13\aspectjweaver-1.8.13.jar;E:\apache-maven-3.3.9-bin\rep\org\springframework\boot\spring-boot-starter-actuator\2.0.2.RELEASE\spring-boot-starter-actuator-2.0.2.RELEASE.jar;E:\apache-maven-3.3.9-bin\rep\org\springframework\boot\spring-boot-actuator-autoconfigure\2.0.2.RELEASE\spring-boot-actuator-autoconfigure-2.0.2.RELEASE.jar;E:\apache-maven-3.3.9-bin\rep\org\springframework\boot\spring-boot-actuator\2.0.2.RELEASE\spring-boot-actuator-2.0.2.RELEASE.jar;E:\apache-maven-3.3.9-bin\rep\com\fasterxml\jackson\datatype\jackson-datatype-jsr310\2.9.5\jackson-datatype-jsr310-2.9.5.jar;E:\apache-maven-3.3.9-bin\rep\io\micrometer\micrometer-core\1.0.4\micrometer-core-1.0.4.jar;E:\apache-maven-3.3.9-bin\rep\org\hdrhistogram\HdrHistogram\2.1.10\HdrHistogram-2.1.10.jar;E:\apache-maven-3.3.9-bin\rep\org\latencyutils\LatencyUtils\2.0.3\LatencyUtils-2.0.3.jar;E:\apache-maven-3.3.9-bin\rep\com\google\guava\guava\23.0\guava-23.0.jar;E:\apache-maven-3.3.9-bin\rep\com\google\code\findbugs\jsr305\1.3.9\jsr305-1.3.9.jar;E:\apache-maven-3.3.9-bin\rep\com\google\errorprone\error_prone_annotations\2.0.18\error_prone_annotations-2.0.18.jar;E:\apache-maven-3.3.9-bin\rep\com\google\j2objc\j2objc-annotations\1.1\j2objc-annotations-1.1.jar;E:\apache-maven-3.3.9-bin\rep\org\codehaus\mojo\animal-sniffer-annotations\1.14\animal-sniffer-annotations-1.14.jar;E:\apache-maven-3.3.9-bin\rep\org\apache\commons\commons-lang3\3.7\commons-lang3-3.7.jar;E:\apache-maven-3.3.9-bin\rep\com\fasterxml\jackson\core\jackson-databind\2.9.5\jackson-databind-2.9.5.jar;E:\apache-maven-3.3.9-bin\rep\com\fasterxml\jackson\core\jackson-core\2.9.5\jackson-core-2.9.5.jar;E:\apache-maven-3.3.9-bin\rep\com\fasterxml\jackson\core\jackson-annotations\2.9.0\jackson-annotations-2.9.0.jar;E:\apache-maven-3.3.9-bin\rep\commons-codec\commons-codec\1.11\commons-codec-1.11.jar;E:\apache-maven-3.3.9-bin\rep\com\alibaba\fastjson\1.2.40\fastjson-1.2.40.jar;E:\apache-maven-3.3.9-bin\rep\org\springframework\boot\spring-boot-starter-web\2.0.2.RELEASE\spring-boot-starter-web-2.0.2.RELEASE.jar;E:\apache-maven-3.3.9-bin\rep\org\springframework\boot\spring-boot-starter-json\2.0.2.RELEASE\spring-boot-starter-json-2.0.2.RELEASE.jar;E:\apache-maven-3.3.9-bin\rep\com\fasterxml\jackson\datatype\jackson-datatype-jdk8\2.9.5\jackson-datatype-jdk8-2.9.5.jar;E:\apache-maven-3.3.9-bin\rep\com\fasterxml\jackson\module\jackson-module-parameter-names\2.9.5\jackson-module-parameter-names-2.9.5.jar;E:\apache-maven-3.3.9-bin\rep\org\springframework\boot\spring-boot-starter-tomcat\2.0.2.RELEASE\spring-boot-starter-tomcat-2.0.2.RELEASE.jar;E:\apache-maven-3.3.9-bin\rep\org\apache\tomcat\embed\tomcat-embed-core\8.5.31\tomcat-embed-core-8.5.31.jar;E:\apache-maven-3.3.9-bin\rep\org\apache\tomcat\embed\tomcat-embed-el\8.5.31\tomcat-embed-el-8.5.31.jar;E:\apache-maven-3.3.9-bin\rep\org\apache\tomcat\embed\tomcat-embed-websocket\8.5.31\tomcat-embed-websocket-8.5.31.jar;E:\apache-maven-3.3.9-bin\rep\org\hibernate\validator\hibernate-validator\6.0.9.Final\hibernate-validator-6.0.9.Final.jar;E:\apache-maven-3.3.9-bin\rep\javax\validation\validation-api\2.0.1.Final\validation-api-2.0.1.Final.jar;E:\apache-maven-3.3.9-bin\rep\org\jboss\logging\jboss-logging\3.3.2.Final\jboss-logging-3.3.2.Final.jar;E:\apache-maven-3.3.9-bin\rep\org\springframework\spring-web\5.0.6.RELEASE\spring-web-5.0.6.RELEASE.jar;E:\apache-maven-3.3.9-bin\rep\org\springframework\spring-webmvc\5.0.6.RELEASE\spring-webmvc-5.0.6.RELEASE.jar;E:\apache-maven-3.3.9-bin\rep\org\springframework\spring-expression\5.0.6.RELEASE\spring-expression-5.0.6.RELEASE.jar;E:\apache-maven-3.3.9-bin\rep\org\springframework\boot\spring-boot-starter-security\2.0.2.RELEASE\spring-boot-starter-security-2.0.2.RELEASE.jar;E:\apache-maven-3.3.9-bin\rep\org\springframework\security\spring-security-config\5.0.5.RELEASE\spring-security-config-5.0.5.RELEASE.jar;E:\apache-maven-3.3.9-bin\rep\org\springframework\security\spring-security-core\5.0.5.RELEASE\spring-security-core-5.0.5.RELEASE.jar;E:\apache-maven-3.3.9-bin\rep\org\springframework\security\spring-security-web\5.0.5.RELEASE\spring-security-web-5.0.5.RELEASE.jar;E:\apache-maven-3.3.9-bin\rep\org\mybatis\spring\boot\mybatis-spring-boot-starter\1.3.2\mybatis-spring-boot-starter-1.3.2.jar;E:\apache-maven-3.3.9-bin\rep\org\springframework\boot\spring-boot-starter-jdbc\2.0.2.RELEASE\spring-boot-starter-jdbc-2.0.2.RELEASE.jar;E:\apache-maven-3.3.9-bin\rep\com\zaxxer\HikariCP\2.7.9\HikariCP-2.7.9.jar;E:\apache-maven-3.3.9-bin\rep\org\springframework\spring-jdbc\5.0.6.RELEASE\spring-jdbc-5.0.6.RELEASE.jar;E:\apache-maven-3.3.9-bin\rep\org\mybatis\spring\boot\mybatis-spring-boot-autoconfigure\1.3.2\mybatis-spring-boot-autoconfigure-1.3.2.jar;E:\apache-maven-3.3.9-bin\rep\org\mybatis\mybatis\3.4.6\mybatis-3.4.6.jar;E:\apache-maven-3.3.9-bin\rep\org\mybatis\mybatis-spring\1.3.2\mybatis-spring-1.3.2.jar;E:\apache-maven-3.3.9-bin\rep\mysql\mysql-connector-java\5.1.46\mysql-connector-java-5.1.46.jar;E:\apache-maven-3.3.9-bin\rep\com\alibaba\druid-spring-boot-starter\1.1.9\druid-spring-boot-starter-1.1.9.jar;E:\apache-maven-3.3.9-bin\rep\com\alibaba\druid\1.1.9\druid-1.1.9.jar;E:\apache-maven-3.3.9-bin\rep\org\slf4j\slf4j-api\1.7.25\slf4j-api-1.7.25.jar;E:\apache-maven-3.3.9-bin\rep\org\springframework\boot\spring-boot-autoconfigure\2.0.2.RELEASE\spring-boot-autoconfigure-2.0.2.RELEASE.jar;E:\apache-maven-3.3.9-bin\rep\io\springfox\springfox-swagger2\2.8.0\springfox-swagger2-2.8.0.jar;E:\apache-maven-3.3.9-bin\rep\io\swagger\swagger-annotations\1.5.14\swagger-annotations-1.5.14.jar;E:\apache-maven-3.3.9-bin\rep\io\swagger\swagger-models\1.5.14\swagger-models-1.5.14.jar;E:\apache-maven-3.3.9-bin\rep\io\springfox\springfox-spi\2.8.0\springfox-spi-2.8.0.jar;E:\apache-maven-3.3.9-bin\rep\io\springfox\springfox-core\2.8.0\springfox-core-2.8.0.jar;E:\apache-maven-3.3.9-bin\rep\io\springfox\springfox-schema\2.8.0\springfox-schema-2.8.0.jar;E:\apache-maven-3.3.9-bin\rep\io\springfox\springfox-swagger-common\2.8.0\springfox-swagger-common-2.8.0.jar;E:\apache-maven-3.3.9-bin\rep\io\springfox\springfox-spring-web\2.8.0\springfox-spring-web-2.8.0.jar;E:\apache-maven-3.3.9-bin\rep\org\reflections\reflections\0.9.11\reflections-0.9.11.jar;E:\apache-maven-3.3.9-bin\rep\org\javassist\javassist\3.21.0-GA\javassist-3.21.0-GA.jar;E:\apache-maven-3.3.9-bin\rep\com\fasterxml\classmate\1.3.4\classmate-1.3.4.jar;E:\apache-maven-3.3.9-bin\rep\org\springframework\plugin\spring-plugin-core\1.2.0.RELEASE\spring-plugin-core-1.2.0.RELEASE.jar;E:\apache-maven-3.3.9-bin\rep\org\springframework\plugin\spring-plugin-metadata\1.2.0.RELEASE\spring-plugin-metadata-1.2.0.RELEASE.jar;E:\apache-maven-3.3.9-bin\rep\org\mapstruct\mapstruct\1.2.0.Final\mapstruct-1.2.0.Final.jar;E:\apache-maven-3.3.9-bin\rep\io\springfox\springfox-bean-validators\2.8.0\springfox-bean-validators-2.8.0.jar;E:\apache-maven-3.3.9-bin\rep\io\springfox\springfox-swagger-ui\2.8.0\springfox-swagger-ui-2.8.0.jar;E:\apache-maven-3.3.9-bin\rep\org\springframework\boot\spring-boot-starter-mail\2.0.2.RELEASE\spring-boot-starter-mail-2.0.2.RELEASE.jar;E:\apache-maven-3.3.9-bin\rep\org\springframework\spring-context\5.0.6.RELEASE\spring-context-5.0.6.RELEASE.jar;E:\apache-maven-3.3.9-bin\rep\com\sun\mail\javax.mail\1.6.1\javax.mail-1.6.1.jar;E:\apache-maven-3.3.9-bin\rep\javax\activation\activation\1.1\activation-1.1.jar;E:\apache-maven-3.3.9-bin\rep\org\springframework\boot\spring-boot-starter-data-redis\2.0.2.RELEASE\spring-boot-starter-data-redis-2.0.2.RELEASE.jar;E:\apache-maven-3.3.9-bin\rep\org\springframework\data\spring-data-redis\2.0.7.RELEASE\spring-data-redis-2.0.7.RELEASE.jar;E:\apache-maven-3.3.9-bin\rep\org\springframework\data\spring-data-keyvalue\2.0.7.RELEASE\spring-data-keyvalue-2.0.7.RELEASE.jar;E:\apache-maven-3.3.9-bin\rep\org\springframework\spring-oxm\5.0.6.RELEASE\spring-oxm-5.0.6.RELEASE.jar;E:\apache-maven-3.3.9-bin\rep\io\lettuce\lettuce-core\5.0.4.RELEASE\lettuce-core-5.0.4.RELEASE.jar;E:\apache-maven-3.3.9-bin\rep\io\projectreactor\reactor-core\3.1.7.RELEASE\reactor-core-3.1.7.RELEASE.jar;E:\apache-maven-3.3.9-bin\rep\org\reactivestreams\reactive-streams\1.0.2\reactive-streams-1.0.2.jar;E:\apache-maven-3.3.9-bin\rep\io\netty\netty-common\4.1.24.Final\netty-common-4.1.24.Final.jar;E:\apache-maven-3.3.9-bin\rep\io\netty\netty-transport\4.1.24.Final\netty-transport-4.1.24.Final.jar;E:\apache-maven-3.3.9-bin\rep\io\netty\netty-handler\4.1.24.Final\netty-handler-4.1.24.Final.jar;E:\apache-maven-3.3.9-bin\rep\org\quartz-scheduler\quartz\2.3.0\quartz-2.3.0.jar;E:\apache-maven-3.3.9-bin\rep\com\mchange\mchange-commons-java\0.2.11\mchange-commons-java-0.2.11.jar;E:\apache-maven-3.3.9-bin\rep\org\springframework\spring-context-support\5.0.6.RELEASE\spring-context-support-5.0.6.RELEASE.jar;E:\apache-maven-3.3.9-bin\rep\org\springframework\spring-beans\5.0.6.RELEASE\spring-beans-5.0.6.RELEASE.jar;E:\apache-maven-3.3.9-bin\rep\org\apache\poi\poi\4.1.1\poi-4.1.1.jar;E:\apache-maven-3.3.9-bin\rep\org\apache\commons\commons-collections4\4.4\commons-collections4-4.4.jar;E:\apache-maven-3.3.9-bin\rep\org\apache\commons\commons-math3\3.6.1\commons-math3-3.6.1.jar;E:\apache-maven-3.3.9-bin\rep\io\jsonwebtoken\jjwt\0.9.0\jjwt-0.9.0.jar;E:\apache-maven-3.3.9-bin\rep\org\apache\commons\commons-pool2\2.5.0\commons-pool2-2.5.0.jar;E:\apache-maven-3.3.9-bin\rep\redis\clients\jedis\2.6.2\jedis-2.6.2.jar;E:\apache-maven-3.3.9-bin\rep\com\sun\jna\jna\3.0.9\jna-3.0.9.jar;E:\apache-maven-3.3.9-bin\rep\org\elasticsearch\client\rest\5.5.3\rest-5.5.3.jar;E:\apache-maven-3.3.9-bin\rep\org\apache\httpcomponents\httpclient\4.5.5\httpclient-4.5.5.jar;E:\apache-maven-3.3.9-bin\rep\org\apache\httpcomponents\httpcore\4.4.9\httpcore-4.4.9.jar;E:\apache-maven-3.3.9-bin\rep\org\apache\httpcomponents\httpasyncclient\4.1.3\httpasyncclient-4.1.3.jar;E:\apache-maven-3.3.9-bin\rep\org\apache\httpcomponents\httpcore-nio\4.4.9\httpcore-nio-4.4.9.jar;E:\apache-maven-3.3.9-bin\rep\commons-logging\commons-logging\1.1.3\commons-logging-1.1.3.jar;E:\apache-maven-3.3.9-bin\rep\org\springframework\data\spring-data-elasticsearch\3.0.10.RELEASE\spring-data-elasticsearch-3.0.10.RELEASE.jar;E:\apache-maven-3.3.9-bin\rep\org\springframework\spring-tx\5.0.6.RELEASE\spring-tx-5.0.6.RELEASE.jar;E:\apache-maven-3.3.9-bin\rep\org\springframework\data\spring-data-commons\2.0.7.RELEASE\spring-data-commons-2.0.7.RELEASE.jar;E:\apache-maven-3.3.9-bin\rep\joda-time\joda-time\2.9.9\joda-time-2.9.9.jar;E:\apache-maven-3.3.9-bin\rep\org\elasticsearch\client\transport\5.6.9\transport-5.6.9.jar;E:\apache-maven-3.3.9-bin\rep\org\elasticsearch\elasticsearch\5.6.9\elasticsearch-5.6.9.jar;E:\apache-maven-3.3.9-bin\rep\org\apache\lucene\lucene-core\6.6.1\lucene-core-6.6.1.jar;E:\apache-maven-3.3.9-bin\rep\org\apache\lucene\lucene-analyzers-common\6.6.1\lucene-analyzers-common-6.6.1.jar;E:\apache-maven-3.3.9-bin\rep\org\apache\lucene\lucene-backward-codecs\6.6.1\lucene-backward-codecs-6.6.1.jar;E:\apache-maven-3.3.9-bin\rep\org\apache\lucene\lucene-grouping\6.6.1\lucene-grouping-6.6.1.jar;E:\apache-maven-3.3.9-bin\rep\org\apache\lucene\lucene-highlighter\6.6.1\lucene-highlighter-6.6.1.jar;E:\apache-maven-3.3.9-bin\rep\org\apache\lucene\lucene-join\6.6.1\lucene-join-6.6.1.jar;E:\apache-maven-3.3.9-bin\rep\org\apache\lucene\lucene-memory\6.6.1\lucene-memory-6.6.1.jar;E:\apache-maven-3.3.9-bin\rep\org\apache\lucene\lucene-misc\6.6.1\lucene-misc-6.6.1.jar;E:\apache-maven-3.3.9-bin\rep\org\apache\lucene\lucene-queries\6.6.1\lucene-queries-6.6.1.jar;E:\apache-maven-3.3.9-bin\rep\org\apache\lucene\lucene-queryparser\6.6.1\lucene-queryparser-6.6.1.jar;E:\apache-maven-3.3.9-bin\rep\org\apache\lucene\lucene-sandbox\6.6.1\lucene-sandbox-6.6.1.jar;E:\apache-maven-3.3.9-bin\rep\org\apache\lucene\lucene-spatial\6.6.1\lucene-spatial-6.6.1.jar;E:\apache-maven-3.3.9-bin\rep\org\apache\lucene\lucene-spatial-extras\6.6.1\lucene-spatial-extras-6.6.1.jar;E:\apache-maven-3.3.9-bin\rep\org\apache\lucene\lucene-spatial3d\6.6.1\lucene-spatial3d-6.6.1.jar;E:\apache-maven-3.3.9-bin\rep\org\apache\lucene\lucene-suggest\6.6.1\lucene-suggest-6.6.1.jar;E:\apache-maven-3.3.9-bin\rep\org\elasticsearch\securesm\1.2\securesm-1.2.jar;E:\apache-maven-3.3.9-bin\rep\net\sf\jopt-simple\jopt-simple\5.0.2\jopt-simple-5.0.2.jar;E:\apache-maven-3.3.9-bin\rep\com\carrotsearch\hppc\0.7.1\hppc-0.7.1.jar;E:\apache-maven-3.3.9-bin\rep\com\fasterxml\jackson\dataformat\jackson-dataformat-smile\2.9.5\jackson-dataformat-smile-2.9.5.jar;E:\apache-maven-3.3.9-bin\rep\com\fasterxml\jackson\dataformat\jackson-dataformat-yaml\2.9.5\jackson-dataformat-yaml-2.9.5.jar;E:\apache-maven-3.3.9-bin\rep\com\fasterxml\jackson\dataformat\jackson-dataformat-cbor\2.9.5\jackson-dataformat-cbor-2.9.5.jar;E:\apache-maven-3.3.9-bin\rep\com\tdunning\t-digest\3.0\t-digest-3.0.jar;E:\apache-maven-3.3.9-bin\rep\org\elasticsearch\plugin\reindex-client\5.6.9\reindex-client-5.6.9.jar;E:\apache-maven-3.3.9-bin\rep\org\elasticsearch\client\elasticsearch-rest-client\5.6.9\elasticsearch-rest-client-5.6.9.jar;E:\apache-maven-3.3.9-bin\rep\org\elasticsearch\plugin\lang-mustache-client\5.6.9\lang-mustache-client-5.6.9.jar;E:\apache-maven-3.3.9-bin\rep\com\github\spullara\mustache\java\compiler\0.9.3\compiler-0.9.3.jar;E:\apache-maven-3.3.9-bin\rep\org\elasticsearch\plugin\percolator-client\5.6.9\percolator-client-5.6.9.jar;E:\apache-maven-3.3.9-bin\rep\org\elasticsearch\plugin\parent-join-client\5.6.9\parent-join-client-5.6.9.jar;E:\apache-maven-3.3.9-bin\rep\org\elasticsearch\plugin\transport-netty4-client\5.6.9\transport-netty4-client-5.6.9.jar;E:\apache-maven-3.3.9-bin\rep\io\netty\netty-buffer\4.1.24.Final\netty-buffer-4.1.24.Final.jar;E:\apache-maven-3.3.9-bin\rep\io\netty\netty-codec\4.1.24.Final\netty-codec-4.1.24.Final.jar;E:\apache-maven-3.3.9-bin\rep\io\netty\netty-codec-http\4.1.24.Final\netty-codec-http-4.1.24.Final.jar;E:\apache-maven-3.3.9-bin\rep\io\netty\netty-resolver\4.1.24.Final\netty-resolver-4.1.24.Final.jar;E:\apache-maven-3.3.9-bin\rep\org\locationtech\spatial4j\spatial4j\0.6\spatial4j-0.6.jar;E:\apache-maven-3.3.9-bin\rep\com\vividsolutions\jts\1.13\jts-1.13.jar;E:\apache-maven-3.3.9-bin\rep\org\apache\logging\log4j\log4j-api\2.10.0\log4j-api-2.10.0.jar;E:\apache-maven-3.3.9-bin\rep\org\apache\logging\log4j\log4j-core\2.10.0\log4j-core-2.10.0.jar;E:\apache-maven-3.3.9-bin\rep\org\elasticsearch\jna\4.4.0-1\jna-4.4.0-1.jar;E:\apache-maven-3.3.9-bin\rep\org\apache\poi\poi-ooxml\4.1.1\poi-ooxml-4.1.1.jar;E:\apache-maven-3.3.9-bin\rep\org\apache\poi\poi-ooxml-schemas\4.1.1\poi-ooxml-schemas-4.1.1.jar;E:\apache-maven-3.3.9-bin\rep\org\apache\xmlbeans\xmlbeans\3.1.0\xmlbeans-3.1.0.jar;E:\apache-maven-3.3.9-bin\rep\org\apache\commons\commons-compress\1.19\commons-compress-1.19.jar;E:\apache-maven-3.3.9-bin\rep\com\github\virtuald\curvesapi\1.06\curvesapi-1.06.jar;E:\apache-maven-3.3.9-bin\rep\net\sourceforge\jexcelapi\jxl\2.6.12\jxl-2.6.12.jar;E:\apache-maven-3.3.9-bin\rep\log4j\log4j\1.2.14\log4j-1.2.14.jar;"/>
    <property name="java.vm.vendor" value="Oracle Corporation"/>
    <property name="sun.arch.data.model" value="64"/>
    <property name="user.variant" value=""/>
    <property name="java.vendor.url" value="http://java.oracle.com/"/>
    <property name="user.timezone" value=""/>
    <property name="java.vm.specification.version" value="1.8"/>
    <property name="os.name" value="Windows 10"/>
    <property name="user.country" value="CN"/>
    <property name="sun.java.launcher" value="SUN_STANDARD"/>
    <property name="sun.boot.library.path" value="E:\jdk8\jre\bin"/>
    <property name="sun.java.command" value="C:\Users\ADMINI~1\AppData\Local\Temp\surefire1148378413359097545\surefirebooter4084647811820857081.jar C:\Users\Administrator\AppData\Local\Temp\surefire1148378413359097545 2019-11-07T10-19-44_612-jvmRun1 surefire9151453487639996573tmp surefire_02404256262989165427tmp"/>
    <property name="surefire.test.class.path" value="C:\Users\Administrator\git\springboot\target\test-classes;C:\Users\Administrator\git\springboot\target\classes;E:\apache-maven-3.3.9-bin\rep\org\springframework\boot\spring-boot-starter-test\2.0.2.RELEASE\spring-boot-starter-test-2.0.2.RELEASE.jar;E:\apache-maven-3.3.9-bin\rep\org\springframework\boot\spring-boot-starter\2.0.2.RELEASE\spring-boot-starter-2.0.2.RELEASE.jar;E:\apache-maven-3.3.9-bin\rep\org\springframework\boot\spring-boot\2.0.2.RELEASE\spring-boot-2.0.2.RELEASE.jar;E:\apache-maven-3.3.9-bin\rep\org\springframework\boot\spring-boot-starter-logging\2.0.2.RELEASE\spring-boot-starter-logging-2.0.2.RELEASE.jar;E:\apache-maven-3.3.9-bin\rep\ch\qos\logback\logback-classic\1.2.3\logback-classic-1.2.3.jar;E:\apache-maven-3.3.9-bin\rep\ch\qos\logback\logback-core\1.2.3\logback-core-1.2.3.jar;E:\apache-maven-3.3.9-bin\rep\org\apache\logging\log4j\log4j-to-slf4j\2.10.0\log4j-to-slf4j-2.10.0.jar;E:\apache-maven-3.3.9-bin\rep\org\slf4j\jul-to-slf4j\1.7.25\jul-to-slf4j-1.7.25.jar;E:\apache-maven-3.3.9-bin\rep\javax\annotation\javax.annotation-api\1.3.2\javax.annotation-api-1.3.2.jar;E:\apache-maven-3.3.9-bin\rep\org\yaml\snakeyaml\1.19\snakeyaml-1.19.jar;E:\apache-maven-3.3.9-bin\rep\org\springframework\boot\spring-boot-test\2.0.2.RELEASE\spring-boot-test-2.0.2.RELEASE.jar;E:\apache-maven-3.3.9-bin\rep\org\springframework\boot\spring-boot-test-autoconfigure\2.0.2.RELEASE\spring-boot-test-autoconfigure-2.0.2.RELEASE.jar;E:\apache-maven-3.3.9-bin\rep\com\jayway\jsonpath\json-path\2.4.0\json-path-2.4.0.jar;E:\apache-maven-3.3.9-bin\rep\net\minidev\json-smart\2.3\json-smart-2.3.jar;E:\apache-maven-3.3.9-bin\rep\net\minidev\accessors-smart\1.2\accessors-smart-1.2.jar;E:\apache-maven-3.3.9-bin\rep\org\ow2\asm\asm\5.0.4\asm-5.0.4.jar;E:\apache-maven-3.3.9-bin\rep\junit\junit\4.12\junit-4.12.jar;E:\apache-maven-3.3.9-bin\rep\org\assertj\assertj-core\3.9.1\assertj-core-3.9.1.jar;E:\apache-maven-3.3.9-bin\rep\org\mockito\mockito-core\2.15.0\mockito-core-2.15.0.jar;E:\apache-maven-3.3.9-bin\rep\net\bytebuddy\byte-buddy\1.7.11\byte-buddy-1.7.11.jar;E:\apache-maven-3.3.9-bin\rep\net\bytebuddy\byte-buddy-agent\1.7.11\byte-buddy-agent-1.7.11.jar;E:\apache-maven-3.3.9-bin\rep\org\objenesis\objenesis\2.6\objenesis-2.6.jar;E:\apache-maven-3.3.9-bin\rep\org\hamcrest\hamcrest-core\1.3\hamcrest-core-1.3.jar;E:\apache-maven-3.3.9-bin\rep\org\hamcrest\hamcrest-library\1.3\hamcrest-library-1.3.jar;E:\apache-maven-3.3.9-bin\rep\org\skyscreamer\jsonassert\1.5.0\jsonassert-1.5.0.jar;E:\apache-maven-3.3.9-bin\rep\com\vaadin\external\google\android-json\0.0.20131108.vaadin1\android-json-0.0.20131108.vaadin1.jar;E:\apache-maven-3.3.9-bin\rep\org\springframework\spring-core\5.0.6.RELEASE\spring-core-5.0.6.RELEASE.jar;E:\apache-maven-3.3.9-bin\rep\org\springframework\spring-jcl\5.0.6.RELEASE\spring-jcl-5.0.6.RELEASE.jar;E:\apache-maven-3.3.9-bin\rep\org\springframework\spring-test\5.0.6.RELEASE\spring-test-5.0.6.RELEASE.jar;E:\apache-maven-3.3.9-bin\rep\org\xmlunit\xmlunit-core\2.5.1\xmlunit-core-2.5.1.jar;E:\apache-maven-3.3.9-bin\rep\org\springframework\boot\spring-boot-starter-aop\2.0.2.RELEASE\spring-boot-starter-aop-2.0.2.RELEASE.jar;E:\apache-maven-3.3.9-bin\rep\org\springframework\spring-aop\5.0.6.RELEASE\spring-aop-5.0.6.RELEASE.jar;E:\apache-maven-3.3.9-bin\rep\org\aspectj\aspectjweaver\1.8.13\aspectjweaver-1.8.13.jar;E:\apache-maven-3.3.9-bin\rep\org\springframework\boot\spring-boot-starter-actuator\2.0.2.RELEASE\spring-boot-starter-actuator-2.0.2.RELEASE.jar;E:\apache-maven-3.3.9-bin\rep\org\springframework\boot\spring-boot-actuator-autoconfigure\2.0.2.RELEASE\spring-boot-actuator-autoconfigure-2.0.2.RELEASE.jar;E:\apache-maven-3.3.9-bin\rep\org\springframework\boot\spring-boot-actuator\2.0.2.RELEASE\spring-boot-actuator-2.0.2.RELEASE.jar;E:\apache-maven-3.3.9-bin\rep\com\fasterxml\jackson\datatype\jackson-datatype-jsr310\2.9.5\jackson-datatype-jsr310-2.9.5.jar;E:\apache-maven-3.3.9-bin\rep\io\micrometer\micrometer-core\1.0.4\micrometer-core-1.0.4.jar;E:\apache-maven-3.3.9-bin\rep\org\hdrhistogram\HdrHistogram\2.1.10\HdrHistogram-2.1.10.jar;E:\apache-maven-3.3.9-bin\rep\org\latencyutils\LatencyUtils\2.0.3\LatencyUtils-2.0.3.jar;E:\apache-maven-3.3.9-bin\rep\com\google\guava\guava\23.0\guava-23.0.jar;E:\apache-maven-3.3.9-bin\rep\com\google\code\findbugs\jsr305\1.3.9\jsr305-1.3.9.jar;E:\apache-maven-3.3.9-bin\rep\com\google\errorprone\error_prone_annotations\2.0.18\error_prone_annotations-2.0.18.jar;E:\apache-maven-3.3.9-bin\rep\com\google\j2objc\j2objc-annotations\1.1\j2objc-annotations-1.1.jar;E:\apache-maven-3.3.9-bin\rep\org\codehaus\mojo\animal-sniffer-annotations\1.14\animal-sniffer-annotations-1.14.jar;E:\apache-maven-3.3.9-bin\rep\org\apache\commons\commons-lang3\3.7\commons-lang3-3.7.jar;E:\apache-maven-3.3.9-bin\rep\com\fasterxml\jackson\core\jackson-databind\2.9.5\jackson-databind-2.9.5.jar;E:\apache-maven-3.3.9-bin\rep\com\fasterxml\jackson\core\jackson-core\2.9.5\jackson-core-2.9.5.jar;E:\apache-maven-3.3.9-bin\rep\com\fasterxml\jackson\core\jackson-annotations\2.9.0\jackson-annotations-2.9.0.jar;E:\apache-maven-3.3.9-bin\rep\commons-codec\commons-codec\1.11\commons-codec-1.11.jar;E:\apache-maven-3.3.9-bin\rep\com\alibaba\fastjson\1.2.40\fastjson-1.2.40.jar;E:\apache-maven-3.3.9-bin\rep\org\springframework\boot\spring-boot-starter-web\2.0.2.RELEASE\spring-boot-starter-web-2.0.2.RELEASE.jar;E:\apache-maven-3.3.9-bin\rep\org\springframework\boot\spring-boot-starter-json\2.0.2.RELEASE\spring-boot-starter-json-2.0.2.RELEASE.jar;E:\apache-maven-3.3.9-bin\rep\com\fasterxml\jackson\datatype\jackson-datatype-jdk8\2.9.5\jackson-datatype-jdk8-2.9.5.jar;E:\apache-maven-3.3.9-bin\rep\com\fasterxml\jackson\module\jackson-module-parameter-names\2.9.5\jackson-module-parameter-names-2.9.5.jar;E:\apache-maven-3.3.9-bin\rep\org\springframework\boot\spring-boot-starter-tomcat\2.0.2.RELEASE\spring-boot-starter-tomcat-2.0.2.RELEASE.jar;E:\apache-maven-3.3.9-bin\rep\org\apache\tomcat\embed\tomcat-embed-core\8.5.31\tomcat-embed-core-8.5.31.jar;E:\apache-maven-3.3.9-bin\rep\org\apache\tomcat\embed\tomcat-embed-el\8.5.31\tomcat-embed-el-8.5.31.jar;E:\apache-maven-3.3.9-bin\rep\org\apache\tomcat\embed\tomcat-embed-websocket\8.5.31\tomcat-embed-websocket-8.5.31.jar;E:\apache-maven-3.3.9-bin\rep\org\hibernate\validator\hibernate-validator\6.0.9.Final\hibernate-validator-6.0.9.Final.jar;E:\apache-maven-3.3.9-bin\rep\javax\validation\validation-api\2.0.1.Final\validation-api-2.0.1.Final.jar;E:\apache-maven-3.3.9-bin\rep\org\jboss\logging\jboss-logging\3.3.2.Final\jboss-logging-3.3.2.Final.jar;E:\apache-maven-3.3.9-bin\rep\org\springframework\spring-web\5.0.6.RELEASE\spring-web-5.0.6.RELEASE.jar;E:\apache-maven-3.3.9-bin\rep\org\springframework\spring-webmvc\5.0.6.RELEASE\spring-webmvc-5.0.6.RELEASE.jar;E:\apache-maven-3.3.9-bin\rep\org\springframework\spring-expression\5.0.6.RELEASE\spring-expression-5.0.6.RELEASE.jar;E:\apache-maven-3.3.9-bin\rep\org\springframework\boot\spring-boot-starter-security\2.0.2.RELEASE\spring-boot-starter-security-2.0.2.RELEASE.jar;E:\apache-maven-3.3.9-bin\rep\org\springframework\security\spring-security-config\5.0.5.RELEASE\spring-security-config-5.0.5.RELEASE.jar;E:\apache-maven-3.3.9-bin\rep\org\springframework\security\spring-security-core\5.0.5.RELEASE\spring-security-core-5.0.5.RELEASE.jar;E:\apache-maven-3.3.9-bin\rep\org\springframework\security\spring-security-web\5.0.5.RELEASE\spring-security-web-5.0.5.RELEASE.jar;E:\apache-maven-3.3.9-bin\rep\org\mybatis\spring\boot\mybatis-spring-boot-starter\1.3.2\mybatis-spring-boot-starter-1.3.2.jar;E:\apache-maven-3.3.9-bin\rep\org\springframework\boot\spring-boot-starter-jdbc\2.0.2.RELEASE\spring-boot-starter-jdbc-2.0.2.RELEASE.jar;E:\apache-maven-3.3.9-bin\rep\com\zaxxer\HikariCP\2.7.9\HikariCP-2.7.9.jar;E:\apache-maven-3.3.9-bin\rep\org\springframework\spring-jdbc\5.0.6.RELEASE\spring-jdbc-5.0.6.RELEASE.jar;E:\apache-maven-3.3.9-bin\rep\org\mybatis\spring\boot\mybatis-spring-boot-autoconfigure\1.3.2\mybatis-spring-boot-autoconfigure-1.3.2.jar;E:\apache-maven-3.3.9-bin\rep\org\mybatis\mybatis\3.4.6\mybatis-3.4.6.jar;E:\apache-maven-3.3.9-bin\rep\org\mybatis\mybatis-spring\1.3.2\mybatis-spring-1.3.2.jar;E:\apache-maven-3.3.9-bin\rep\mysql\mysql-connector-java\5.1.46\mysql-connector-java-5.1.46.jar;E:\apache-maven-3.3.9-bin\rep\com\alibaba\druid-spring-boot-starter\1.1.9\druid-spring-boot-starter-1.1.9.jar;E:\apache-maven-3.3.9-bin\rep\com\alibaba\druid\1.1.9\druid-1.1.9.jar;E:\apache-maven-3.3.9-bin\rep\org\slf4j\slf4j-api\1.7.25\slf4j-api-1.7.25.jar;E:\apache-maven-3.3.9-bin\rep\org\springframework\boot\spring-boot-autoconfigure\2.0.2.RELEASE\spring-boot-autoconfigure-2.0.2.RELEASE.jar;E:\apache-maven-3.3.9-bin\rep\io\springfox\springfox-swagger2\2.8.0\springfox-swagger2-2.8.0.jar;E:\apache-maven-3.3.9-bin\rep\io\swagger\swagger-annotations\1.5.14\swagger-annotations-1.5.14.jar;E:\apache-maven-3.3.9-bin\rep\io\swagger\swagger-models\1.5.14\swagger-models-1.5.14.jar;E:\apache-maven-3.3.9-bin\rep\io\springfox\springfox-spi\2.8.0\springfox-spi-2.8.0.jar;E:\apache-maven-3.3.9-bin\rep\io\springfox\springfox-core\2.8.0\springfox-core-2.8.0.jar;E:\apache-maven-3.3.9-bin\rep\io\springfox\springfox-schema\2.8.0\springfox-schema-2.8.0.jar;E:\apache-maven-3.3.9-bin\rep\io\springfox\springfox-swagger-common\2.8.0\springfox-swagger-common-2.8.0.jar;E:\apache-maven-3.3.9-bin\rep\io\springfox\springfox-spring-web\2.8.0\springfox-spring-web-2.8.0.jar;E:\apache-maven-3.3.9-bin\rep\org\reflections\reflections\0.9.11\reflections-0.9.11.jar;E:\apache-maven-3.3.9-bin\rep\org\javassist\javassist\3.21.0-GA\javassist-3.21.0-GA.jar;E:\apache-maven-3.3.9-bin\rep\com\fasterxml\classmate\1.3.4\classmate-1.3.4.jar;E:\apache-maven-3.3.9-bin\rep\org\springframework\plugin\spring-plugin-core\1.2.0.RELEASE\spring-plugin-core-1.2.0.RELEASE.jar;E:\apache-maven-3.3.9-bin\rep\org\springframework\plugin\spring-plugin-metadata\1.2.0.RELEASE\spring-plugin-metadata-1.2.0.RELEASE.jar;E:\apache-maven-3.3.9-bin\rep\org\mapstruct\mapstruct\1.2.0.Final\mapstruct-1.2.0.Final.jar;E:\apache-maven-3.3.9-bin\rep\io\springfox\springfox-bean-validators\2.8.0\springfox-bean-validators-2.8.0.jar;E:\apache-maven-3.3.9-bin\rep\io\springfox\springfox-swagger-ui\2.8.0\springfox-swagger-ui-2.8.0.jar;E:\apache-maven-3.3.9-bin\rep\org\springframework\boot\spring-boot-starter-mail\2.0.2.RELEASE\spring-boot-starter-mail-2.0.2.RELEASE.jar;E:\apache-maven-3.3.9-bin\rep\org\springframework\spring-context\5.0.6.RELEASE\spring-context-5.0.6.RELEASE.jar;E:\apache-maven-3.3.9-bin\rep\com\sun\mail\javax.mail\1.6.1\javax.mail-1.6.1.jar;E:\apache-maven-3.3.9-bin\rep\javax\activation\activation\1.1\activation-1.1.jar;E:\apache-maven-3.3.9-bin\rep\org\springframework\boot\spring-boot-starter-data-redis\2.0.2.RELEASE\spring-boot-starter-data-redis-2.0.2.RELEASE.jar;E:\apache-maven-3.3.9-bin\rep\org\springframework\data\spring-data-redis\2.0.7.RELEASE\spring-data-redis-2.0.7.RELEASE.jar;E:\apache-maven-3.3.9-bin\rep\org\springframework\data\spring-data-keyvalue\2.0.7.RELEASE\spring-data-keyvalue-2.0.7.RELEASE.jar;E:\apache-maven-3.3.9-bin\rep\org\springframework\spring-oxm\5.0.6.RELEASE\spring-oxm-5.0.6.RELEASE.jar;E:\apache-maven-3.3.9-bin\rep\io\lettuce\lettuce-core\5.0.4.RELEASE\lettuce-core-5.0.4.RELEASE.jar;E:\apache-maven-3.3.9-bin\rep\io\projectreactor\reactor-core\3.1.7.RELEASE\reactor-core-3.1.7.RELEASE.jar;E:\apache-maven-3.3.9-bin\rep\org\reactivestreams\reactive-streams\1.0.2\reactive-streams-1.0.2.jar;E:\apache-maven-3.3.9-bin\rep\io\netty\netty-common\4.1.24.Final\netty-common-4.1.24.Final.jar;E:\apache-maven-3.3.9-bin\rep\io\netty\netty-transport\4.1.24.Final\netty-transport-4.1.24.Final.jar;E:\apache-maven-3.3.9-bin\rep\io\netty\netty-handler\4.1.24.Final\netty-handler-4.1.24.Final.jar;E:\apache-maven-3.3.9-bin\rep\org\quartz-scheduler\quartz\2.3.0\quartz-2.3.0.jar;E:\apache-maven-3.3.9-bin\rep\com\mchange\mchange-commons-java\0.2.11\mchange-commons-java-0.2.11.jar;E:\apache-maven-3.3.9-bin\rep\org\springframework\spring-context-support\5.0.6.RELEASE\spring-context-support-5.0.6.RELEASE.jar;E:\apache-maven-3.3.9-bin\rep\org\springframework\spring-beans\5.0.6.RELEASE\spring-beans-5.0.6.RELEASE.jar;E:\apache-maven-3.3.9-bin\rep\org\apache\poi\poi\4.1.1\poi-4.1.1.jar;E:\apache-maven-3.3.9-bin\rep\org\apache\commons\commons-collections4\4.4\commons-collections4-4.4.jar;E:\apache-maven-3.3.9-bin\rep\org\apache\commons\commons-math3\3.6.1\commons-math3-3.6.1.jar;E:\apache-maven-3.3.9-bin\rep\io\jsonwebtoken\jjwt\0.9.0\jjwt-0.9.0.jar;E:\apache-maven-3.3.9-bin\rep\org\apache\commons\commons-pool2\2.5.0\commons-pool2-2.5.0.jar;E:\apache-maven-3.3.9-bin\rep\redis\clients\jedis\2.6.2\jedis-2.6.2.jar;E:\apache-maven-3.3.9-bin\rep\com\sun\jna\jna\3.0.9\jna-3.0.9.jar;E:\apache-maven-3.3.9-bin\rep\org\elasticsearch\client\rest\5.5.3\rest-5.5.3.jar;E:\apache-maven-3.3.9-bin\rep\org\apache\httpcomponents\httpclient\4.5.5\httpclient-4.5.5.jar;E:\apache-maven-3.3.9-bin\rep\org\apache\httpcomponents\httpcore\4.4.9\httpcore-4.4.9.jar;E:\apache-maven-3.3.9-bin\rep\org\apache\httpcomponents\httpasyncclient\4.1.3\httpasyncclient-4.1.3.jar;E:\apache-maven-3.3.9-bin\rep\org\apache\httpcomponents\httpcore-nio\4.4.9\httpcore-nio-4.4.9.jar;E:\apache-maven-3.3.9-bin\rep\commons-logging\commons-logging\1.1.3\commons-logging-1.1.3.jar;E:\apache-maven-3.3.9-bin\rep\org\springframework\data\spring-data-elasticsearch\3.0.10.RELEASE\spring-data-elasticsearch-3.0.10.RELEASE.jar;E:\apache-maven-3.3.9-bin\rep\org\springframework\spring-tx\5.0.6.RELEASE\spring-tx-5.0.6.RELEASE.jar;E:\apache-maven-3.3.9-bin\rep\org\springframework\data\spring-data-commons\2.0.7.RELEASE\spring-data-commons-2.0.7.RELEASE.jar;E:\apache-maven-3.3.9-bin\rep\joda-time\joda-time\2.9.9\joda-time-2.9.9.jar;E:\apache-maven-3.3.9-bin\rep\org\elasticsearch\client\transport\5.6.9\transport-5.6.9.jar;E:\apache-maven-3.3.9-bin\rep\org\elasticsearch\elasticsearch\5.6.9\elasticsearch-5.6.9.jar;E:\apache-maven-3.3.9-bin\rep\org\apache\lucene\lucene-core\6.6.1\lucene-core-6.6.1.jar;E:\apache-maven-3.3.9-bin\rep\org\apache\lucene\lucene-analyzers-common\6.6.1\lucene-analyzers-common-6.6.1.jar;E:\apache-maven-3.3.9-bin\rep\org\apache\lucene\lucene-backward-codecs\6.6.1\lucene-backward-codecs-6.6.1.jar;E:\apache-maven-3.3.9-bin\rep\org\apache\lucene\lucene-grouping\6.6.1\lucene-grouping-6.6.1.jar;E:\apache-maven-3.3.9-bin\rep\org\apache\lucene\lucene-highlighter\6.6.1\lucene-highlighter-6.6.1.jar;E:\apache-maven-3.3.9-bin\rep\org\apache\lucene\lucene-join\6.6.1\lucene-join-6.6.1.jar;E:\apache-maven-3.3.9-bin\rep\org\apache\lucene\lucene-memory\6.6.1\lucene-memory-6.6.1.jar;E:\apache-maven-3.3.9-bin\rep\org\apache\lucene\lucene-misc\6.6.1\lucene-misc-6.6.1.jar;E:\apache-maven-3.3.9-bin\rep\org\apache\lucene\lucene-queries\6.6.1\lucene-queries-6.6.1.jar;E:\apache-maven-3.3.9-bin\rep\org\apache\lucene\lucene-queryparser\6.6.1\lucene-queryparser-6.6.1.jar;E:\apache-maven-3.3.9-bin\rep\org\apache\lucene\lucene-sandbox\6.6.1\lucene-sandbox-6.6.1.jar;E:\apache-maven-3.3.9-bin\rep\org\apache\lucene\lucene-spatial\6.6.1\lucene-spatial-6.6.1.jar;E:\apache-maven-3.3.9-bin\rep\org\apache\lucene\lucene-spatial-extras\6.6.1\lucene-spatial-extras-6.6.1.jar;E:\apache-maven-3.3.9-bin\rep\org\apache\lucene\lucene-spatial3d\6.6.1\lucene-spatial3d-6.6.1.jar;E:\apache-maven-3.3.9-bin\rep\org\apache\lucene\lucene-suggest\6.6.1\lucene-suggest-6.6.1.jar;E:\apache-maven-3.3.9-bin\rep\org\elasticsearch\securesm\1.2\securesm-1.2.jar;E:\apache-maven-3.3.9-bin\rep\net\sf\jopt-simple\jopt-simple\5.0.2\jopt-simple-5.0.2.jar;E:\apache-maven-3.3.9-bin\rep\com\carrotsearch\hppc\0.7.1\hppc-0.7.1.jar;E:\apache-maven-3.3.9-bin\rep\com\fasterxml\jackson\dataformat\jackson-dataformat-smile\2.9.5\jackson-dataformat-smile-2.9.5.jar;E:\apache-maven-3.3.9-bin\rep\com\fasterxml\jackson\dataformat\jackson-dataformat-yaml\2.9.5\jackson-dataformat-yaml-2.9.5.jar;E:\apache-maven-3.3.9-bin\rep\com\fasterxml\jackson\dataformat\jackson-dataformat-cbor\2.9.5\jackson-dataformat-cbor-2.9.5.jar;E:\apache-maven-3.3.9-bin\rep\com\tdunning\t-digest\3.0\t-digest-3.0.jar;E:\apache-maven-3.3.9-bin\rep\org\elasticsearch\plugin\reindex-client\5.6.9\reindex-client-5.6.9.jar;E:\apache-maven-3.3.9-bin\rep\org\elasticsearch\client\elasticsearch-rest-client\5.6.9\elasticsearch-rest-client-5.6.9.jar;E:\apache-maven-3.3.9-bin\rep\org\elasticsearch\plugin\lang-mustache-client\5.6.9\lang-mustache-client-5.6.9.jar;E:\apache-maven-3.3.9-bin\rep\com\github\spullara\mustache\java\compiler\0.9.3\compiler-0.9.3.jar;E:\apache-maven-3.3.9-bin\rep\org\elasticsearch\plugin\percolator-client\5.6.9\percolator-client-5.6.9.jar;E:\apache-maven-3.3.9-bin\rep\org\elasticsearch\plugin\parent-join-client\5.6.9\parent-join-client-5.6.9.jar;E:\apache-maven-3.3.9-bin\rep\org\elasticsearch\plugin\transport-netty4-client\5.6.9\transport-netty4-client-5.6.9.jar;E:\apache-maven-3.3.9-bin\rep\io\netty\netty-buffer\4.1.24.Final\netty-buffer-4.1.24.Final.jar;E:\apache-maven-3.3.9-bin\rep\io\netty\netty-codec\4.1.24.Final\netty-codec-4.1.24.Final.jar;E:\apache-maven-3.3.9-bin\rep\io\netty\netty-codec-http\4.1.24.Final\netty-codec-http-4.1.24.Final.jar;E:\apache-maven-3.3.9-bin\rep\io\netty\netty-resolver\4.1.24.Final\netty-resolver-4.1.24.Final.jar;E:\apache-maven-3.3.9-bin\rep\org\locationtech\spatial4j\spatial4j\0.6\spatial4j-0.6.jar;E:\apache-maven-3.3.9-bin\rep\com\vividsolutions\jts\1.13\jts-1.13.jar;E:\apache-maven-3.3.9-bin\rep\org\apache\logging\log4j\log4j-api\2.10.0\log4j-api-2.10.0.jar;E:\apache-maven-3.3.9-bin\rep\org\apache\logging\log4j\log4j-core\2.10.0\log4j-core-2.10.0.jar;E:\apache-maven-3.3.9-bin\rep\org\elasticsearch\jna\4.4.0-1\jna-4.4.0-1.jar;E:\apache-maven-3.3.9-bin\rep\org\apache\poi\poi-ooxml\4.1.1\poi-ooxml-4.1.1.jar;E:\apache-maven-3.3.9-bin\rep\org\apache\poi\poi-ooxml-schemas\4.1.1\poi-ooxml-schemas-4.1.1.jar;E:\apache-maven-3.3.9-bin\rep\org\apache\xmlbeans\xmlbeans\3.1.0\xmlbeans-3.1.0.jar;E:\apache-maven-3.3.9-bin\rep\org\apache\commons\commons-compress\1.19\commons-compress-1.19.jar;E:\apache-maven-3.3.9-bin\rep\com\github\virtuald\curvesapi\1.06\curvesapi-1.06.jar;E:\apache-maven-3.3.9-bin\rep\net\sourceforge\jexcelapi\jxl\2.6.12\jxl-2.6.12.jar;E:\apache-maven-3.3.9-bin\rep\log4j\log4j\1.2.14\log4j-1.2.14.jar;"/>
    <property name="sun.cpu.endian" value="little"/>
    <property name="user.home" value="C:\Users\Administrator"/>
    <property name="user.language" value="zh"/>
    <property name="java.specification.vendor" value="Oracle Corporation"/>
    <property name="java.home" value="E:\jdk8\jre"/>
    <property name="basedir" value="C:\Users\Administrator\git\springboot"/>
    <property name="file.separator" value="\"/>
    <property name="line.separator" value="&#10;"/>
    <property name="java.vm.specification.vendor" value="Oracle Corporation"/>
    <property name="java.specification.name" value="Java Platform API Specification"/>
    <property name="java.awt.graphicsenv" value="sun.awt.Win32GraphicsEnvironment"/>
    <property name="surefire.real.class.path" value="C:\Users\ADMINI~1\AppData\Local\Temp\surefire1148378413359097545\surefirebooter4084647811820857081.jar"/>
    <property name="sun.boot.class.path" value="E:\jdk8\jre\lib\resources.jar;E:\jdk8\jre\lib\rt.jar;E:\jdk8\jre\lib\sunrsasign.jar;E:\jdk8\jre\lib\jsse.jar;E:\jdk8\jre\lib\jce.jar;E:\jdk8\jre\lib\charsets.jar;E:\jdk8\jre\lib\jfr.jar;E:\jdk8\jre\classes"/>
    <property name="user.script" value=""/>
    <property name="sun.management.compiler" value="HotSpot 64-Bit Tiered Compilers"/>
    <property name="java.runtime.version" value="1.8.0_191-b12"/>
    <property name="user.name" value="Administrator"/>
    <property name="path.separator" value=";"/>
    <property name="os.version" value="10.0"/>
    <property name="java.endorsed.dirs" value="E:\jdk8\jre\lib\endorsed"/>
    <property name="java.runtime.name" value="Java(TM) SE Runtime Environment"/>
    <property name="file.encoding" value="GBK"/>
    <property name="java.vm.name" value="Java HotSpot(TM) 64-Bit Server VM"/>
    <property name="localRepository" value="E:\apache-maven-3.3.9-bin\rep"/>
    <property name="java.vendor.url.bug" value="http://bugreport.sun.com/bugreport/"/>
    <property name="java.io.tmpdir" value="C:\Users\ADMINI~1\AppData\Local\Temp\"/>
    <property name="java.version" value="1.8.0_191"/>
    <property name="user.dir" value="C:\Users\Administrator\git\springboot"/>
    <property name="os.arch" value="amd64"/>
    <property name="java.vm.specification.name" value="Java Virtual Machine Specification"/>
    <property name="java.awt.printerjob" value="sun.awt.windows.WPrinterJob"/>
    <property name="sun.os.patch.level" value=""/>
    <property name="java.library.path" value="E:\jdk8\jre\bin;C:\WINDOWS\Sun\Java\bin;C:\WINDOWS\system32;C:\WINDOWS;E:/jdk8/bin/../jre/bin/server;E:/jdk8/bin/../jre/bin;E:/jdk8/bin/../jre/lib/amd64;E:\java\xshell\;C:\WINDOWS\system32;C:\WINDOWS;C:\WINDOWS\System32\Wbem;C:\WINDOWS\System32\WindowsPowerShell\v1.0\;E:\jdk8\bin;C:\WINDOWS\System32\OpenSSH\;C:\Users\Administrator\AppData\Local\Microsoft\WindowsApps;;C:\WINDOWS\System32;;."/>
    <property name="java.vm.info" value="mixed mode"/>
    <property name="java.vendor" value="Oracle Corporation"/>
    <property name="java.vm.version" value="25.191-b12"/>
    <property name="java.ext.dirs" value="E:\jdk8\jre\lib\ext;C:\WINDOWS\Sun\Java\lib\ext"/>
    <property name="sun.io.unicode.encoding" value="UnicodeLittle"/>
    <property name="java.class.version" value="52.0"/>
  </properties>
  <testcase name="password" classname="com.boot.security.server.SecurityApplicationTest" time="0.31"/>
</testsuite>